2025-06-14 14:30:24,416 -----------------------------------------------------------------------------------------
2025-06-14 14:30:24,416 探索中: units_1_3=22, units_2=10, 試行回数=1, seed値 = 50
2025-06-14 14:34:46,455 Epoch 1000: 平均誤差 = 0.006199, 最大誤差 = 0.028179
2025-06-14 14:39:10,272 Epoch 2000: 平均誤差 = 0.005796, 最大誤差 = 0.028368
2025-06-14 14:43:38,029 Epoch 3000: 平均誤差 = 0.004035, 最大誤差 = 0.016478
2025-06-14 14:48:05,336 Epoch 4000: 平均誤差 = 0.003711, 最大誤差 = 0.014418
2025-06-14 14:52:37,333 Epoch 5000: 平均誤差 = 0.003724, 最大誤差 = 0.013946
2025-06-14 14:57:05,040 Epoch 6000: 平均誤差 = 0.003828, 最大誤差 = 0.013661
2025-06-14 15:01:31,957 Epoch 7000: 平均誤差 = 0.004208, 最大誤差 = 0.013170
2025-06-14 15:06:01,054 Epoch 8000: 平均誤差 = 0.002340, 最大誤差 = 0.010628
2025-06-14 15:10:28,624 Epoch 9000: 平均誤差 = 0.002607, 最大誤差 = 0.007239
2025-06-14 15:14:58,443 Epoch 10000: 平均誤差 = 0.002243, 最大誤差 = 0.006668
2025-06-14 15:19:26,417 Epoch 11000: 平均誤差 = 0.001702, 最大誤差 = 0.007070
2025-06-14 15:23:54,102 Epoch 12000: 平均誤差 = 0.001624, 最大誤差 = 0.006648
2025-06-14 15:28:23,147 Epoch 13000: 平均誤差 = 0.002020, 最大誤差 = 0.005909
2025-06-14 15:32:53,636 Epoch 14000: 平均誤差 = 0.002189, 最大誤差 = 0.006213
2025-06-14 15:37:21,255 Epoch 15000: 平均誤差 = 0.001831, 最大誤差 = 0.005795
2025-06-14 15:41:49,110 Epoch 16000: 平均誤差 = 0.002188, 最大誤差 = 0.005841
2025-06-14 15:46:16,783 Epoch 17000: 平均誤差 = 0.001104, 最大誤差 = 0.005856
2025-06-14 15:50:46,750 Epoch 18000: 平均誤差 = 0.002033, 最大誤差 = 0.006397
2025-06-14 15:55:14,081 Epoch 19000: 平均誤差 = 0.001808, 最大誤差 = 0.006752
2025-06-14 15:59:42,736 Epoch 20000: 平均誤差 = 0.002073, 最大誤差 = 0.006626
2025-06-14 16:04:11,353 Epoch 21000: 平均誤差 = 0.001520, 最大誤差 = 0.006149
2025-06-14 16:08:39,322 Epoch 22000: 平均誤差 = 0.001742, 最大誤差 = 0.006512
2025-06-14 16:13:07,379 Epoch 23000: 平均誤差 = 0.001308, 最大誤差 = 0.005802
2025-06-14 16:17:35,156 Epoch 24000: 平均誤差 = 0.001717, 最大誤差 = 0.006084
2025-06-14 16:22:01,962 Epoch 25000: 平均誤差 = 0.001560, 最大誤差 = 0.005847
2025-06-14 16:26:29,439 Epoch 26000: 平均誤差 = 0.001320, 最大誤差 = 0.005717
2025-06-14 16:30:59,831 Epoch 27000: 平均誤差 = 0.001128, 最大誤差 = 0.005768
2025-06-14 16:35:30,191 Epoch 28000: 平均誤差 = 0.001472, 最大誤差 = 0.005819
2025-06-14 16:39:58,620 Epoch 29000: 平均誤差 = 0.001487, 最大誤差 = 0.006749
2025-06-14 16:44:26,276 Epoch 30000: 平均誤差 = 0.001443, 最大誤差 = 0.006431
2025-06-14 16:48:56,259 Epoch 31000: 平均誤差 = 0.001632, 最大誤差 = 0.006807
2025-06-14 16:53:22,821 Epoch 32000: 平均誤差 = 0.001368, 最大誤差 = 0.006568
2025-06-14 16:57:52,828 Epoch 33000: 平均誤差 = 0.001417, 最大誤差 = 0.006773
2025-06-14 17:02:21,835 Epoch 34000: 平均誤差 = 0.001622, 最大誤差 = 0.006974
2025-06-14 17:06:49,372 Epoch 35000: 平均誤差 = 0.001542, 最大誤差 = 0.006037
2025-06-14 17:11:16,689 Epoch 36000: 平均誤差 = 0.002205, 最大誤差 = 0.007687
2025-06-14 17:15:44,282 Epoch 37000: 平均誤差 = 0.001278, 最大誤差 = 0.005975
2025-06-14 17:20:11,798 Epoch 38000: 平均誤差 = 0.002074, 最大誤差 = 0.006263
2025-06-14 17:24:39,537 Epoch 39000: 平均誤差 = 0.001655, 最大誤差 = 0.006239
2025-06-14 17:29:06,817 Epoch 40000: 平均誤差 = 0.000930, 最大誤差 = 0.006324
2025-06-14 17:33:37,561 Epoch 41000: 平均誤差 = 0.001186, 最大誤差 = 0.006361
2025-06-14 17:38:05,966 Epoch 42000: 平均誤差 = 0.000953, 最大誤差 = 0.006441
2025-06-14 17:42:33,393 Epoch 43000: 平均誤差 = 0.000897, 最大誤差 = 0.006073
2025-06-14 17:47:07,915 Epoch 44000: 平均誤差 = 0.001313, 最大誤差 = 0.005895
2025-06-14 17:51:31,512 Epoch 45000: 平均誤差 = 0.001465, 最大誤差 = 0.006813
2025-06-14 17:55:53,749 Epoch 46000: 平均誤差 = 0.001365, 最大誤差 = 0.006311
2025-06-14 18:00:17,156 Epoch 47000: 平均誤差 = 0.001227, 最大誤差 = 0.006293
2025-06-14 18:04:39,143 Epoch 48000: 平均誤差 = 0.001833, 最大誤差 = 0.006769
2025-06-14 18:09:05,050 Epoch 49000: 平均誤差 = 0.001444, 最大誤差 = 0.005862
2025-06-14 18:13:26,937 Epoch 50000: 平均誤差 = 0.001854, 最大誤差 = 0.006892
2025-06-14 18:17:47,634 Epoch 51000: 平均誤差 = 0.001003, 最大誤差 = 0.005927
2025-06-14 18:22:10,692 Epoch 52000: 平均誤差 = 0.001207, 最大誤差 = 0.005661
2025-06-14 18:26:34,788 Epoch 53000: 平均誤差 = 0.001060, 最大誤差 = 0.006031
2025-06-14 18:30:58,345 Epoch 54000: 平均誤差 = 0.001520, 最大誤差 = 0.006336
2025-06-14 18:35:23,233 Epoch 55000: 平均誤差 = 0.000917, 最大誤差 = 0.005501
2025-06-14 18:39:47,873 Epoch 56000: 平均誤差 = 0.000839, 最大誤差 = 0.005947
2025-06-14 18:44:20,076 Epoch 57000: 平均誤差 = 0.001236, 最大誤差 = 0.006046
2025-06-14 18:48:48,164 Epoch 58000: 平均誤差 = 0.001397, 最大誤差 = 0.005354
2025-06-14 18:53:14,978 Epoch 59000: 平均誤差 = 0.000849, 最大誤差 = 0.005445
2025-06-14 18:57:41,889 Epoch 60000: 平均誤差 = 0.001038, 最大誤差 = 0.005460
2025-06-14 19:02:13,880 Epoch 61000: 平均誤差 = 0.000790, 最大誤差 = 0.004807
2025-06-14 19:06:44,282 Epoch 62000: 平均誤差 = 0.001046, 最大誤差 = 0.005565
2025-06-14 19:11:12,610 Epoch 63000: 平均誤差 = 0.001169, 最大誤差 = 0.004938
2025-06-14 19:15:38,721 Epoch 64000: 平均誤差 = 0.000797, 最大誤差 = 0.004730
2025-06-14 19:20:04,873 Epoch 65000: 平均誤差 = 0.001099, 最大誤差 = 0.005493
2025-06-14 19:24:31,680 Epoch 66000: 平均誤差 = 0.001199, 最大誤差 = 0.005218
2025-06-14 19:28:59,358 Epoch 67000: 平均誤差 = 0.000862, 最大誤差 = 0.004733
2025-06-14 19:33:31,936 Epoch 68000: 平均誤差 = 0.000871, 最大誤差 = 0.004561
2025-06-14 19:37:59,429 Epoch 69000: 平均誤差 = 0.001318, 最大誤差 = 0.005180
2025-06-14 19:42:31,368 Epoch 70000: 平均誤差 = 0.000902, 最大誤差 = 0.004665
2025-06-14 19:47:02,145 Epoch 71000: 平均誤差 = 0.000711, 最大誤差 = 0.004712
2025-06-14 19:51:29,513 Epoch 72000: 平均誤差 = 0.000605, 最大誤差 = 0.004672
2025-06-14 19:55:58,289 Epoch 73000: 平均誤差 = 0.000777, 最大誤差 = 0.005161
2025-06-14 20:00:28,853 Epoch 74000: 平均誤差 = 0.001157, 最大誤差 = 0.005288
2025-06-14 20:04:56,871 Epoch 75000: 平均誤差 = 0.000662, 最大誤差 = 0.004527
2025-06-14 20:09:24,790 Epoch 76000: 平均誤差 = 0.000842, 最大誤差 = 0.004398
2025-06-14 20:13:52,017 Epoch 77000: 平均誤差 = 0.000648, 最大誤差 = 0.004221
2025-06-14 20:18:19,104 Epoch 78000: 平均誤差 = 0.000638, 最大誤差 = 0.004541
2025-06-14 20:22:47,171 Epoch 79000: 平均誤差 = 0.000596, 最大誤差 = 0.004272
2025-06-14 20:27:18,648 Epoch 80000: 平均誤差 = 0.000660, 最大誤差 = 0.004256
2025-06-14 20:31:48,165 Epoch 81000: 平均誤差 = 0.001053, 最大誤差 = 0.004560
2025-06-14 20:36:16,062 Epoch 82000: 平均誤差 = 0.000782, 最大誤差 = 0.004485
2025-06-14 20:41:14,488 Epoch 83000: 平均誤差 = 0.000687, 最大誤差 = 0.004006
2025-06-14 20:46:00,815 Epoch 84000: 平均誤差 = 0.000766, 最大誤差 = 0.004320
2025-06-14 20:50:28,277 Epoch 85000: 平均誤差 = 0.000723, 最大誤差 = 0.003997
2025-06-14 20:54:55,689 Epoch 86000: 平均誤差 = 0.000742, 最大誤差 = 0.003963
2025-06-14 20:59:22,850 Epoch 87000: 平均誤差 = 0.001000, 最大誤差 = 0.004465
2025-06-14 21:03:53,274 Epoch 88000: 平均誤差 = 0.000534, 最大誤差 = 0.003864
2025-06-14 21:08:19,725 Epoch 89000: 平均誤差 = 0.000989, 最大誤差 = 0.003922
2025-06-14 21:12:47,018 Epoch 90000: 平均誤差 = 0.000949, 最大誤差 = 0.004124
2025-06-14 21:17:14,635 Epoch 91000: 平均誤差 = 0.000730, 最大誤差 = 0.004050
2025-06-14 21:21:42,262 Epoch 92000: 平均誤差 = 0.000639, 最大誤差 = 0.003963
2025-06-14 21:26:10,079 Epoch 93000: 平均誤差 = 0.001012, 最大誤差 = 0.004056
2025-06-14 21:30:36,411 Epoch 94000: 平均誤差 = 0.000953, 最大誤差 = 0.003914
2025-06-14 21:35:02,965 Epoch 95000: 平均誤差 = 0.001020, 最大誤差 = 0.004237
2025-06-14 21:39:29,970 Epoch 96000: 平均誤差 = 0.000857, 最大誤差 = 0.003617
2025-06-14 21:44:00,455 Epoch 97000: 平均誤差 = 0.000926, 最大誤差 = 0.003949
2025-06-14 21:48:27,204 Epoch 98000: 平均誤差 = 0.001070, 最大誤差 = 0.004439
2025-06-14 21:52:53,111 Epoch 99000: 平均誤差 = 0.000996, 最大誤差 = 0.004453
2025-06-14 21:57:10,998 Epoch 100000: 平均誤差 = 0.000784, 最大誤差 = 0.004029
2025-06-14 21:57:10,998 モデルは最大エポック数まで収束条件に達しませんでした。収束条件を満たさず終了しました。
2025-06-14 21:57:11,318 トレーニングデータの再構成誤差（平均）：0.0007835851858491981
2025-06-14 21:57:11,318 トレーニングデータの再構成誤差（最大値）：0.0040294487356095305
2025-06-14 21:57:11,318 閾値を下回りませんでした1回目
2025-06-14 21:57:31,653 -----------------------------------------------------------------------------------------
2025-06-14 21:57:31,653 探索中: units_1_3=44, units_2=10, 試行回数=1, seed値 = 50
2025-06-14 22:02:04,375 Epoch 1000: 平均誤差 = 0.006060, 最大誤差 = 0.027020
2025-06-14 22:06:37,961 Epoch 2000: 平均誤差 = 0.005673, 最大誤差 = 0.026573
2025-06-14 22:11:14,562 Epoch 3000: 平均誤差 = 0.004451, 最大誤差 = 0.016758
2025-06-14 22:15:49,675 Epoch 4000: 平均誤差 = 0.004238, 最大誤差 = 0.014908
2025-06-14 22:20:25,609 Epoch 5000: 平均誤差 = 0.004130, 最大誤差 = 0.014718
2025-06-14 22:25:00,350 Epoch 6000: 平均誤差 = 0.003987, 最大誤差 = 0.014653
2025-06-14 22:29:32,450 Epoch 7000: 平均誤差 = 0.003868, 最大誤差 = 0.014470
2025-06-14 22:34:09,244 Epoch 8000: 平均誤差 = 0.003736, 最大誤差 = 0.013963
2025-06-14 22:38:44,330 Epoch 9000: 平均誤差 = 0.002325, 最大誤差 = 0.009916
2025-06-14 22:43:21,049 Epoch 10000: 平均誤差 = 0.001987, 最大誤差 = 0.007332
2025-06-14 22:47:56,080 Epoch 11000: 平均誤差 = 0.001757, 最大誤差 = 0.006740
2025-06-14 22:52:31,828 Epoch 12000: 平均誤差 = 0.001814, 最大誤差 = 0.006456
2025-06-14 22:57:05,067 Epoch 13000: 平均誤差 = 0.001535, 最大誤差 = 0.005567
2025-06-14 23:01:39,596 Epoch 14000: 平均誤差 = 0.001084, 最大誤差 = 0.005751
2025-06-14 23:06:12,994 Epoch 15000: 平均誤差 = 0.001309, 最大誤差 = 0.005603
2025-06-14 23:10:46,239 Epoch 16000: 平均誤差 = 0.002082, 最大誤差 = 0.006432
2025-06-14 23:15:23,075 Epoch 17000: 平均誤差 = 0.001012, 最大誤差 = 0.005310
2025-06-14 23:19:59,072 Epoch 18000: 平均誤差 = 0.001047, 最大誤差 = 0.005203
2025-06-14 23:24:33,898 Epoch 19000: 平均誤差 = 0.001163, 最大誤差 = 0.004895
2025-06-14 23:29:06,645 Epoch 20000: 平均誤差 = 0.001519, 最大誤差 = 0.005399
2025-06-14 23:33:42,802 Epoch 21000: 平均誤差 = 0.000892, 最大誤差 = 0.004910
2025-06-14 23:38:15,830 Epoch 22000: 平均誤差 = 0.001080, 最大誤差 = 0.005015
2025-06-14 23:42:48,546 Epoch 23000: 平均誤差 = 0.001145, 最大誤差 = 0.005279
2025-06-14 23:47:21,732 Epoch 24000: 平均誤差 = 0.000919, 最大誤差 = 0.005627
2025-06-14 23:51:57,120 Epoch 25000: 平均誤差 = 0.000909, 最大誤差 = 0.005457
2025-06-14 23:56:31,586 Epoch 26000: 平均誤差 = 0.001111, 最大誤差 = 0.006049
2025-06-15 00:01:08,543 Epoch 27000: 平均誤差 = 0.000981, 最大誤差 = 0.006125
2025-06-15 00:05:44,470 Epoch 28000: 平均誤差 = 0.001049, 最大誤差 = 0.005947
2025-06-15 00:10:19,181 Epoch 29000: 平均誤差 = 0.000804, 最大誤差 = 0.006622
2025-06-15 00:14:55,473 Epoch 30000: 平均誤差 = 0.000795, 最大誤差 = 0.006863
2025-06-15 00:19:30,310 Epoch 31000: 平均誤差 = 0.000919, 最大誤差 = 0.007130
2025-06-15 00:24:04,227 Epoch 32000: 平均誤差 = 0.000803, 最大誤差 = 0.007402
2025-06-15 00:28:35,547 Epoch 33000: 平均誤差 = 0.000806, 最大誤差 = 0.007329
2025-06-15 00:33:08,244 Epoch 34000: 平均誤差 = 0.000882, 最大誤差 = 0.007936
2025-06-15 00:37:40,447 Epoch 35000: 平均誤差 = 0.000911, 最大誤差 = 0.008144
2025-06-15 00:42:13,617 Epoch 36000: 平均誤差 = 0.000742, 最大誤差 = 0.008279
2025-06-15 00:46:48,731 Epoch 37000: 平均誤差 = 0.000804, 最大誤差 = 0.008414
2025-06-15 00:51:22,808 Epoch 38000: 平均誤差 = 0.000677, 最大誤差 = 0.008906
2025-06-15 00:55:57,471 Epoch 39000: 平均誤差 = 0.000720, 最大誤差 = 0.009034
2025-06-15 01:00:33,071 Epoch 40000: 平均誤差 = 0.000807, 最大誤差 = 0.009211
2025-06-15 01:05:08,108 Epoch 41000: 平均誤差 = 0.000815, 最大誤差 = 0.009111
2025-06-15 01:09:39,654 Epoch 42000: 平均誤差 = 0.000907, 最大誤差 = 0.009113
2025-06-15 01:14:12,722 Epoch 43000: 平均誤差 = 0.001030, 最大誤差 = 0.009345
2025-06-15 01:18:47,134 Epoch 44000: 平均誤差 = 0.000876, 最大誤差 = 0.009395
2025-06-15 01:23:19,219 Epoch 45000: 平均誤差 = 0.000700, 最大誤差 = 0.009489
2025-06-15 01:27:54,239 Epoch 46000: 平均誤差 = 0.000631, 最大誤差 = 0.009324
2025-06-15 01:32:27,854 Epoch 47000: 平均誤差 = 0.000740, 最大誤差 = 0.009473
2025-06-15 01:37:01,649 Epoch 48000: 平均誤差 = 0.000570, 最大誤差 = 0.009427
2025-06-15 01:41:35,832 Epoch 49000: 平均誤差 = 0.000633, 最大誤差 = 0.009429
2025-06-15 01:46:12,359 Epoch 50000: 平均誤差 = 0.000625, 最大誤差 = 0.009194
2025-06-15 01:50:46,517 Epoch 51000: 平均誤差 = 0.000676, 最大誤差 = 0.009428
2025-06-15 01:55:20,602 Epoch 52000: 平均誤差 = 0.000756, 最大誤差 = 0.009181
2025-06-15 01:59:53,879 Epoch 53000: 平均誤差 = 0.000636, 最大誤差 = 0.009245
2025-06-15 02:04:29,556 Epoch 54000: 平均誤差 = 0.000583, 最大誤差 = 0.009204
2025-06-15 02:09:02,616 Epoch 55000: 平均誤差 = 0.000480, 最大誤差 = 0.009197
2025-06-15 02:13:35,179 Epoch 56000: 平均誤差 = 0.000898, 最大誤差 = 0.009078
2025-06-15 02:18:08,996 Epoch 57000: 平均誤差 = 0.000541, 最大誤差 = 0.008780
2025-06-15 02:22:45,015 Epoch 58000: 平均誤差 = 0.000771, 最大誤差 = 0.008718
2025-06-15 02:27:18,200 Epoch 59000: 平均誤差 = 0.000507, 最大誤差 = 0.008860
2025-06-15 02:31:52,466 Epoch 60000: 平均誤差 = 0.000513, 最大誤差 = 0.008533
2025-06-15 02:36:25,843 Epoch 61000: 平均誤差 = 0.000397, 最大誤差 = 0.008513
2025-06-15 02:40:57,657 Epoch 62000: 平均誤差 = 0.000540, 最大誤差 = 0.008444
2025-06-15 02:45:34,480 Epoch 63000: 平均誤差 = 0.000487, 最大誤差 = 0.008224
2025-06-15 02:50:09,064 Epoch 64000: 平均誤差 = 0.000567, 最大誤差 = 0.008141
2025-06-15 02:54:42,871 Epoch 65000: 平均誤差 = 0.000646, 最大誤差 = 0.007902
2025-06-15 02:59:15,669 Epoch 66000: 平均誤差 = 0.000553, 最大誤差 = 0.007689
2025-06-15 03:03:49,454 Epoch 67000: 平均誤差 = 0.000468, 最大誤差 = 0.007508
2025-06-15 03:08:24,411 Epoch 68000: 平均誤差 = 0.000735, 最大誤差 = 0.007665
2025-06-15 03:12:59,407 Epoch 69000: 平均誤差 = 0.000530, 最大誤差 = 0.007344
2025-06-15 03:17:35,274 Epoch 70000: 平均誤差 = 0.000555, 最大誤差 = 0.007383
2025-06-15 03:22:11,531 Epoch 71000: 平均誤差 = 0.000620, 最大誤差 = 0.007514
2025-06-15 03:26:46,578 Epoch 72000: 平均誤差 = 0.000548, 最大誤差 = 0.006772
2025-06-15 03:31:21,438 Epoch 73000: 平均誤差 = 0.000691, 最大誤差 = 0.006880
2025-06-15 03:35:57,831 Epoch 74000: 平均誤差 = 0.000513, 最大誤差 = 0.006333
2025-06-15 03:40:30,592 Epoch 75000: 平均誤差 = 0.000358, 最大誤差 = 0.006468
2025-06-15 03:45:06,795 Epoch 76000: 平均誤差 = 0.000694, 最大誤差 = 0.006343
2025-06-15 03:49:41,492 Epoch 77000: 平均誤差 = 0.000466, 最大誤差 = 0.005868
2025-06-15 03:54:13,032 Epoch 78000: 平均誤差 = 0.000686, 最大誤差 = 0.006041
2025-06-15 03:58:49,665 Epoch 79000: 平均誤差 = 0.000491, 最大誤差 = 0.005549
2025-06-15 04:03:24,007 Epoch 80000: 平均誤差 = 0.000430, 最大誤差 = 0.005591
2025-06-15 04:07:58,989 Epoch 81000: 平均誤差 = 0.000361, 最大誤差 = 0.005348
2025-06-15 04:12:33,316 Epoch 82000: 平均誤差 = 0.000649, 最大誤差 = 0.005527
2025-06-15 04:16:42,533 Epoch 83000: 平均誤差 = 0.000513, 最大誤差 = 0.004954
2025-06-15 04:20:52,702 Epoch 84000: 平均誤差 = 0.000576, 最大誤差 = 0.004740
2025-06-15 04:25:02,514 Epoch 85000: 平均誤差 = 0.000503, 最大誤差 = 0.004553
2025-06-15 04:29:11,690 Epoch 86000: 平均誤差 = 0.000449, 最大誤差 = 0.004122
2025-06-15 04:33:21,485 Epoch 87000: 平均誤差 = 0.000403, 最大誤差 = 0.003860
2025-06-15 04:37:03,357 Epoch 88000: 平均誤差 = 0.000461, 最大誤差 = 0.003643
2025-06-15 04:40:43,539 Epoch 89000: 平均誤差 = 0.000510, 最大誤差 = 0.003409
2025-06-15 04:44:24,024 Epoch 90000: 平均誤差 = 0.000424, 最大誤差 = 0.003112
2025-06-15 04:48:05,175 Epoch 91000: 平均誤差 = 0.000815, 最大誤差 = 0.003240
2025-06-15 04:51:44,888 Epoch 92000: 平均誤差 = 0.000376, 最大誤差 = 0.002953
2025-06-15 04:55:23,709 Epoch 93000: 平均誤差 = 0.000388, 最大誤差 = 0.002767
2025-06-15 04:59:01,643 Epoch 94000: 平均誤差 = 0.000479, 最大誤差 = 0.002601
2025-06-15 05:02:41,915 Epoch 95000: 平均誤差 = 0.000392, 最大誤差 = 0.002580
2025-06-15 05:06:22,675 Epoch 96000: 平均誤差 = 0.000386, 最大誤差 = 0.002501
2025-06-15 05:10:02,702 Epoch 97000: 平均誤差 = 0.000546, 最大誤差 = 0.002463
2025-06-15 05:13:41,862 Epoch 98000: 平均誤差 = 0.000570, 最大誤差 = 0.002652
2025-06-15 05:17:21,900 Epoch 99000: 平均誤差 = 0.000496, 最大誤差 = 0.002753
2025-06-15 05:21:02,198 Epoch 100000: 平均誤差 = 0.000648, 最大誤差 = 0.002709
2025-06-15 05:21:02,207 モデルは最大エポック数まで収束条件に達しませんでした。収束条件を満たさず終了しました。
2025-06-15 05:21:02,528 トレーニングデータの再構成誤差（平均）：0.0006482495418460155
2025-06-15 05:21:02,528 トレーニングデータの再構成誤差（最大値）：0.002709295711507388
2025-06-15 05:21:02,528 閾値を下回りませんでした1回目
2025-06-15 05:21:17,737 -----------------------------------------------------------------------------------------
2025-06-15 05:21:17,737 探索中: units_1_3=33, units_2=10, 試行回数=1, seed値 = 50
2025-06-15 05:25:49,210 Epoch 1000: 平均誤差 = 0.005950, 最大誤差 = 0.027616
2025-06-15 05:30:24,437 Epoch 2000: 平均誤差 = 0.004659, 最大誤差 = 0.019206
2025-06-15 05:34:58,315 Epoch 3000: 平均誤差 = 0.003959, 最大誤差 = 0.013655
2025-06-15 05:39:32,395 Epoch 4000: 平均誤差 = 0.004039, 最大誤差 = 0.013671
2025-06-15 05:44:07,011 Epoch 5000: 平均誤差 = 0.004009, 最大誤差 = 0.014132
2025-06-15 05:48:42,698 Epoch 6000: 平均誤差 = 0.003934, 最大誤差 = 0.014288
2025-06-15 05:53:14,155 Epoch 7000: 平均誤差 = 0.003782, 最大誤差 = 0.014384
2025-06-15 05:57:47,794 Epoch 8000: 平均誤差 = 0.003728, 最大誤差 = 0.014415
2025-06-15 06:02:21,191 Epoch 9000: 平均誤差 = 0.003684, 最大誤差 = 0.014431
2025-06-15 06:06:55,768 Epoch 10000: 平均誤差 = 0.003717, 最大誤差 = 0.014483
2025-06-15 06:11:31,198 Epoch 11000: 平均誤差 = 0.003635, 最大誤差 = 0.014633
2025-06-15 06:16:04,619 Epoch 12000: 平均誤差 = 0.003626, 最大誤差 = 0.014818
2025-06-15 06:20:41,838 Epoch 13000: 平均誤差 = 0.003516, 最大誤差 = 0.014733
2025-06-15 06:25:14,952 Epoch 14000: 平均誤差 = 0.003690, 最大誤差 = 0.014634
2025-06-15 06:29:45,739 Epoch 15000: 平均誤差 = 0.003517, 最大誤差 = 0.014459
2025-06-15 06:34:19,426 Epoch 16000: 平均誤差 = 0.003448, 最大誤差 = 0.014272
2025-06-15 06:38:56,587 Epoch 17000: 平均誤差 = 0.003548, 最大誤差 = 0.014076
2025-06-15 06:43:31,529 Epoch 18000: 平均誤差 = 0.003399, 最大誤差 = 0.014008
2025-06-15 06:48:05,912 Epoch 19000: 平均誤差 = 0.003384, 最大誤差 = 0.013910
2025-06-15 06:52:39,643 Epoch 20000: 平均誤差 = 0.003302, 最大誤差 = 0.013947
2025-06-15 06:57:11,486 Epoch 21000: 平均誤差 = 0.003264, 最大誤差 = 0.013955
2025-06-15 07:01:43,677 Epoch 22000: 平均誤差 = 0.003248, 最大誤差 = 0.013951
2025-06-15 07:06:18,945 Epoch 23000: 平均誤差 = 0.003222, 最大誤差 = 0.013935
2025-06-15 07:10:52,324 Epoch 24000: 平均誤差 = 0.003254, 最大誤差 = 0.014315
2025-06-15 07:15:24,807 Epoch 25000: 平均誤差 = 0.002328, 最大誤差 = 0.013492
2025-06-15 07:19:57,199 Epoch 26000: 平均誤差 = 0.002032, 最大誤差 = 0.012709
2025-06-15 07:24:30,741 Epoch 27000: 平均誤差 = 0.001735, 最大誤差 = 0.004289
2025-06-15 07:29:04,621 Epoch 28000: 平均誤差 = 0.001040, 最大誤差 = 0.004464
2025-06-15 07:33:39,549 Epoch 29000: 平均誤差 = 0.001446, 最大誤差 = 0.004196
2025-06-15 07:38:10,991 Epoch 30000: 平均誤差 = 0.000975, 最大誤差 = 0.003717
2025-06-15 07:42:42,391 Epoch 31000: 平均誤差 = 0.000876, 最大誤差 = 0.004227
2025-06-15 07:47:17,595 Epoch 32000: 平均誤差 = 0.001195, 最大誤差 = 0.004803
2025-06-15 07:51:54,649 Epoch 33000: 平均誤差 = 0.000886, 最大誤差 = 0.004337
2025-06-15 07:56:30,198 Epoch 34000: 平均誤差 = 0.000812, 最大誤差 = 0.004483
2025-06-15 08:01:05,275 Epoch 35000: 平均誤差 = 0.000647, 最大誤差 = 0.004519
2025-06-15 08:05:43,362 Epoch 36000: 平均誤差 = 0.000961, 最大誤差 = 0.004909
2025-06-15 08:10:20,181 Epoch 37000: 平均誤差 = 0.000765, 最大誤差 = 0.004542
2025-06-15 08:14:57,345 Epoch 38000: 平均誤差 = 0.000949, 最大誤差 = 0.004748
2025-06-15 08:19:34,137 Epoch 39000: 平均誤差 = 0.000915, 最大誤差 = 0.004951
2025-06-15 08:24:07,389 Epoch 40000: 平均誤差 = 0.000750, 最大誤差 = 0.005007
2025-06-15 08:28:40,436 Epoch 41000: 平均誤差 = 0.000796, 最大誤差 = 0.004972
2025-06-15 08:33:15,233 Epoch 42000: 平均誤差 = 0.000842, 最大誤差 = 0.004981
2025-06-15 08:37:45,988 Epoch 43000: 平均誤差 = 0.000734, 最大誤差 = 0.005057
2025-06-15 08:42:18,987 Epoch 44000: 平均誤差 = 0.001019, 最大誤差 = 0.004467
2025-06-15 08:46:52,513 Epoch 45000: 平均誤差 = 0.001242, 最大誤差 = 0.004832
2025-06-15 08:51:26,975 Epoch 46000: 平均誤差 = 0.000641, 最大誤差 = 0.004313
2025-06-15 08:56:00,037 Epoch 47000: 平均誤差 = 0.000913, 最大誤差 = 0.004633
2025-06-15 09:00:33,097 Epoch 48000: 平均誤差 = 0.000606, 最大誤差 = 0.004614
2025-06-15 09:05:07,551 Epoch 49000: 平均誤差 = 0.000935, 最大誤差 = 0.004647
2025-06-15 09:09:42,791 Epoch 50000: 平均誤差 = 0.000508, 最大誤差 = 0.004866
2025-06-15 09:14:19,024 Epoch 51000: 平均誤差 = 0.000696, 最大誤差 = 0.005177
2025-06-15 09:18:52,601 Epoch 52000: 平均誤差 = 0.000729, 最大誤差 = 0.005399
2025-06-15 09:23:26,043 Epoch 53000: 平均誤差 = 0.000580, 最大誤差 = 0.005317
2025-06-15 09:27:57,708 Epoch 54000: 平均誤差 = 0.000884, 最大誤差 = 0.005219
2025-06-15 09:32:32,302 Epoch 55000: 平均誤差 = 0.000950, 最大誤差 = 0.005816
2025-06-15 09:37:04,198 Epoch 56000: 平均誤差 = 0.000918, 最大誤差 = 0.006062
2025-06-15 09:41:41,256 Epoch 57000: 平均誤差 = 0.000738, 最大誤差 = 0.005658
2025-06-15 09:46:16,842 Epoch 58000: 平均誤差 = 0.000675, 最大誤差 = 0.006309
2025-06-15 09:50:54,467 Epoch 59000: 平均誤差 = 0.000970, 最大誤差 = 0.006263
2025-06-15 09:55:31,866 Epoch 60000: 平均誤差 = 0.000815, 最大誤差 = 0.006448
2025-06-15 10:00:09,082 Epoch 61000: 平均誤差 = 0.000580, 最大誤差 = 0.006291
2025-06-15 10:04:46,329 Epoch 62000: 平均誤差 = 0.000500, 最大誤差 = 0.006481
2025-06-15 10:09:22,310 Epoch 63000: 平均誤差 = 0.000474, 最大誤差 = 0.006666
2025-06-15 10:13:56,203 Epoch 64000: 平均誤差 = 0.000584, 最大誤差 = 0.006631
2025-06-15 10:18:32,492 Epoch 65000: 平均誤差 = 0.000712, 最大誤差 = 0.007024
2025-06-15 10:23:09,512 Epoch 66000: 平均誤差 = 0.000773, 最大誤差 = 0.006723
2025-06-15 10:27:43,335 Epoch 67000: 平均誤差 = 0.000617, 最大誤差 = 0.007072
2025-06-15 10:32:17,540 Epoch 68000: 平均誤差 = 0.000630, 最大誤差 = 0.006933
2025-06-15 10:36:53,137 Epoch 69000: 平均誤差 = 0.000750, 最大誤差 = 0.006929
2025-06-15 10:41:26,907 Epoch 70000: 平均誤差 = 0.000514, 最大誤差 = 0.007050
2025-06-15 10:45:59,716 Epoch 71000: 平均誤差 = 0.000457, 最大誤差 = 0.006749
2025-06-15 10:50:33,282 Epoch 72000: 平均誤差 = 0.000573, 最大誤差 = 0.006826
2025-06-15 10:55:08,695 Epoch 73000: 平均誤差 = 0.000635, 最大誤差 = 0.006706
2025-06-15 10:59:44,319 Epoch 74000: 平均誤差 = 0.000683, 最大誤差 = 0.006464
2025-06-15 11:04:14,319 Epoch 75000: 平均誤差 = 0.000491, 最大誤差 = 0.006047
2025-06-15 11:08:45,916 Epoch 76000: 平均誤差 = 0.000593, 最大誤差 = 0.006132
2025-06-15 11:13:19,013 Epoch 77000: 平均誤差 = 0.000758, 最大誤差 = 0.005322
2025-06-15 11:17:54,590 Epoch 78000: 平均誤差 = 0.000461, 最大誤差 = 0.005151
2025-06-15 11:22:26,656 Epoch 79000: 平均誤差 = 0.000493, 最大誤差 = 0.004799
2025-06-15 11:26:58,033 Epoch 80000: 平均誤差 = 0.000678, 最大誤差 = 0.004132
2025-06-15 11:31:31,172 Epoch 81000: 平均誤差 = 0.000578, 最大誤差 = 0.003700
2025-06-15 11:36:04,938 Epoch 82000: 平均誤差 = 0.000505, 最大誤差 = 0.003403
2025-06-15 11:40:35,695 Epoch 83000: 平均誤差 = 0.000565, 最大誤差 = 0.003165
2025-06-15 11:45:07,281 Epoch 84000: 平均誤差 = 0.000537, 最大誤差 = 0.003011
2025-06-15 11:49:41,638 Epoch 85000: 平均誤差 = 0.000554, 最大誤差 = 0.003286
2025-06-15 11:53:59,296 Epoch 86000: 平均誤差 = 0.000389, 最大誤差 = 0.002962
2025-06-15 11:58:07,129 Epoch 87000: 平均誤差 = 0.000491, 最大誤差 = 0.002959
2025-06-15 12:02:14,970 Epoch 88000: 平均誤差 = 0.000520, 最大誤差 = 0.002624
2025-06-15 12:06:23,718 Epoch 89000: 平均誤差 = 0.000463, 最大誤差 = 0.002788
2025-06-15 12:10:32,575 Epoch 90000: 平均誤差 = 0.000458, 最大誤差 = 0.002620
2025-06-15 12:14:39,982 Epoch 91000: 平均誤差 = 0.000409, 最大誤差 = 0.002483
2025-06-15 12:18:19,483 モデルは条件を満たしたため学習を終了しました 91882: 平均誤差=0.000440, 最大誤差=0.001926 < thresholds.
2025-06-15 12:18:19,483 モデルは EarlyStopping により閾値を満たして停止しました。（91882 エポック）
2025-06-15 12:18:19,851 トレーニングデータの再構成誤差（平均）：0.0004397328671701016
2025-06-15 12:18:19,851 トレーニングデータの再構成誤差（最大値）：0.0019259967025746056
2025-06-15 12:18:19,851 閾値を下回るモデルを発見: units_1_3=33, units_2=10
2025-06-15 12:49:05,405 -----------------------------------------------------------------------------------------
2025-06-15 12:49:05,405 探索中: units_1_3=27, units_2=10, 試行回数=1, seed値 = 50
2025-06-15 12:53:29,016 Epoch 1000: 平均誤差 = 0.006095, 最大誤差 = 0.028153
2025-06-15 12:57:54,074 Epoch 2000: 平均誤差 = 0.002917, 最大誤差 = 0.009989
2025-06-15 13:02:19,776 Epoch 3000: 平均誤差 = 0.002470, 最大誤差 = 0.007254
2025-06-15 13:06:49,048 Epoch 4000: 平均誤差 = 0.002230, 最大誤差 = 0.007466
2025-06-15 13:11:13,748 Epoch 5000: 平均誤差 = 0.001635, 最大誤差 = 0.007547
2025-06-15 13:15:40,494 Epoch 6000: 平均誤差 = 0.001835, 最大誤差 = 0.007666
2025-06-15 13:20:07,029 Epoch 7000: 平均誤差 = 0.002323, 最大誤差 = 0.008083
2025-06-15 13:24:33,782 Epoch 8000: 平均誤差 = 0.001606, 最大誤差 = 0.006626
2025-06-15 13:29:02,134 Epoch 9000: 平均誤差 = 0.001403, 最大誤差 = 0.006403
2025-06-15 13:33:29,638 Epoch 10000: 平均誤差 = 0.001571, 最大誤差 = 0.006349
2025-06-15 13:37:57,008 Epoch 11000: 平均誤差 = 0.002009, 最大誤差 = 0.006552
2025-06-15 13:42:22,305 Epoch 12000: 平均誤差 = 0.001841, 最大誤差 = 0.006291
2025-06-15 13:46:47,042 Epoch 13000: 平均誤差 = 0.001080, 最大誤差 = 0.005286
2025-06-15 13:51:16,929 Epoch 14000: 平均誤差 = 0.001469, 最大誤差 = 0.005534
2025-06-15 13:55:43,631 Epoch 15000: 平均誤差 = 0.001952, 最大誤差 = 0.006103
2025-06-15 14:00:09,176 Epoch 16000: 平均誤差 = 0.001157, 最大誤差 = 0.005341
2025-06-15 14:04:33,930 Epoch 17000: 平均誤差 = 0.001048, 最大誤差 = 0.006049
2025-06-15 14:09:00,013 Epoch 18000: 平均誤差 = 0.001286, 最大誤差 = 0.006446
2025-06-15 14:13:25,898 Epoch 19000: 平均誤差 = 0.001293, 最大誤差 = 0.006098
2025-06-15 14:17:52,582 Epoch 20000: 平均誤差 = 0.001229, 最大誤差 = 0.006131
2025-06-15 14:22:22,459 Epoch 21000: 平均誤差 = 0.001923, 最大誤差 = 0.006314
2025-06-15 14:26:49,015 Epoch 22000: 平均誤差 = 0.001102, 最大誤差 = 0.005839
2025-06-15 14:31:14,955 Epoch 23000: 平均誤差 = 0.001424, 最大誤差 = 0.006470
2025-06-15 14:35:42,669 Epoch 24000: 平均誤差 = 0.001566, 最大誤差 = 0.005698
2025-06-15 14:40:09,330 Epoch 25000: 平均誤差 = 0.001052, 最大誤差 = 0.005681
2025-06-15 14:44:37,763 Epoch 26000: 平均誤差 = 0.001072, 最大誤差 = 0.005713
2025-06-15 14:49:06,763 Epoch 27000: 平均誤差 = 0.001508, 最大誤差 = 0.006194
2025-06-15 14:53:32,947 Epoch 28000: 平均誤差 = 0.001422, 最大誤差 = 0.005964
2025-06-15 14:57:58,155 Epoch 29000: 平均誤差 = 0.001777, 最大誤差 = 0.005587
2025-06-15 15:02:23,047 Epoch 30000: 平均誤差 = 0.001603, 最大誤差 = 0.005713
2025-06-15 15:06:49,669 Epoch 31000: 平均誤差 = 0.001356, 最大誤差 = 0.005518
2025-06-15 15:11:17,918 Epoch 32000: 平均誤差 = 0.001039, 最大誤差 = 0.005527
2025-06-15 15:15:45,008 Epoch 33000: 平均誤差 = 0.001141, 最大誤差 = 0.005803
2025-06-15 15:20:11,449 Epoch 34000: 平均誤差 = 0.000952, 最大誤差 = 0.006111
2025-06-15 15:24:35,577 Epoch 35000: 平均誤差 = 0.000980, 最大誤差 = 0.005664
2025-06-15 15:29:03,504 Epoch 36000: 平均誤差 = 0.001381, 最大誤差 = 0.006307
2025-06-15 15:33:27,473 Epoch 37000: 平均誤差 = 0.001090, 最大誤差 = 0.006131
2025-06-15 15:37:56,435 Epoch 38000: 平均誤差 = 0.000720, 最大誤差 = 0.006418
2025-06-15 15:42:25,244 Epoch 39000: 平均誤差 = 0.001033, 最大誤差 = 0.006332
2025-06-15 15:46:50,720 Epoch 40000: 平均誤差 = 0.001256, 最大誤差 = 0.006691
2025-06-15 15:51:21,307 Epoch 41000: 平均誤差 = 0.001278, 最大誤差 = 0.006612
2025-06-15 15:55:51,106 Epoch 42000: 平均誤差 = 0.001017, 最大誤差 = 0.006665
2025-06-15 16:00:17,925 Epoch 43000: 平均誤差 = 0.001331, 最大誤差 = 0.006647
2025-06-15 16:04:46,129 Epoch 44000: 平均誤差 = 0.001360, 最大誤差 = 0.007308
2025-06-15 16:09:13,004 Epoch 45000: 平均誤差 = 0.000857, 最大誤差 = 0.007030
2025-06-15 16:13:36,193 Epoch 46000: 平均誤差 = 0.001431, 最大誤差 = 0.007234
2025-06-15 16:18:05,803 Epoch 47000: 平均誤差 = 0.001416, 最大誤差 = 0.007068
2025-06-15 16:22:30,937 Epoch 48000: 平均誤差 = 0.000992, 最大誤差 = 0.007184
2025-06-15 16:26:58,081 Epoch 49000: 平均誤差 = 0.000682, 最大誤差 = 0.006992
2025-06-15 16:31:23,495 Epoch 50000: 平均誤差 = 0.001038, 最大誤差 = 0.007346
2025-06-15 16:35:47,168 Epoch 51000: 平均誤差 = 0.000832, 最大誤差 = 0.007158
2025-06-15 16:40:12,477 Epoch 52000: 平均誤差 = 0.000648, 最大誤差 = 0.007005
2025-06-15 16:44:37,655 Epoch 53000: 平均誤差 = 0.001082, 最大誤差 = 0.007213
2025-06-15 16:49:06,795 Epoch 54000: 平均誤差 = 0.000818, 最大誤差 = 0.007557
2025-06-15 16:53:30,325 Epoch 55000: 平均誤差 = 0.000752, 最大誤差 = 0.007338
2025-06-15 16:57:59,436 Epoch 56000: 平均誤差 = 0.001071, 最大誤差 = 0.007406
2025-06-15 17:02:27,620 Epoch 57000: 平均誤差 = 0.000963, 最大誤差 = 0.007593
2025-06-15 17:06:50,950 Epoch 58000: 平均誤差 = 0.000820, 最大誤差 = 0.007756
2025-06-15 17:11:15,956 Epoch 59000: 平均誤差 = 0.000564, 最大誤差 = 0.007578
2025-06-15 17:15:39,983 Epoch 60000: 平均誤差 = 0.000872, 最大誤差 = 0.007620
2025-06-15 17:20:05,457 Epoch 61000: 平均誤差 = 0.000763, 最大誤差 = 0.007921
2025-06-15 17:24:30,516 Epoch 62000: 平均誤差 = 0.000908, 最大誤差 = 0.007788
2025-06-15 17:28:54,930 Epoch 63000: 平均誤差 = 0.000917, 最大誤差 = 0.008201
2025-06-15 17:33:22,766 Epoch 64000: 平均誤差 = 0.000688, 最大誤差 = 0.007929
2025-06-15 17:37:48,750 Epoch 65000: 平均誤差 = 0.000712, 最大誤差 = 0.007781
2025-06-15 17:42:17,126 Epoch 66000: 平均誤差 = 0.000790, 最大誤差 = 0.007879
2025-06-15 17:46:41,729 Epoch 67000: 平均誤差 = 0.000973, 最大誤差 = 0.007941
2025-06-15 17:51:07,081 Epoch 68000: 平均誤差 = 0.001154, 最大誤差 = 0.007818
2025-06-15 17:55:34,441 Epoch 69000: 平均誤差 = 0.000972, 最大誤差 = 0.008161
2025-06-15 18:00:19,107 Epoch 70000: 平均誤差 = 0.000794, 最大誤差 = 0.008193
2025-06-15 18:06:09,509 Epoch 71000: 平均誤差 = 0.000781, 最大誤差 = 0.008133
2025-06-15 18:11:59,849 Epoch 72000: 平均誤差 = 0.000997, 最大誤差 = 0.008173
2025-06-15 18:17:50,115 Epoch 73000: 平均誤差 = 0.000827, 最大誤差 = 0.008223
2025-06-15 18:23:39,701 Epoch 74000: 平均誤差 = 0.000729, 最大誤差 = 0.008216
2025-06-15 18:29:29,127 Epoch 75000: 平均誤差 = 0.000795, 最大誤差 = 0.008160
2025-06-15 18:35:19,063 Epoch 76000: 平均誤差 = 0.000596, 最大誤差 = 0.008291
2025-06-15 18:41:08,818 Epoch 77000: 平均誤差 = 0.000538, 最大誤差 = 0.008131
2025-06-15 18:46:57,930 Epoch 78000: 平均誤差 = 0.000859, 最大誤差 = 0.008195
2025-06-15 18:52:47,790 Epoch 79000: 平均誤差 = 0.000793, 最大誤差 = 0.008059
2025-06-15 18:58:38,056 Epoch 80000: 平均誤差 = 0.000793, 最大誤差 = 0.007855
2025-06-15 19:04:28,072 Epoch 81000: 平均誤差 = 0.000931, 最大誤差 = 0.007712
2025-06-15 19:10:17,095 Epoch 82000: 平均誤差 = 0.000761, 最大誤差 = 0.007565
2025-06-15 19:16:06,211 Epoch 83000: 平均誤差 = 0.000637, 最大誤差 = 0.007494
2025-06-15 19:21:55,860 Epoch 84000: 平均誤差 = 0.000622, 最大誤差 = 0.007356
2025-06-15 19:27:44,797 Epoch 85000: 平均誤差 = 0.000635, 最大誤差 = 0.007467
2025-06-15 19:33:33,712 Epoch 86000: 平均誤差 = 0.000951, 最大誤差 = 0.007392
2025-06-15 19:39:23,317 Epoch 87000: 平均誤差 = 0.000856, 最大誤差 = 0.007194
2025-06-15 19:45:13,543 Epoch 88000: 平均誤差 = 0.000617, 最大誤差 = 0.007171
2025-06-15 19:51:03,379 Epoch 89000: 平均誤差 = 0.000631, 最大誤差 = 0.006872
2025-06-15 19:56:53,121 Epoch 90000: 平均誤差 = 0.000890, 最大誤差 = 0.006761
2025-06-15 20:02:43,273 Epoch 91000: 平均誤差 = 0.000600, 最大誤差 = 0.007014
2025-06-15 20:08:32,940 Epoch 92000: 平均誤差 = 0.000629, 最大誤差 = 0.006674
2025-06-15 20:14:23,022 Epoch 93000: 平均誤差 = 0.001060, 最大誤差 = 0.006918
2025-06-15 20:20:12,872 Epoch 94000: 平均誤差 = 0.000707, 最大誤差 = 0.006833
2025-06-15 20:25:54,164 Epoch 95000: 平均誤差 = 0.000398, 最大誤差 = 0.006780
2025-06-15 20:31:34,857 Epoch 96000: 平均誤差 = 0.000694, 最大誤差 = 0.006453
2025-06-15 20:37:15,586 Epoch 97000: 平均誤差 = 0.000532, 最大誤差 = 0.006534
2025-06-15 20:42:56,122 Epoch 98000: 平均誤差 = 0.000750, 最大誤差 = 0.006686
2025-06-15 20:48:36,620 Epoch 99000: 平均誤差 = 0.000715, 最大誤差 = 0.006634
2025-06-15 20:53:57,414 Epoch 100000: 平均誤差 = 0.000550, 最大誤差 = 0.006501
2025-06-15 20:53:57,419 モデルは最大エポック数まで収束条件に達しませんでした。収束条件を満たさず終了しました。
2025-06-15 20:53:57,779 トレーニングデータの再構成誤差（平均）：0.0005502993873843606
2025-06-15 20:53:57,779 トレーニングデータの再構成誤差（最大値）：0.006501188392455592
2025-06-15 20:53:57,779 閾値を下回りませんでした1回目
2025-06-15 20:54:57,324 -----------------------------------------------------------------------------------------
2025-06-15 20:54:57,324 探索中: units_1_3=24, units_2=10, 試行回数=1, seed値 = 50
2025-06-15 20:59:30,941 Epoch 1000: 平均誤差 = 0.006847, 最大誤差 = 0.025721
2025-06-15 21:04:02,844 Epoch 2000: 平均誤差 = 0.002477, 最大誤差 = 0.008383
2025-06-15 21:08:36,407 Epoch 3000: 平均誤差 = 0.002009, 最大誤差 = 0.007836
2025-06-15 21:13:09,977 Epoch 4000: 平均誤差 = 0.002446, 最大誤差 = 0.008373
2025-06-15 21:17:45,558 Epoch 5000: 平均誤差 = 0.002766, 最大誤差 = 0.008470
2025-06-15 21:22:21,168 Epoch 6000: 平均誤差 = 0.002484, 最大誤差 = 0.007534
2025-06-15 21:26:55,923 Epoch 7000: 平均誤差 = 0.001622, 最大誤差 = 0.007964
2025-06-15 21:31:28,818 Epoch 8000: 平均誤差 = 0.002026, 最大誤差 = 0.007862
2025-06-15 21:36:04,065 Epoch 9000: 平均誤差 = 0.002061, 最大誤差 = 0.007672
2025-06-15 21:40:37,911 Epoch 10000: 平均誤差 = 0.001869, 最大誤差 = 0.008287
2025-06-15 21:45:12,338 Epoch 11000: 平均誤差 = 0.002268, 最大誤差 = 0.007489
2025-06-15 21:49:46,665 Epoch 12000: 平均誤差 = 0.001260, 最大誤差 = 0.008030
2025-06-15 21:54:20,832 Epoch 13000: 平均誤差 = 0.002335, 最大誤差 = 0.007941
2025-06-15 21:58:55,598 Epoch 14000: 平均誤差 = 0.001506, 最大誤差 = 0.008197
2025-06-15 22:03:30,688 Epoch 15000: 平均誤差 = 0.001608, 最大誤差 = 0.007471
2025-06-15 22:08:03,122 Epoch 16000: 平均誤差 = 0.001987, 最大誤差 = 0.008761
2025-06-15 22:12:36,829 Epoch 17000: 平均誤差 = 0.001633, 最大誤差 = 0.008717
2025-06-15 22:17:07,823 Epoch 18000: 平均誤差 = 0.001907, 最大誤差 = 0.009216
2025-06-15 22:21:43,062 Epoch 19000: 平均誤差 = 0.001325, 最大誤差 = 0.008949
2025-06-15 22:26:18,199 Epoch 20000: 平均誤差 = 0.001594, 最大誤差 = 0.009038
2025-06-15 22:30:53,866 Epoch 21000: 平均誤差 = 0.001981, 最大誤差 = 0.008921
2025-06-15 22:35:27,789 Epoch 22000: 平均誤差 = 0.001903, 最大誤差 = 0.009195
2025-06-15 22:40:01,919 Epoch 23000: 平均誤差 = 0.001784, 最大誤差 = 0.008567
2025-06-15 22:44:36,230 Epoch 24000: 平均誤差 = 0.002036, 最大誤差 = 0.009202
2025-06-15 22:49:09,559 Epoch 25000: 平均誤差 = 0.001625, 最大誤差 = 0.008986
2025-06-15 22:53:44,866 Epoch 26000: 平均誤差 = 0.001332, 最大誤差 = 0.009378
2025-06-15 22:58:20,336 Epoch 27000: 平均誤差 = 0.001619, 最大誤差 = 0.009545
2025-06-15 23:02:53,429 Epoch 28000: 平均誤差 = 0.001214, 最大誤差 = 0.009284
2025-06-15 23:07:28,630 Epoch 29000: 平均誤差 = 0.002097, 最大誤差 = 0.009426
2025-06-15 23:12:03,437 Epoch 30000: 平均誤差 = 0.001227, 最大誤差 = 0.008957
2025-06-15 23:16:38,165 Epoch 31000: 平均誤差 = 0.001608, 最大誤差 = 0.009361
2025-06-15 23:21:12,670 Epoch 32000: 平均誤差 = 0.001820, 最大誤差 = 0.010066
2025-06-15 23:25:46,477 Epoch 33000: 平均誤差 = 0.001359, 最大誤差 = 0.009235
2025-06-15 23:30:17,718 Epoch 34000: 平均誤差 = 0.001438, 最大誤差 = 0.010110
2025-06-15 23:34:51,436 Epoch 35000: 平均誤差 = 0.001380, 最大誤差 = 0.010481
2025-06-15 23:39:27,009 Epoch 36000: 平均誤差 = 0.001051, 最大誤差 = 0.010008
2025-06-15 23:44:02,372 Epoch 37000: 平均誤差 = 0.001155, 最大誤差 = 0.010313
2025-06-15 23:48:37,590 Epoch 38000: 平均誤差 = 0.001197, 最大誤差 = 0.009983
2025-06-15 23:53:12,147 Epoch 39000: 平均誤差 = 0.001092, 最大誤差 = 0.010159
2025-06-15 23:57:48,094 Epoch 40000: 平均誤差 = 0.001482, 最大誤差 = 0.010227
2025-06-16 00:02:22,701 Epoch 41000: 平均誤差 = 0.001371, 最大誤差 = 0.010113
2025-06-16 00:06:58,068 Epoch 42000: 平均誤差 = 0.001171, 最大誤差 = 0.009729
2025-06-16 00:11:29,595 Epoch 43000: 平均誤差 = 0.001512, 最大誤差 = 0.009839
2025-06-16 00:16:04,089 Epoch 44000: 平均誤差 = 0.001284, 最大誤差 = 0.010416
2025-06-16 00:20:37,630 Epoch 45000: 平均誤差 = 0.001150, 最大誤差 = 0.010308
2025-06-16 00:25:09,415 Epoch 46000: 平均誤差 = 0.001225, 最大誤差 = 0.010450
2025-06-16 00:29:43,427 Epoch 47000: 平均誤差 = 0.001162, 最大誤差 = 0.010295
2025-06-16 00:34:16,590 Epoch 48000: 平均誤差 = 0.001001, 最大誤差 = 0.010481
2025-06-16 00:38:49,635 Epoch 49000: 平均誤差 = 0.000939, 最大誤差 = 0.010879
2025-06-16 00:43:24,682 Epoch 50000: 平均誤差 = 0.000869, 最大誤差 = 0.010767
2025-06-16 00:48:00,249 Epoch 51000: 平均誤差 = 0.001354, 最大誤差 = 0.010666
2025-06-16 00:52:35,689 Epoch 52000: 平均誤差 = 0.001133, 最大誤差 = 0.010083
2025-06-16 00:57:07,698 Epoch 53000: 平均誤差 = 0.001090, 最大誤差 = 0.010222
2025-06-16 01:01:42,949 Epoch 54000: 平均誤差 = 0.000765, 最大誤差 = 0.010492
2025-06-16 01:06:17,826 Epoch 55000: 平均誤差 = 0.001743, 最大誤差 = 0.010825
2025-06-16 01:10:47,963 Epoch 56000: 平均誤差 = 0.001299, 最大誤差 = 0.010690
2025-06-16 01:15:21,919 Epoch 57000: 平均誤差 = 0.000908, 最大誤差 = 0.010716
2025-06-16 01:19:57,378 Epoch 58000: 平均誤差 = 0.000890, 最大誤差 = 0.010477
2025-06-16 01:24:30,613 Epoch 59000: 平均誤差 = 0.001024, 最大誤差 = 0.009569
2025-06-16 01:29:05,560 Epoch 60000: 平均誤差 = 0.000973, 最大誤差 = 0.010285
2025-06-16 01:33:40,398 Epoch 61000: 平均誤差 = 0.000879, 最大誤差 = 0.009785
2025-06-16 01:38:14,443 Epoch 62000: 平均誤差 = 0.000846, 最大誤差 = 0.009544
2025-06-16 01:42:47,580 Epoch 63000: 平均誤差 = 0.000865, 最大誤差 = 0.009305
2025-06-16 01:47:19,257 Epoch 64000: 平均誤差 = 0.001021, 最大誤差 = 0.009451
2025-06-16 01:51:53,196 Epoch 65000: 平均誤差 = 0.000787, 最大誤差 = 0.009107
2025-06-16 01:56:27,780 Epoch 66000: 平均誤差 = 0.000958, 最大誤差 = 0.008652
2025-06-16 02:01:02,397 Epoch 67000: 平均誤差 = 0.001092, 最大誤差 = 0.009072
2025-06-16 02:05:37,024 Epoch 68000: 平均誤差 = 0.000829, 最大誤差 = 0.008361
2025-06-16 02:10:12,070 Epoch 69000: 平均誤差 = 0.000784, 最大誤差 = 0.008888
2025-06-16 02:14:46,123 Epoch 70000: 平均誤差 = 0.000944, 最大誤差 = 0.008743
2025-06-16 02:19:21,424 Epoch 71000: 平均誤差 = 0.000849, 最大誤差 = 0.008704
2025-06-16 02:23:53,715 Epoch 72000: 平均誤差 = 0.001042, 最大誤差 = 0.008275
2025-06-16 02:28:27,560 Epoch 73000: 平均誤差 = 0.000705, 最大誤差 = 0.007729
2025-06-16 02:33:02,284 Epoch 74000: 平均誤差 = 0.000471, 最大誤差 = 0.007683
2025-06-16 02:37:36,841 Epoch 75000: 平均誤差 = 0.000707, 最大誤差 = 0.008080
2025-06-16 02:42:10,200 Epoch 76000: 平均誤差 = 0.000730, 最大誤差 = 0.007814
2025-06-16 02:46:42,925 Epoch 77000: 平均誤差 = 0.000929, 最大誤差 = 0.007330
2025-06-16 02:51:17,192 Epoch 78000: 平均誤差 = 0.000629, 最大誤差 = 0.007748
2025-06-16 02:55:48,200 Epoch 79000: 平均誤差 = 0.001018, 最大誤差 = 0.007516
2025-06-16 03:00:23,535 Epoch 80000: 平均誤差 = 0.000842, 最大誤差 = 0.007415
2025-06-16 03:04:58,250 Epoch 81000: 平均誤差 = 0.000498, 最大誤差 = 0.006887
2025-06-16 03:09:33,448 Epoch 82000: 平均誤差 = 0.000800, 最大誤差 = 0.007020
2025-06-16 03:14:08,599 Epoch 83000: 平均誤差 = 0.000601, 最大誤差 = 0.006821
2025-06-16 03:18:43,828 Epoch 84000: 平均誤差 = 0.000657, 最大誤差 = 0.006449
2025-06-16 03:23:15,390 Epoch 85000: 平均誤差 = 0.000735, 最大誤差 = 0.006399
2025-06-16 03:27:49,176 Epoch 86000: 平均誤差 = 0.000703, 最大誤差 = 0.005969
2025-06-16 03:32:24,564 Epoch 87000: 平均誤差 = 0.000574, 最大誤差 = 0.005472
2025-06-16 03:36:45,099 Epoch 88000: 平均誤差 = 0.000636, 最大誤差 = 0.005136
2025-06-16 03:40:52,552 Epoch 89000: 平均誤差 = 0.000660, 最大誤差 = 0.004694
2025-06-16 03:45:00,881 Epoch 90000: 平均誤差 = 0.000668, 最大誤差 = 0.004704
2025-06-16 03:49:09,092 Epoch 91000: 平均誤差 = 0.000462, 最大誤差 = 0.004229
2025-06-16 03:53:17,508 Epoch 92000: 平均誤差 = 0.000737, 最大誤差 = 0.003916
2025-06-16 03:57:25,847 Epoch 93000: 平均誤差 = 0.000769, 最大誤差 = 0.003724
2025-06-16 04:01:34,410 Epoch 94000: 平均誤差 = 0.000789, 最大誤差 = 0.003688
2025-06-16 04:05:42,039 Epoch 95000: 平均誤差 = 0.000488, 最大誤差 = 0.003583
2025-06-16 04:09:50,249 Epoch 96000: 平均誤差 = 0.000573, 最大誤差 = 0.003532
2025-06-16 04:13:57,983 Epoch 97000: 平均誤差 = 0.000635, 最大誤差 = 0.003471
2025-06-16 04:18:05,953 Epoch 98000: 平均誤差 = 0.000506, 最大誤差 = 0.003209
2025-06-16 04:21:54,537 Epoch 99000: 平均誤差 = 0.000802, 最大誤差 = 0.003498
2025-06-16 04:24:59,887 Epoch 100000: 平均誤差 = 0.000803, 最大誤差 = 0.003342
2025-06-16 04:24:59,895 モデルは最大エポック数まで収束条件に達しませんでした。収束条件を満たさず終了しました。
2025-06-16 04:25:00,188 トレーニングデータの再構成誤差（平均）：0.0008028238468507172
2025-06-16 04:25:00,188 トレーニングデータの再構成誤差（最大値）：0.0033424359035492293
2025-06-16 04:25:00,188 閾値を下回りませんでした1回目
2025-06-16 04:25:03,838 -----------------------------------------------------------------------------------------
2025-06-16 04:25:03,845 探索中: units_1_3=23, units_2=10, 試行回数=1, seed値 = 50
2025-06-16 04:29:32,252 Epoch 1000: 平均誤差 = 0.004300, 最大誤差 = 0.022311
2025-06-16 04:34:05,562 Epoch 2000: 平均誤差 = 0.002536, 最大誤差 = 0.011328
2025-06-16 04:38:38,885 Epoch 3000: 平均誤差 = 0.001806, 最大誤差 = 0.007692
2025-06-16 04:43:11,992 Epoch 4000: 平均誤差 = 0.001953, 最大誤差 = 0.007095
2025-06-16 04:47:43,215 Epoch 5000: 平均誤差 = 0.001416, 最大誤差 = 0.006473
2025-06-16 04:52:16,626 Epoch 6000: 平均誤差 = 0.002433, 最大誤差 = 0.006551
2025-06-16 04:56:49,288 Epoch 7000: 平均誤差 = 0.001924, 最大誤差 = 0.008198
2025-06-16 05:01:23,159 Epoch 8000: 平均誤差 = 0.001494, 最大誤差 = 0.007171
2025-06-16 05:05:56,786 Epoch 9000: 平均誤差 = 0.001976, 最大誤差 = 0.007253
2025-06-16 05:10:29,193 Epoch 10000: 平均誤差 = 0.001801, 最大誤差 = 0.007239
2025-06-16 05:14:59,771 Epoch 11000: 平均誤差 = 0.001271, 最大誤差 = 0.007136
2025-06-16 05:19:33,802 Epoch 12000: 平均誤差 = 0.002171, 最大誤差 = 0.007708
2025-06-16 05:24:06,463 Epoch 13000: 平均誤差 = 0.001449, 最大誤差 = 0.006601
2025-06-16 05:28:39,460 Epoch 14000: 平均誤差 = 0.001835, 最大誤差 = 0.007221
2025-06-16 05:33:13,403 Epoch 15000: 平均誤差 = 0.001369, 最大誤差 = 0.006366
2025-06-16 05:37:46,773 Epoch 16000: 平均誤差 = 0.002031, 最大誤差 = 0.007169
2025-06-16 05:42:20,678 Epoch 17000: 平均誤差 = 0.001289, 最大誤差 = 0.006375
2025-06-16 05:46:54,147 Epoch 18000: 平均誤差 = 0.001620, 最大誤差 = 0.006908
2025-06-16 05:51:27,999 Epoch 19000: 平均誤差 = 0.001343, 最大誤差 = 0.006886
2025-06-16 05:56:01,421 Epoch 20000: 平均誤差 = 0.001546, 最大誤差 = 0.006354
2025-06-16 06:00:35,348 Epoch 21000: 平均誤差 = 0.002139, 最大誤差 = 0.007254
2025-06-16 06:05:07,894 Epoch 22000: 平均誤差 = 0.001434, 最大誤差 = 0.006641
2025-06-16 06:09:40,861 Epoch 23000: 平均誤差 = 0.002031, 最大誤差 = 0.006332
2025-06-16 06:14:14,379 Epoch 24000: 平均誤差 = 0.001447, 最大誤差 = 0.006233
2025-06-16 06:18:47,964 Epoch 25000: 平均誤差 = 0.001266, 最大誤差 = 0.006797
2025-06-16 06:23:21,222 Epoch 26000: 平均誤差 = 0.001537, 最大誤差 = 0.006437
2025-06-16 06:27:54,588 Epoch 27000: 平均誤差 = 0.001161, 最大誤差 = 0.006393
2025-06-16 06:32:28,335 Epoch 28000: 平均誤差 = 0.001110, 最大誤差 = 0.006845
2025-06-16 06:37:01,212 Epoch 29000: 平均誤差 = 0.001216, 最大誤差 = 0.006905
2025-06-16 06:41:35,459 Epoch 30000: 平均誤差 = 0.001147, 最大誤差 = 0.007304
2025-06-16 06:46:09,083 Epoch 31000: 平均誤差 = 0.001598, 最大誤差 = 0.006792
2025-06-16 06:50:42,495 Epoch 32000: 平均誤差 = 0.002015, 最大誤差 = 0.006580
2025-06-16 06:55:16,625 Epoch 33000: 平均誤差 = 0.001212, 最大誤差 = 0.007396
2025-06-16 06:59:50,156 Epoch 34000: 平均誤差 = 0.001205, 最大誤差 = 0.007281
2025-06-16 07:04:23,662 Epoch 35000: 平均誤差 = 0.000956, 最大誤差 = 0.007172
2025-06-16 07:08:55,945 Epoch 36000: 平均誤差 = 0.001070, 最大誤差 = 0.006669
2025-06-16 07:13:29,056 Epoch 37000: 平均誤差 = 0.000981, 最大誤差 = 0.007228
2025-06-16 07:18:00,019 Epoch 38000: 平均誤差 = 0.001018, 最大誤差 = 0.006737
2025-06-16 07:22:32,650 Epoch 39000: 平均誤差 = 0.001228, 最大誤差 = 0.006768
2025-06-16 07:27:04,386 Epoch 40000: 平均誤差 = 0.001223, 最大誤差 = 0.007428
2025-06-16 07:31:37,343 Epoch 41000: 平均誤差 = 0.001058, 最大誤差 = 0.007956
2025-06-16 07:36:11,365 Epoch 42000: 平均誤差 = 0.000662, 最大誤差 = 0.007518
2025-06-16 07:40:45,217 Epoch 43000: 平均誤差 = 0.001205, 最大誤差 = 0.007946
2025-06-16 07:45:18,563 Epoch 44000: 平均誤差 = 0.000915, 最大誤差 = 0.007994
2025-06-16 07:49:51,017 Epoch 45000: 平均誤差 = 0.001325, 最大誤差 = 0.008123
2025-06-16 07:54:24,057 Epoch 46000: 平均誤差 = 0.001111, 最大誤差 = 0.008052
2025-06-16 07:58:56,425 Epoch 47000: 平均誤差 = 0.001251, 最大誤差 = 0.007544
2025-06-16 08:03:29,740 Epoch 48000: 平均誤差 = 0.001217, 最大誤差 = 0.007701
2025-06-16 08:08:03,149 Epoch 49000: 平均誤差 = 0.001078, 最大誤差 = 0.008123
2025-06-16 08:12:37,679 Epoch 50000: 平均誤差 = 0.001365, 最大誤差 = 0.007979
2025-06-16 08:17:13,781 Epoch 51000: 平均誤差 = 0.000943, 最大誤差 = 0.007893
2025-06-16 08:21:44,353 Epoch 52000: 平均誤差 = 0.000848, 最大誤差 = 0.008281
2025-06-16 08:26:17,754 Epoch 53000: 平均誤差 = 0.001264, 最大誤差 = 0.007365
2025-06-16 08:30:49,831 Epoch 54000: 平均誤差 = 0.001160, 最大誤差 = 0.007059
2025-06-16 08:35:22,278 Epoch 55000: 平均誤差 = 0.000709, 最大誤差 = 0.007654
2025-06-16 08:39:55,834 Epoch 56000: 平均誤差 = 0.000864, 最大誤差 = 0.007988
2025-06-16 08:44:28,722 Epoch 57000: 平均誤差 = 0.001320, 最大誤差 = 0.007689
2025-06-16 08:49:03,009 Epoch 58000: 平均誤差 = 0.000596, 最大誤差 = 0.008063
2025-06-16 08:53:35,856 Epoch 59000: 平均誤差 = 0.000835, 最大誤差 = 0.008232
2025-06-16 08:58:09,268 Epoch 60000: 平均誤差 = 0.001130, 最大誤差 = 0.007401
2025-06-16 09:02:42,499 Epoch 61000: 平均誤差 = 0.000987, 最大誤差 = 0.007715
2025-06-16 09:07:15,696 Epoch 62000: 平均誤差 = 0.000866, 最大誤差 = 0.007935
2025-06-16 09:11:50,053 Epoch 63000: 平均誤差 = 0.000936, 最大誤差 = 0.008074
2025-06-16 09:16:23,502 Epoch 64000: 平均誤差 = 0.000873, 最大誤差 = 0.007662
2025-06-16 09:20:56,147 Epoch 65000: 平均誤差 = 0.000696, 最大誤差 = 0.007865
2025-06-16 09:25:29,743 Epoch 66000: 平均誤差 = 0.000642, 最大誤差 = 0.007849
2025-06-16 09:30:03,521 Epoch 67000: 平均誤差 = 0.001416, 最大誤差 = 0.007895
2025-06-16 09:34:37,147 Epoch 68000: 平均誤差 = 0.000673, 最大誤差 = 0.007633
2025-06-16 09:39:10,495 Epoch 69000: 平均誤差 = 0.000805, 最大誤差 = 0.007370
2025-06-16 09:43:44,055 Epoch 70000: 平均誤差 = 0.000723, 最大誤差 = 0.007341
2025-06-16 09:48:18,391 Epoch 71000: 平均誤差 = 0.000762, 最大誤差 = 0.007585
2025-06-16 09:52:49,314 Epoch 72000: 平均誤差 = 0.000904, 最大誤差 = 0.007217
2025-06-16 09:57:22,410 Epoch 73000: 平均誤差 = 0.000512, 最大誤差 = 0.007490
2025-06-16 10:01:55,021 Epoch 74000: 平均誤差 = 0.000708, 最大誤差 = 0.007864
2025-06-16 10:06:29,001 Epoch 75000: 平均誤差 = 0.000969, 最大誤差 = 0.007455
2025-06-16 10:11:02,450 Epoch 76000: 平均誤差 = 0.000792, 最大誤差 = 0.007140
2025-06-16 10:15:33,347 Epoch 77000: 平均誤差 = 0.000868, 最大誤差 = 0.007906
2025-06-16 10:20:08,004 Epoch 78000: 平均誤差 = 0.000714, 最大誤差 = 0.007673
2025-06-16 10:24:40,851 Epoch 79000: 平均誤差 = 0.001289, 最大誤差 = 0.007296
2025-06-16 10:29:13,493 Epoch 80000: 平均誤差 = 0.000820, 最大誤差 = 0.007531
2025-06-16 10:33:46,744 Epoch 81000: 平均誤差 = 0.000653, 最大誤差 = 0.007606
2025-06-16 10:38:19,561 Epoch 82000: 平均誤差 = 0.000611, 最大誤差 = 0.007789
2025-06-16 10:42:53,429 Epoch 83000: 平均誤差 = 0.000722, 最大誤差 = 0.007183
2025-06-16 10:47:29,928 Epoch 84000: 平均誤差 = 0.000714, 最大誤差 = 0.007072
2025-06-16 10:53:13,013 Epoch 85000: 平均誤差 = 0.000599, 最大誤差 = 0.007616
2025-06-16 10:59:03,439 Epoch 86000: 平均誤差 = 0.000549, 最大誤差 = 0.007219
2025-06-16 11:04:52,383 Epoch 87000: 平均誤差 = 0.000848, 最大誤差 = 0.007733
2025-06-16 11:10:41,360 Epoch 88000: 平均誤差 = 0.000565, 最大誤差 = 0.007523
2025-06-16 11:16:30,014 Epoch 89000: 平均誤差 = 0.000482, 最大誤差 = 0.007605
2025-06-16 11:22:19,030 Epoch 90000: 平均誤差 = 0.000824, 最大誤差 = 0.007413
2025-06-16 11:28:07,906 Epoch 91000: 平均誤差 = 0.000667, 最大誤差 = 0.007043
2025-06-16 11:33:56,812 Epoch 92000: 平均誤差 = 0.000799, 最大誤差 = 0.007490
2025-06-16 11:39:45,748 Epoch 93000: 平均誤差 = 0.000470, 最大誤差 = 0.007068
2025-06-16 11:45:34,395 Epoch 94000: 平均誤差 = 0.000458, 最大誤差 = 0.007132
2025-06-16 11:51:23,199 Epoch 95000: 平均誤差 = 0.000929, 最大誤差 = 0.006831
2025-06-16 11:57:11,970 Epoch 96000: 平均誤差 = 0.000514, 最大誤差 = 0.007007
2025-06-16 12:03:00,756 Epoch 97000: 平均誤差 = 0.000589, 最大誤差 = 0.007070
2025-06-16 12:08:49,567 Epoch 98000: 平均誤差 = 0.001039, 最大誤差 = 0.007462
2025-06-16 12:14:37,349 Epoch 99000: 平均誤差 = 0.000693, 最大誤差 = 0.006670
2025-06-16 12:20:15,003 Epoch 100000: 平均誤差 = 0.000550, 最大誤差 = 0.006656
2025-06-16 12:20:15,003 モデルは最大エポック数まで収束条件に達しませんでした。収束条件を満たさず終了しました。
2025-06-16 12:20:15,534 トレーニングデータの再構成誤差（平均）：0.0005494973773934847
2025-06-16 12:20:15,534 トレーニングデータの再構成誤差（最大値）：0.006655469880259403
2025-06-16 12:20:15,534 閾値を下回りませんでした1回目
2025-06-16 12:21:27,488 -----------------------------------------------------------------------------------------
2025-06-16 12:21:27,488 探索中: units_1_3=24, units_2=9, 試行回数=1, seed値 = 50
2025-06-16 12:27:09,604 Epoch 1000: 平均誤差 = 0.008876, 最大誤差 = 0.047278
2025-06-16 12:32:57,930 Epoch 2000: 平均誤差 = 0.005254, 最大誤差 = 0.036789
2025-06-16 12:38:46,316 Epoch 3000: 平均誤差 = 0.004407, 最大誤差 = 0.024198
2025-06-16 12:44:34,523 Epoch 4000: 平均誤差 = 0.003962, 最大誤差 = 0.018396
2025-06-16 12:50:23,288 Epoch 5000: 平均誤差 = 0.003756, 最大誤差 = 0.016679
2025-06-16 12:56:11,663 Epoch 6000: 平均誤差 = 0.003693, 最大誤差 = 0.015362
2025-06-16 13:02:00,069 Epoch 7000: 平均誤差 = 0.003626, 最大誤差 = 0.014531
2025-06-16 13:07:44,126 Epoch 8000: 平均誤差 = 0.003763, 最大誤差 = 0.014446
2025-06-16 13:13:32,161 Epoch 9000: 平均誤差 = 0.003818, 最大誤差 = 0.014518
2025-06-16 13:19:20,391 Epoch 10000: 平均誤差 = 0.003751, 最大誤差 = 0.014711
2025-06-16 13:25:08,666 Epoch 11000: 平均誤差 = 0.003813, 最大誤差 = 0.014993
2025-06-16 13:30:58,052 Epoch 12000: 平均誤差 = 0.003562, 最大誤差 = 0.014958
2025-06-16 13:36:46,805 Epoch 13000: 平均誤差 = 0.003472, 最大誤差 = 0.014849
2025-06-16 13:42:35,561 Epoch 14000: 平均誤差 = 0.003428, 最大誤差 = 0.014664
2025-06-16 13:48:24,367 Epoch 15000: 平均誤差 = 0.003464, 最大誤差 = 0.014526
2025-06-16 13:54:13,372 Epoch 16000: 平均誤差 = 0.003443, 最大誤差 = 0.014385
2025-06-16 14:00:02,528 Epoch 17000: 平均誤差 = 0.003403, 最大誤差 = 0.014307
2025-06-16 14:05:51,035 Epoch 18000: 平均誤差 = 0.003499, 最大誤差 = 0.014251
2025-06-16 14:11:39,030 Epoch 19000: 平均誤差 = 0.003395, 最大誤差 = 0.014131
2025-06-16 14:17:26,276 Epoch 20000: 平均誤差 = 0.003391, 最大誤差 = 0.014082
2025-06-16 14:23:14,233 Epoch 21000: 平均誤差 = 0.003421, 最大誤差 = 0.014346
2025-06-16 14:29:00,749 Epoch 22000: 平均誤差 = 0.003485, 最大誤差 = 0.014520
2025-06-16 14:34:47,691 Epoch 23000: 平均誤差 = 0.003395, 最大誤差 = 0.014734
2025-06-16 14:40:34,783 Epoch 24000: 平均誤差 = 0.003417, 最大誤差 = 0.014981
2025-06-16 14:46:22,247 Epoch 25000: 平均誤差 = 0.003403, 最大誤差 = 0.015132
2025-06-16 14:52:10,013 Epoch 26000: 平均誤差 = 0.003405, 最大誤差 = 0.015286
2025-06-16 14:57:58,490 Epoch 27000: 平均誤差 = 0.003401, 最大誤差 = 0.015366
2025-06-16 15:03:47,375 Epoch 28000: 平均誤差 = 0.003412, 最大誤差 = 0.015433
2025-06-16 15:09:36,090 Epoch 29000: 平均誤差 = 0.003410, 最大誤差 = 0.015442
2025-06-16 15:15:24,258 Epoch 30000: 平均誤差 = 0.003451, 最大誤差 = 0.015454
2025-06-16 15:21:12,356 Epoch 31000: 平均誤差 = 0.003444, 最大誤差 = 0.015552
2025-06-16 15:27:01,491 Epoch 32000: 平均誤差 = 0.003443, 最大誤差 = 0.015572
2025-06-16 15:32:50,546 Epoch 33000: 平均誤差 = 0.003505, 最大誤差 = 0.015628
2025-06-16 15:38:39,272 Epoch 34000: 平均誤差 = 0.003487, 最大誤差 = 0.015697
2025-06-16 15:44:28,278 Epoch 35000: 平均誤差 = 0.003368, 最大誤差 = 0.015603
2025-06-16 15:50:17,313 Epoch 36000: 平均誤差 = 0.003510, 最大誤差 = 0.015835
2025-06-16 15:56:04,735 Epoch 37000: 平均誤差 = 0.003471, 最大誤差 = 0.015963
2025-06-16 16:01:51,985 Epoch 38000: 平均誤差 = 0.003455, 最大誤差 = 0.016045
2025-06-16 16:07:38,673 Epoch 39000: 平均誤差 = 0.003426, 最大誤差 = 0.016244
2025-06-16 16:13:25,421 Epoch 40000: 平均誤差 = 0.003475, 最大誤差 = 0.016448
2025-06-16 16:18:47,724 Epoch 41000: 平均誤差 = 0.003461, 最大誤差 = 0.016680
2025-06-16 16:23:15,791 Epoch 42000: 平均誤差 = 0.003413, 最大誤差 = 0.016840
2025-06-16 16:27:46,020 Epoch 43000: 平均誤差 = 0.003431, 最大誤差 = 0.017171
2025-06-16 16:32:15,814 Epoch 44000: 平均誤差 = 0.003395, 最大誤差 = 0.017335
2025-06-16 16:36:44,661 Epoch 45000: 平均誤差 = 0.003419, 最大誤差 = 0.017668
2025-06-16 16:41:14,478 Epoch 46000: 平均誤差 = 0.003407, 最大誤差 = 0.017981
2025-06-16 16:45:45,754 Epoch 47000: 平均誤差 = 0.003401, 最大誤差 = 0.018208
2025-06-16 16:50:15,021 Epoch 48000: 平均誤差 = 0.003381, 最大誤差 = 0.018408
2025-06-16 16:54:43,928 Epoch 49000: 平均誤差 = 0.003367, 最大誤差 = 0.018629
2025-06-16 16:59:13,105 Epoch 50000: 平均誤差 = 0.003367, 最大誤差 = 0.018877
2025-06-16 17:03:42,362 Epoch 51000: 平均誤差 = 0.003355, 最大誤差 = 0.019084
2025-06-16 17:08:10,329 Epoch 52000: 平均誤差 = 0.003337, 最大誤差 = 0.019210
2025-06-16 17:12:42,007 Epoch 53000: 平均誤差 = 0.003324, 最大誤差 = 0.019262
2025-06-16 17:17:10,392 Epoch 54000: 平均誤差 = 0.003291, 最大誤差 = 0.018986
2025-06-16 17:21:37,996 Epoch 55000: 平均誤差 = 0.003273, 最大誤差 = 0.018379
2025-06-16 17:26:07,242 Epoch 56000: 平均誤差 = 0.003270, 最大誤差 = 0.017476
2025-06-16 17:30:38,423 Epoch 57000: 平均誤差 = 0.003239, 最大誤差 = 0.016691
2025-06-16 17:35:05,410 Epoch 58000: 平均誤差 = 0.003294, 最大誤差 = 0.016009
2025-06-16 17:40:15,671 Epoch 59000: 平均誤差 = 0.003319, 最大誤差 = 0.015490
2025-06-16 17:45:44,623 Epoch 60000: 平均誤差 = 0.003298, 最大誤差 = 0.015164
2025-06-16 17:51:31,099 Epoch 61000: 平均誤差 = 0.003274, 最大誤差 = 0.014786
2025-06-16 17:57:17,575 Epoch 62000: 平均誤差 = 0.003202, 最大誤差 = 0.014533
2025-06-16 18:03:04,261 Epoch 63000: 平均誤差 = 0.003276, 最大誤差 = 0.014465
2025-06-16 18:08:49,989 Epoch 64000: 平均誤差 = 0.003256, 最大誤差 = 0.014436
2025-06-16 18:14:35,244 Epoch 65000: 平均誤差 = 0.003237, 最大誤差 = 0.014198
2025-06-16 18:20:21,426 Epoch 66000: 平均誤差 = 0.003247, 最大誤差 = 0.014146
2025-06-16 18:26:07,991 Epoch 67000: 平均誤差 = 0.003247, 最大誤差 = 0.014040
2025-06-16 18:31:54,758 Epoch 68000: 平均誤差 = 0.003176, 最大誤差 = 0.013844
2025-06-16 18:37:41,178 Epoch 69000: 平均誤差 = 0.003159, 最大誤差 = 0.013741
2025-06-16 18:43:28,574 Epoch 70000: 平均誤差 = 0.003160, 最大誤差 = 0.013628
2025-06-16 18:49:14,280 Epoch 71000: 平均誤差 = 0.003151, 最大誤差 = 0.013525
2025-06-16 18:55:00,506 Epoch 72000: 平均誤差 = 0.003157, 最大誤差 = 0.013410
2025-06-16 19:00:46,753 Epoch 73000: 平均誤差 = 0.003162, 最大誤差 = 0.013291
2025-06-16 19:06:33,569 Epoch 74000: 平均誤差 = 0.003162, 最大誤差 = 0.013191
2025-06-16 19:12:20,255 Epoch 75000: 平均誤差 = 0.003166, 最大誤差 = 0.013139
2025-06-16 19:18:07,123 Epoch 76000: 平均誤差 = 0.003168, 最大誤差 = 0.013118
2025-06-16 19:23:54,287 Epoch 77000: 平均誤差 = 0.003168, 最大誤差 = 0.013108
2025-06-16 19:29:41,343 Epoch 78000: 平均誤差 = 0.003191, 最大誤差 = 0.013133
2025-06-16 19:35:28,199 Epoch 79000: 平均誤差 = 0.003130, 最大誤差 = 0.013037
2025-06-16 19:41:15,124 Epoch 80000: 平均誤差 = 0.003158, 最大誤差 = 0.013055
2025-06-16 19:47:02,421 Epoch 81000: 平均誤差 = 0.003151, 最大誤差 = 0.013037
2025-06-16 19:52:40,837 Epoch 82000: 平均誤差 = 0.003161, 最大誤差 = 0.013023
2025-06-16 19:58:25,423 Epoch 83000: 平均誤差 = 0.003158, 最大誤差 = 0.013037
2025-06-16 20:04:12,369 Epoch 84000: 平均誤差 = 0.003119, 最大誤差 = 0.013039
2025-06-16 20:09:59,235 Epoch 85000: 平均誤差 = 0.003112, 最大誤差 = 0.013073
2025-06-16 20:15:45,942 Epoch 86000: 平均誤差 = 0.003104, 最大誤差 = 0.013150
2025-06-16 20:21:32,017 Epoch 87000: 平均誤差 = 0.003101, 最大誤差 = 0.013205
2025-06-16 20:27:18,503 Epoch 88000: 平均誤差 = 0.003085, 最大誤差 = 0.013249
2025-06-16 20:33:05,341 Epoch 89000: 平均誤差 = 0.003070, 最大誤差 = 0.013303
2025-06-16 20:38:52,216 Epoch 90000: 平均誤差 = 0.003071, 最大誤差 = 0.013320
2025-06-16 20:44:39,142 Epoch 91000: 平均誤差 = 0.003067, 最大誤差 = 0.013324
2025-06-16 20:50:25,583 Epoch 92000: 平均誤差 = 0.003076, 最大誤差 = 0.013308
2025-06-16 20:56:12,269 Epoch 93000: 平均誤差 = 0.003080, 最大誤差 = 0.013319
2025-06-16 21:01:58,920 Epoch 94000: 平均誤差 = 0.003091, 最大誤差 = 0.013321
2025-06-16 21:07:45,868 Epoch 95000: 平均誤差 = 0.003093, 最大誤差 = 0.013398
2025-06-16 21:13:32,032 Epoch 96000: 平均誤差 = 0.003081, 最大誤差 = 0.013545
2025-06-16 21:19:18,584 Epoch 97000: 平均誤差 = 0.003102, 最大誤差 = 0.013748
2025-06-16 21:25:05,214 Epoch 98000: 平均誤差 = 0.003077, 最大誤差 = 0.013897
2025-06-16 21:30:51,547 Epoch 99000: 平均誤差 = 0.003068, 最大誤差 = 0.014048
2025-06-16 21:36:38,187 Epoch 100000: 平均誤差 = 0.003097, 最大誤差 = 0.014263
2025-06-16 21:36:38,197 モデルは最大エポック数まで収束条件に達しませんでした。収束条件を満たさず終了しました。
2025-06-16 21:36:38,740 トレーニングデータの再構成誤差（平均）：0.003096675507529463
2025-06-16 21:36:38,740 トレーニングデータの再構成誤差（最大値）：0.014263260144448285
2025-06-16 21:36:38,740 閾値を下回りませんでした1回目
