2025-06-14 14:30:24,416 -----------------------------------------------------------------------------------------
2025-06-14 14:30:24,416 探索中: units_1_3=22, units_2=10, 試行回数=3, seed値 = 52
2025-06-14 14:34:45,992 Epoch 1000: 平均誤差 = 0.006227, 最大誤差 = 0.026555
2025-06-14 14:39:09,632 Epoch 2000: 平均誤差 = 0.005865, 最大誤差 = 0.027616
2025-06-14 14:43:37,639 Epoch 3000: 平均誤差 = 0.005848, 最大誤差 = 0.028286
2025-06-14 14:48:07,166 Epoch 4000: 平均誤差 = 0.005732, 最大誤差 = 0.028172
2025-06-14 14:52:33,633 Epoch 5000: 平均誤差 = 0.005728, 最大誤差 = 0.027587
2025-06-14 14:57:02,421 Epoch 6000: 平均誤差 = 0.005673, 最大誤差 = 0.026667
2025-06-14 15:01:30,147 Epoch 7000: 平均誤差 = 0.005598, 最大誤差 = 0.024546
2025-06-14 15:05:57,884 Epoch 8000: 平均誤差 = 0.003938, 最大誤差 = 0.014766
2025-06-14 15:10:26,631 Epoch 9000: 平均誤差 = 0.003756, 最大誤差 = 0.013921
2025-06-14 15:14:55,953 Epoch 10000: 平均誤差 = 0.003739, 最大誤差 = 0.014198
2025-06-14 15:19:24,065 Epoch 11000: 平均誤差 = 0.003577, 最大誤差 = 0.014383
2025-06-14 15:23:50,802 Epoch 12000: 平均誤差 = 0.003476, 最大誤差 = 0.014514
2025-06-14 15:28:20,939 Epoch 13000: 平均誤差 = 0.003500, 最大誤差 = 0.014734
2025-06-14 15:32:53,068 Epoch 14000: 平均誤差 = 0.003449, 最大誤差 = 0.014978
2025-06-14 15:37:24,193 Epoch 15000: 平均誤差 = 0.003465, 最大誤差 = 0.015153
2025-06-14 15:41:55,350 Epoch 16000: 平均誤差 = 0.003442, 最大誤差 = 0.015152
2025-06-14 15:46:23,557 Epoch 17000: 平均誤差 = 0.003351, 最大誤差 = 0.015019
2025-06-14 15:50:49,634 Epoch 18000: 平均誤差 = 0.003281, 最大誤差 = 0.014428
2025-06-14 15:55:15,481 Epoch 19000: 平均誤差 = 0.001712, 最大誤差 = 0.010984
2025-06-14 15:59:42,957 Epoch 20000: 平均誤差 = 0.001484, 最大誤差 = 0.008972
2025-06-14 16:04:10,444 Epoch 21000: 平均誤差 = 0.002600, 最大誤差 = 0.010165
2025-06-14 16:08:40,115 Epoch 22000: 平均誤差 = 0.001630, 最大誤差 = 0.008770
2025-06-14 16:13:11,894 Epoch 23000: 平均誤差 = 0.002078, 最大誤差 = 0.008208
2025-06-14 16:17:43,726 Epoch 24000: 平均誤差 = 0.001524, 最大誤差 = 0.007626
2025-06-14 16:22:14,812 Epoch 25000: 平均誤差 = 0.001293, 最大誤差 = 0.007734
2025-06-14 16:26:44,509 Epoch 26000: 平均誤差 = 0.001601, 最大誤差 = 0.007692
2025-06-14 16:31:11,159 Epoch 27000: 平均誤差 = 0.001990, 最大誤差 = 0.007784
2025-06-14 16:35:38,313 Epoch 28000: 平均誤差 = 0.001537, 最大誤差 = 0.007175
2025-06-14 16:40:05,540 Epoch 29000: 平均誤差 = 0.002064, 最大誤差 = 0.007185
2025-06-14 16:44:30,937 Epoch 30000: 平均誤差 = 0.001659, 最大誤差 = 0.007406
2025-06-14 16:48:59,584 Epoch 31000: 平均誤差 = 0.001520, 最大誤差 = 0.006889
2025-06-14 16:53:25,986 Epoch 32000: 平均誤差 = 0.001625, 最大誤差 = 0.007381
2025-06-14 16:57:58,599 Epoch 33000: 平均誤差 = 0.001223, 最大誤差 = 0.006437
2025-06-14 17:02:28,300 Epoch 34000: 平均誤差 = 0.001346, 最大誤差 = 0.006364
2025-06-14 17:06:54,582 Epoch 35000: 平均誤差 = 0.001455, 最大誤差 = 0.006470
2025-06-14 17:11:21,317 Epoch 36000: 平均誤差 = 0.001950, 最大誤差 = 0.006961
2025-06-14 17:15:47,392 Epoch 37000: 平均誤差 = 0.001215, 最大誤差 = 0.006264
2025-06-14 17:20:13,493 Epoch 38000: 平均誤差 = 0.001398, 最大誤差 = 0.006545
2025-06-14 17:24:40,522 Epoch 39000: 平均誤差 = 0.000897, 最大誤差 = 0.006288
2025-06-14 17:29:08,882 Epoch 40000: 平均誤差 = 0.001777, 最大誤差 = 0.006266
2025-06-14 17:33:36,334 Epoch 41000: 平均誤差 = 0.000904, 最大誤差 = 0.006659
2025-06-14 17:38:04,121 Epoch 42000: 平均誤差 = 0.001857, 最大誤差 = 0.006640
2025-06-14 17:42:32,378 Epoch 43000: 平均誤差 = 0.001364, 最大誤差 = 0.006469
2025-06-14 17:47:03,441 Epoch 44000: 平均誤差 = 0.001408, 最大誤差 = 0.006636
2025-06-14 17:51:25,702 Epoch 45000: 平均誤差 = 0.001122, 最大誤差 = 0.007668
2025-06-14 17:55:46,689 Epoch 46000: 平均誤差 = 0.001484, 最大誤差 = 0.006598
2025-06-14 18:00:09,506 Epoch 47000: 平均誤差 = 0.000901, 最大誤差 = 0.007165
2025-06-14 18:04:29,794 Epoch 48000: 平均誤差 = 0.000942, 最大誤差 = 0.006844
2025-06-14 18:08:52,480 Epoch 49000: 平均誤差 = 0.001483, 最大誤差 = 0.007253
2025-06-14 18:13:14,047 Epoch 50000: 平均誤差 = 0.001502, 最大誤差 = 0.006643
2025-06-14 18:17:33,975 Epoch 51000: 平均誤差 = 0.001289, 最大誤差 = 0.007634
2025-06-14 18:21:55,791 Epoch 52000: 平均誤差 = 0.001086, 最大誤差 = 0.007267
2025-06-14 18:26:19,024 Epoch 53000: 平均誤差 = 0.001664, 最大誤差 = 0.008211
2025-06-14 18:30:43,053 Epoch 54000: 平均誤差 = 0.001577, 最大誤差 = 0.007568
2025-06-14 18:35:05,563 Epoch 55000: 平均誤差 = 0.000945, 最大誤差 = 0.007486
2025-06-14 18:39:30,013 Epoch 56000: 平均誤差 = 0.000800, 最大誤差 = 0.007774
2025-06-14 18:44:00,947 Epoch 57000: 平均誤差 = 0.000766, 最大誤差 = 0.007713
2025-06-14 18:48:26,749 Epoch 58000: 平均誤差 = 0.000925, 最大誤差 = 0.007855
2025-06-14 18:52:53,075 Epoch 59000: 平均誤差 = 0.001099, 最大誤差 = 0.008083
2025-06-14 18:57:19,458 Epoch 60000: 平均誤差 = 0.000926, 最大誤差 = 0.007386
2025-06-14 19:01:45,116 Epoch 61000: 平均誤差 = 0.000901, 最大誤差 = 0.007922
2025-06-14 19:06:10,963 Epoch 62000: 平均誤差 = 0.001162, 最大誤差 = 0.008123
2025-06-14 19:10:36,779 Epoch 63000: 平均誤差 = 0.001100, 最大誤差 = 0.007906
2025-06-14 19:15:01,936 Epoch 64000: 平均誤差 = 0.001280, 最大誤差 = 0.008425
2025-06-14 19:19:26,530 Epoch 65000: 平均誤差 = 0.001471, 最大誤差 = 0.008270
2025-06-14 19:23:52,380 Epoch 66000: 平均誤差 = 0.001098, 最大誤差 = 0.008073
2025-06-14 19:28:18,421 Epoch 67000: 平均誤差 = 0.001416, 最大誤差 = 0.008468
2025-06-14 19:32:44,701 Epoch 68000: 平均誤差 = 0.001370, 最大誤差 = 0.008327
2025-06-14 19:37:10,702 Epoch 69000: 平均誤差 = 0.000869, 最大誤差 = 0.008538
2025-06-14 19:41:38,968 Epoch 70000: 平均誤差 = 0.000958, 最大誤差 = 0.007996
2025-06-14 19:46:05,505 Epoch 71000: 平均誤差 = 0.001225, 最大誤差 = 0.008135
2025-06-14 19:50:31,707 Epoch 72000: 平均誤差 = 0.000654, 最大誤差 = 0.008612
2025-06-14 19:54:59,344 Epoch 73000: 平均誤差 = 0.001050, 最大誤差 = 0.008208
2025-06-14 19:59:27,427 Epoch 74000: 平均誤差 = 0.000958, 最大誤差 = 0.008549
2025-06-14 20:03:54,218 Epoch 75000: 平均誤差 = 0.000736, 最大誤差 = 0.008693
2025-06-14 20:08:20,864 Epoch 76000: 平均誤差 = 0.000795, 最大誤差 = 0.008681
2025-06-14 20:12:47,825 Epoch 77000: 平均誤差 = 0.000910, 最大誤差 = 0.008973
2025-06-14 20:17:18,990 Epoch 78000: 平均誤差 = 0.000841, 最大誤差 = 0.008575
2025-06-14 20:21:46,433 Epoch 79000: 平均誤差 = 0.000740, 最大誤差 = 0.009375
2025-06-14 20:26:12,609 Epoch 80000: 平均誤差 = 0.001067, 最大誤差 = 0.008760
2025-06-14 20:30:39,049 Epoch 81000: 平均誤差 = 0.000650, 最大誤差 = 0.008736
2025-06-14 20:35:08,543 Epoch 82000: 平均誤差 = 0.000927, 最大誤差 = 0.008507
2025-06-14 20:40:03,749 Epoch 83000: 平均誤差 = 0.000706, 最大誤差 = 0.008826
2025-06-14 20:44:51,229 Epoch 84000: 平均誤差 = 0.000885, 最大誤差 = 0.008602
2025-06-14 20:49:18,374 Epoch 85000: 平均誤差 = 0.000753, 最大誤差 = 0.009090
2025-06-14 20:53:44,670 Epoch 86000: 平均誤差 = 0.000926, 最大誤差 = 0.009414
2025-06-14 20:58:10,999 Epoch 87000: 平均誤差 = 0.000679, 最大誤差 = 0.009234
2025-06-14 21:02:35,834 Epoch 88000: 平均誤差 = 0.000881, 最大誤差 = 0.009556
2025-06-14 21:07:02,131 Epoch 89000: 平均誤差 = 0.000773, 最大誤差 = 0.009047
2025-06-14 21:11:29,039 Epoch 90000: 平均誤差 = 0.000804, 最大誤差 = 0.009426
2025-06-14 21:15:56,535 Epoch 91000: 平均誤差 = 0.001170, 最大誤差 = 0.009388
2025-06-14 21:20:23,032 Epoch 92000: 平均誤差 = 0.000960, 最大誤差 = 0.009238
2025-06-14 21:24:49,653 Epoch 93000: 平均誤差 = 0.000939, 最大誤差 = 0.009668
2025-06-14 21:29:15,207 Epoch 94000: 平均誤差 = 0.000960, 最大誤差 = 0.010145
2025-06-14 21:33:41,227 Epoch 95000: 平均誤差 = 0.000567, 最大誤差 = 0.009788
2025-06-14 21:38:07,211 Epoch 96000: 平均誤差 = 0.000704, 最大誤差 = 0.009636
2025-06-14 21:42:35,938 Epoch 97000: 平均誤差 = 0.000732, 最大誤差 = 0.009626
2025-06-14 21:47:01,745 Epoch 98000: 平均誤差 = 0.000827, 最大誤差 = 0.009657
2025-06-14 21:51:28,409 Epoch 99000: 平均誤差 = 0.000693, 最大誤差 = 0.009785
2025-06-14 21:55:53,979 Epoch 100000: 平均誤差 = 0.000927, 最大誤差 = 0.009999
2025-06-14 21:55:53,979 モデルは最大エポック数まで収束条件に達しませんでした。収束条件を満たさず終了しました。
2025-06-14 21:55:54,379 トレーニングデータの再構成誤差（平均）：0.0009273852882151494
2025-06-14 21:55:54,379 トレーニングデータの再構成誤差（最大値）：0.009999463968718267
2025-06-14 21:55:54,379 閾値を下回りませんでした3回目
2025-06-14 21:57:31,653 -----------------------------------------------------------------------------------------
2025-06-14 21:57:31,653 探索中: units_1_3=44, units_2=10, 試行回数=3, seed値 = 52
2025-06-14 22:02:06,745 Epoch 1000: 平均誤差 = 0.006224, 最大誤差 = 0.025934
2025-06-14 22:06:43,184 Epoch 2000: 平均誤差 = 0.005764, 最大誤差 = 0.024729
2025-06-14 22:11:18,708 Epoch 3000: 平均誤差 = 0.003667, 最大誤差 = 0.013184
2025-06-14 22:15:54,042 Epoch 4000: 平均誤差 = 0.003522, 最大誤差 = 0.014100
2025-06-14 22:20:32,092 Epoch 5000: 平均誤差 = 0.003382, 最大誤差 = 0.014316
2025-06-14 22:25:05,589 Epoch 6000: 平均誤差 = 0.003400, 最大誤差 = 0.014283
2025-06-14 22:29:39,246 Epoch 7000: 平均誤差 = 0.003365, 最大誤差 = 0.014285
2025-06-14 22:34:15,183 Epoch 8000: 平均誤差 = 0.003375, 最大誤差 = 0.014195
2025-06-14 22:38:51,071 Epoch 9000: 平均誤差 = 0.003353, 最大誤差 = 0.014121
2025-06-14 22:43:26,769 Epoch 10000: 平均誤差 = 0.003349, 最大誤差 = 0.014071
2025-06-14 22:48:03,314 Epoch 11000: 平均誤差 = 0.003343, 最大誤差 = 0.014042
2025-06-14 22:52:39,941 Epoch 12000: 平均誤差 = 0.003313, 最大誤差 = 0.013952
2025-06-14 22:57:14,688 Epoch 13000: 平均誤差 = 0.003284, 最大誤差 = 0.013844
2025-06-14 23:01:49,399 Epoch 14000: 平均誤差 = 0.003260, 最大誤差 = 0.013806
2025-06-14 23:06:24,291 Epoch 15000: 平均誤差 = 0.003245, 最大誤差 = 0.013713
2025-06-14 23:10:58,573 Epoch 16000: 平均誤差 = 0.003242, 最大誤差 = 0.013691
2025-06-14 23:15:33,365 Epoch 17000: 平均誤差 = 0.003239, 最大誤差 = 0.013517
2025-06-14 23:20:08,541 Epoch 18000: 平均誤差 = 0.003223, 最大誤差 = 0.013413
2025-06-14 23:24:42,488 Epoch 19000: 平均誤差 = 0.003192, 最大誤差 = 0.013251
2025-06-14 23:29:18,365 Epoch 20000: 平均誤差 = 0.001768, 最大誤差 = 0.009389
2025-06-14 23:33:53,022 Epoch 21000: 平均誤差 = 0.001218, 最大誤差 = 0.005740
2025-06-14 23:38:29,130 Epoch 22000: 平均誤差 = 0.000921, 最大誤差 = 0.006194
2025-06-14 23:43:04,886 Epoch 23000: 平均誤差 = 0.001005, 最大誤差 = 0.005346
2025-06-14 23:47:40,012 Epoch 24000: 平均誤差 = 0.000992, 最大誤差 = 0.005764
2025-06-14 23:52:14,184 Epoch 25000: 平均誤差 = 0.001149, 最大誤差 = 0.006039
2025-06-14 23:56:48,306 Epoch 26000: 平均誤差 = 0.001151, 最大誤差 = 0.006144
2025-06-15 00:01:21,527 Epoch 27000: 平均誤差 = 0.000723, 最大誤差 = 0.006017
2025-06-15 00:05:56,009 Epoch 28000: 平均誤差 = 0.001404, 最大誤差 = 0.006161
2025-06-15 00:10:29,786 Epoch 29000: 平均誤差 = 0.000677, 最大誤差 = 0.005913
2025-06-15 00:15:02,503 Epoch 30000: 平均誤差 = 0.001109, 最大誤差 = 0.005917
2025-06-15 00:19:36,907 Epoch 31000: 平均誤差 = 0.000807, 最大誤差 = 0.005714
2025-06-15 00:24:13,096 Epoch 32000: 平均誤差 = 0.001068, 最大誤差 = 0.005560
2025-06-15 00:28:50,053 Epoch 33000: 平均誤差 = 0.001004, 最大誤差 = 0.005451
2025-06-15 00:33:25,312 Epoch 34000: 平均誤差 = 0.000965, 最大誤差 = 0.005279
2025-06-15 00:38:00,857 Epoch 35000: 平均誤差 = 0.001059, 最大誤差 = 0.005662
2025-06-15 00:42:35,238 Epoch 36000: 平均誤差 = 0.000753, 最大誤差 = 0.005199
2025-06-15 00:47:09,240 Epoch 37000: 平均誤差 = 0.000742, 最大誤差 = 0.005450
2025-06-15 00:51:42,737 Epoch 38000: 平均誤差 = 0.000596, 最大誤差 = 0.005744
2025-06-15 00:56:18,824 Epoch 39000: 平均誤差 = 0.000911, 最大誤差 = 0.006005
2025-06-15 01:00:54,601 Epoch 40000: 平均誤差 = 0.001189, 最大誤差 = 0.006464
2025-06-15 01:05:28,362 Epoch 41000: 平均誤差 = 0.000869, 最大誤差 = 0.006374
2025-06-15 01:10:02,054 Epoch 42000: 平均誤差 = 0.000742, 最大誤差 = 0.006722
2025-06-15 01:14:36,841 Epoch 43000: 平均誤差 = 0.000965, 最大誤差 = 0.007046
2025-06-15 01:19:12,328 Epoch 44000: 平均誤差 = 0.000762, 最大誤差 = 0.007157
2025-06-15 01:23:46,898 Epoch 45000: 平均誤差 = 0.000887, 最大誤差 = 0.006957
2025-06-15 01:28:19,161 Epoch 46000: 平均誤差 = 0.000715, 最大誤差 = 0.007271
2025-06-15 01:32:54,458 Epoch 47000: 平均誤差 = 0.000683, 最大誤差 = 0.007194
2025-06-15 01:37:29,520 Epoch 48000: 平均誤差 = 0.000547, 最大誤差 = 0.007487
2025-06-15 01:42:05,001 Epoch 49000: 平均誤差 = 0.000684, 最大誤差 = 0.007619
2025-06-15 01:46:39,459 Epoch 50000: 平均誤差 = 0.000457, 最大誤差 = 0.007563
2025-06-15 01:51:15,515 Epoch 51000: 平均誤差 = 0.000820, 最大誤差 = 0.007763
2025-06-15 01:55:49,032 Epoch 52000: 平均誤差 = 0.000540, 最大誤差 = 0.007559
2025-06-15 02:00:23,559 Epoch 53000: 平均誤差 = 0.000664, 最大誤差 = 0.008031
2025-06-15 02:04:56,806 Epoch 54000: 平均誤差 = 0.000609, 最大誤差 = 0.007609
2025-06-15 02:09:30,152 Epoch 55000: 平均誤差 = 0.000608, 最大誤差 = 0.007978
2025-06-15 02:14:03,299 Epoch 56000: 平均誤差 = 0.000796, 最大誤差 = 0.007558
2025-06-15 02:18:37,586 Epoch 57000: 平均誤差 = 0.000739, 最大誤差 = 0.008232
2025-06-15 02:23:10,986 Epoch 58000: 平均誤差 = 0.000724, 最大誤差 = 0.007768
2025-06-15 02:27:42,982 Epoch 59000: 平均誤差 = 0.000529, 最大誤差 = 0.007531
2025-06-15 02:32:19,336 Epoch 60000: 平均誤差 = 0.000585, 最大誤差 = 0.007539
2025-06-15 02:36:50,613 Epoch 61000: 平均誤差 = 0.000530, 最大誤差 = 0.007188
2025-06-15 02:41:23,730 Epoch 62000: 平均誤差 = 0.000482, 最大誤差 = 0.007282
2025-06-15 02:45:57,076 Epoch 63000: 平均誤差 = 0.000658, 最大誤差 = 0.006905
2025-06-15 02:50:29,613 Epoch 64000: 平均誤差 = 0.000956, 最大誤差 = 0.007060
2025-06-15 02:55:06,280 Epoch 65000: 平均誤差 = 0.000507, 最大誤差 = 0.006323
2025-06-15 02:59:42,137 Epoch 66000: 平均誤差 = 0.000690, 最大誤差 = 0.006086
2025-06-15 03:04:18,365 Epoch 67000: 平均誤差 = 0.000653, 最大誤差 = 0.005550
2025-06-15 03:08:53,180 Epoch 68000: 平均誤差 = 0.000634, 最大誤差 = 0.005114
2025-06-15 03:13:27,797 Epoch 69000: 平均誤差 = 0.000422, 最大誤差 = 0.004750
2025-06-15 03:18:04,751 Epoch 70000: 平均誤差 = 0.000570, 最大誤差 = 0.004753
2025-06-15 03:22:36,641 Epoch 71000: 平均誤差 = 0.000533, 最大誤差 = 0.005070
2025-06-15 03:27:09,988 Epoch 72000: 平均誤差 = 0.000585, 最大誤差 = 0.005708
2025-06-15 03:31:46,274 Epoch 73000: 平均誤差 = 0.000481, 最大誤差 = 0.005660
2025-06-15 03:36:21,491 Epoch 74000: 平均誤差 = 0.000629, 最大誤差 = 0.005800
2025-06-15 03:40:56,443 Epoch 75000: 平均誤差 = 0.000442, 最大誤差 = 0.006363
2025-06-15 03:45:29,515 Epoch 76000: 平均誤差 = 0.000484, 最大誤差 = 0.006230
2025-06-15 03:50:02,612 Epoch 77000: 平均誤差 = 0.000459, 最大誤差 = 0.006399
2025-06-15 03:54:35,008 Epoch 78000: 平均誤差 = 0.000453, 最大誤差 = 0.006673
2025-06-15 03:59:09,365 Epoch 79000: 平均誤差 = 0.000484, 最大誤差 = 0.006906
2025-06-15 04:03:43,592 Epoch 80000: 平均誤差 = 0.000588, 最大誤差 = 0.007030
2025-06-15 04:08:19,299 Epoch 81000: 平均誤差 = 0.000651, 最大誤差 = 0.007190
2025-06-15 04:12:56,986 Epoch 82000: 平均誤差 = 0.000470, 最大誤差 = 0.007382
2025-06-15 04:17:03,210 Epoch 83000: 平均誤差 = 0.000444, 最大誤差 = 0.007446
2025-06-15 04:21:13,140 Epoch 84000: 平均誤差 = 0.000548, 最大誤差 = 0.007263
2025-06-15 04:25:23,281 Epoch 85000: 平均誤差 = 0.000430, 最大誤差 = 0.007325
2025-06-15 04:29:31,641 Epoch 86000: 平均誤差 = 0.000470, 最大誤差 = 0.007672
2025-06-15 04:33:39,861 Epoch 87000: 平均誤差 = 0.000559, 最大誤差 = 0.007973
2025-06-15 04:37:19,462 Epoch 88000: 平均誤差 = 0.000301, 最大誤差 = 0.007647
2025-06-15 04:40:58,966 Epoch 89000: 平均誤差 = 0.000656, 最大誤差 = 0.007765
2025-06-15 04:44:38,765 Epoch 90000: 平均誤差 = 0.000364, 最大誤差 = 0.007844
2025-06-15 04:48:18,800 Epoch 91000: 平均誤差 = 0.000536, 最大誤差 = 0.007673
2025-06-15 04:51:57,738 Epoch 92000: 平均誤差 = 0.000298, 最大誤差 = 0.007903
2025-06-15 04:55:36,253 Epoch 93000: 平均誤差 = 0.000497, 最大誤差 = 0.008006
2025-06-15 04:59:14,093 Epoch 94000: 平均誤差 = 0.000522, 最大誤差 = 0.008083
2025-06-15 05:02:53,947 Epoch 95000: 平均誤差 = 0.000495, 最大誤差 = 0.007848
2025-06-15 05:06:34,248 Epoch 96000: 平均誤差 = 0.000624, 最大誤差 = 0.007954
2025-06-15 05:10:13,682 Epoch 97000: 平均誤差 = 0.000461, 最大誤差 = 0.008388
2025-06-15 05:13:52,359 Epoch 98000: 平均誤差 = 0.000643, 最大誤差 = 0.008353
2025-06-15 05:17:31,906 Epoch 99000: 平均誤差 = 0.000551, 最大誤差 = 0.008183
2025-06-15 05:21:10,387 Epoch 100000: 平均誤差 = 0.000391, 最大誤差 = 0.008366
2025-06-15 05:21:10,387 モデルは最大エポック数まで収束条件に達しませんでした。収束条件を満たさず終了しました。
2025-06-15 05:21:10,667 トレーニングデータの再構成誤差（平均）：0.00039106538906901416
2025-06-15 05:21:10,667 トレーニングデータの再構成誤差（最大値）：0.008365579872718019
2025-06-15 05:21:10,667 閾値を下回りませんでした3回目
2025-06-15 05:21:17,737 -----------------------------------------------------------------------------------------
2025-06-15 05:21:17,737 探索中: units_1_3=33, units_2=10, 試行回数=3, seed値 = 52
2025-06-15 05:25:46,908 Epoch 1000: 平均誤差 = 0.007305, 最大誤差 = 0.043772
2025-06-15 05:30:18,107 Epoch 2000: 平均誤差 = 0.005514, 最大誤差 = 0.045691
2025-06-15 05:34:50,738 Epoch 3000: 平均誤差 = 0.003998, 最大誤差 = 0.021609
2025-06-15 05:39:26,584 Epoch 4000: 平均誤差 = 0.003113, 最大誤差 = 0.014501
2025-06-15 05:44:02,011 Epoch 5000: 平均誤差 = 0.003083, 最大誤差 = 0.013551
2025-06-15 05:48:37,648 Epoch 6000: 平均誤差 = 0.003146, 最大誤差 = 0.014036
2025-06-15 05:53:13,315 Epoch 7000: 平均誤差 = 0.003299, 最大誤差 = 0.014299
2025-06-15 05:57:46,863 Epoch 8000: 平均誤差 = 0.003000, 最大誤差 = 0.014404
2025-06-15 06:02:22,939 Epoch 9000: 平均誤差 = 0.003219, 最大誤差 = 0.014548
2025-06-15 06:06:57,251 Epoch 10000: 平均誤差 = 0.003023, 最大誤差 = 0.014351
2025-06-15 06:11:31,432 Epoch 11000: 平均誤差 = 0.002939, 最大誤差 = 0.014541
2025-06-15 06:16:06,650 Epoch 12000: 平均誤差 = 0.002931, 最大誤差 = 0.014590
2025-06-15 06:20:38,758 Epoch 13000: 平均誤差 = 0.003117, 最大誤差 = 0.014670
2025-06-15 06:25:14,149 Epoch 14000: 平均誤差 = 0.003130, 最大誤差 = 0.014664
2025-06-15 06:29:48,769 Epoch 15000: 平均誤差 = 0.002983, 最大誤差 = 0.014684
2025-06-15 06:34:24,296 Epoch 16000: 平均誤差 = 0.002908, 最大誤差 = 0.014651
2025-06-15 06:38:57,687 Epoch 17000: 平均誤差 = 0.002953, 最大誤差 = 0.014612
2025-06-15 06:43:30,980 Epoch 18000: 平均誤差 = 0.002954, 最大誤差 = 0.014545
2025-06-15 06:48:03,360 Epoch 19000: 平均誤差 = 0.002808, 最大誤差 = 0.014457
2025-06-15 06:52:37,724 Epoch 20000: 平均誤差 = 0.002814, 最大誤差 = 0.014275
2025-06-15 06:57:14,153 Epoch 21000: 平均誤差 = 0.002752, 最大誤差 = 0.014069
2025-06-15 07:01:49,463 Epoch 22000: 平均誤差 = 0.002760, 最大誤差 = 0.013772
2025-06-15 07:06:25,764 Epoch 23000: 平均誤差 = 0.002774, 最大誤差 = 0.013643
2025-06-15 07:11:02,825 Epoch 24000: 平均誤差 = 0.002794, 最大誤差 = 0.013746
2025-06-15 07:15:39,977 Epoch 25000: 平均誤差 = 0.002697, 最大誤差 = 0.013573
2025-06-15 07:20:15,534 Epoch 26000: 平均誤差 = 0.002723, 最大誤差 = 0.013529
2025-06-15 07:24:48,781 Epoch 27000: 平均誤差 = 0.002693, 最大誤差 = 0.013303
2025-06-15 07:29:22,997 Epoch 28000: 平均誤差 = 0.002648, 最大誤差 = 0.013058
2025-06-15 07:33:59,787 Epoch 29000: 平均誤差 = 0.002640, 最大誤差 = 0.013104
2025-06-15 07:38:33,621 Epoch 30000: 平均誤差 = 0.002599, 最大誤差 = 0.013223
2025-06-15 07:43:10,588 Epoch 31000: 平均誤差 = 0.002618, 最大誤差 = 0.013210
2025-06-15 07:47:46,655 Epoch 32000: 平均誤差 = 0.002576, 最大誤差 = 0.013221
2025-06-15 07:52:21,402 Epoch 33000: 平均誤差 = 0.002599, 最大誤差 = 0.013176
2025-06-15 07:56:56,298 Epoch 34000: 平均誤差 = 0.002580, 最大誤差 = 0.013225
2025-06-15 08:01:31,445 Epoch 35000: 平均誤差 = 0.002588, 最大誤差 = 0.013222
2025-06-15 08:06:05,882 Epoch 36000: 平均誤差 = 0.002578, 最大誤差 = 0.013227
2025-06-15 08:10:41,615 Epoch 37000: 平均誤差 = 0.002566, 最大誤差 = 0.013230
2025-06-15 08:15:16,344 Epoch 38000: 平均誤差 = 0.002560, 最大誤差 = 0.013238
2025-06-15 08:19:47,542 Epoch 39000: 平均誤差 = 0.002546, 最大誤差 = 0.013291
2025-06-15 08:24:22,829 Epoch 40000: 平均誤差 = 0.002539, 最大誤差 = 0.013283
2025-06-15 08:28:58,098 Epoch 41000: 平均誤差 = 0.002546, 最大誤差 = 0.013255
2025-06-15 08:33:29,663 Epoch 42000: 平均誤差 = 0.002551, 最大誤差 = 0.013213
2025-06-15 08:38:02,000 Epoch 43000: 平均誤差 = 0.002549, 最大誤差 = 0.013189
2025-06-15 08:42:37,668 Epoch 44000: 平均誤差 = 0.002542, 最大誤差 = 0.013122
2025-06-15 08:47:09,847 Epoch 45000: 平均誤差 = 0.002561, 最大誤差 = 0.013085
2025-06-15 08:51:44,976 Epoch 46000: 平均誤差 = 0.002552, 最大誤差 = 0.013043
2025-06-15 08:56:19,677 Epoch 47000: 平均誤差 = 0.002569, 最大誤差 = 0.012998
2025-06-15 09:00:53,601 Epoch 48000: 平均誤差 = 0.002569, 最大誤差 = 0.012954
2025-06-15 09:05:28,181 Epoch 49000: 平均誤差 = 0.002562, 最大誤差 = 0.012958
2025-06-15 09:10:04,347 Epoch 50000: 平均誤差 = 0.002512, 最大誤差 = 0.012883
2025-06-15 09:14:39,811 Epoch 51000: 平均誤差 = 0.002517, 最大誤差 = 0.012884
2025-06-15 09:19:13,951 Epoch 52000: 平均誤差 = 0.002517, 最大誤差 = 0.012884
2025-06-15 09:23:47,051 Epoch 53000: 平均誤差 = 0.002495, 最大誤差 = 0.012867
2025-06-15 09:28:18,507 Epoch 54000: 平均誤差 = 0.002509, 最大誤差 = 0.012855
2025-06-15 09:32:55,104 Epoch 55000: 平均誤差 = 0.002486, 最大誤差 = 0.012861
2025-06-15 09:37:28,338 Epoch 56000: 平均誤差 = 0.002516, 最大誤差 = 0.012841
2025-06-15 09:42:03,715 Epoch 57000: 平均誤差 = 0.002521, 最大誤差 = 0.012836
2025-06-15 09:46:36,762 Epoch 58000: 平均誤差 = 0.002479, 最大誤差 = 0.012826
2025-06-15 09:51:12,239 Epoch 59000: 平均誤差 = 0.002471, 最大誤差 = 0.012833
2025-06-15 09:55:45,215 Epoch 60000: 平均誤差 = 0.002462, 最大誤差 = 0.012890
2025-06-15 10:00:22,053 Epoch 61000: 平均誤差 = 0.002468, 最大誤差 = 0.012945
2025-06-15 10:04:56,409 Epoch 62000: 平均誤差 = 0.002488, 最大誤差 = 0.012963
2025-06-15 10:09:29,406 Epoch 63000: 平均誤差 = 0.002476, 最大誤差 = 0.013010
2025-06-15 10:14:01,746 Epoch 64000: 平均誤差 = 0.002461, 最大誤差 = 0.013091
2025-06-15 10:18:33,744 Epoch 65000: 平均誤差 = 0.002436, 最大誤差 = 0.013110
2025-06-15 10:23:09,969 Epoch 66000: 平均誤差 = 0.002467, 最大誤差 = 0.013175
2025-06-15 10:27:44,123 Epoch 67000: 平均誤差 = 0.002448, 最大誤差 = 0.013199
2025-06-15 10:32:16,870 Epoch 68000: 平均誤差 = 0.002465, 最大誤差 = 0.013247
2025-06-15 10:36:51,317 Epoch 69000: 平均誤差 = 0.002463, 最大誤差 = 0.013249
2025-06-15 10:41:22,870 Epoch 70000: 平均誤差 = 0.002523, 最大誤差 = 0.013350
2025-06-15 10:45:54,051 Epoch 71000: 平均誤差 = 0.002464, 最大誤差 = 0.013343
2025-06-15 10:50:26,278 Epoch 72000: 平均誤差 = 0.002442, 最大誤差 = 0.013358
2025-06-15 10:54:58,945 Epoch 73000: 平均誤差 = 0.002455, 最大誤差 = 0.013400
2025-06-15 10:59:37,242 Epoch 74000: 平均誤差 = 0.002448, 最大誤差 = 0.013444
2025-06-15 11:04:10,919 Epoch 75000: 平均誤差 = 0.002465, 最大誤差 = 0.013455
2025-06-15 11:08:45,943 Epoch 76000: 平均誤差 = 0.002438, 最大誤差 = 0.013484
2025-06-15 11:13:18,706 Epoch 77000: 平均誤差 = 0.002454, 最大誤差 = 0.013486
2025-06-15 11:17:50,869 Epoch 78000: 平均誤差 = 0.002455, 最大誤差 = 0.013515
2025-06-15 11:22:20,230 Epoch 79000: 平均誤差 = 0.002424, 最大誤差 = 0.013526
2025-06-15 11:26:53,446 Epoch 80000: 平均誤差 = 0.002472, 最大誤差 = 0.013552
2025-06-15 11:31:27,141 Epoch 81000: 平均誤差 = 0.002438, 最大誤差 = 0.013555
2025-06-15 11:35:59,551 Epoch 82000: 平均誤差 = 0.002448, 最大誤差 = 0.013575
2025-06-15 11:40:34,977 Epoch 83000: 平均誤差 = 0.002428, 最大誤差 = 0.013588
2025-06-15 11:45:07,292 Epoch 84000: 平均誤差 = 0.002470, 最大誤差 = 0.013617
2025-06-15 11:49:38,273 Epoch 85000: 平均誤差 = 0.002440, 最大誤差 = 0.013602
2025-06-15 11:53:56,133 Epoch 86000: 平均誤差 = 0.002440, 最大誤差 = 0.013617
2025-06-15 11:58:04,211 Epoch 87000: 平均誤差 = 0.002445, 最大誤差 = 0.013614
2025-06-15 12:02:12,722 Epoch 88000: 平均誤差 = 0.002456, 最大誤差 = 0.013628
2025-06-15 12:06:21,807 Epoch 89000: 平均誤差 = 0.002425, 最大誤差 = 0.013604
2025-06-15 12:10:30,497 Epoch 90000: 平均誤差 = 0.002421, 最大誤差 = 0.013623
2025-06-15 12:14:38,242 Epoch 91000: 平均誤差 = 0.002411, 最大誤差 = 0.013609
2025-06-15 12:18:44,085 Epoch 92000: 平均誤差 = 0.002433, 最大誤差 = 0.013635
2025-06-15 12:22:20,997 Epoch 93000: 平均誤差 = 0.002499, 最大誤差 = 0.013671
2025-06-15 12:25:57,410 Epoch 94000: 平均誤差 = 0.002448, 最大誤差 = 0.013664
2025-06-15 12:29:34,177 Epoch 95000: 平均誤差 = 0.002408, 最大誤差 = 0.013665
2025-06-15 12:33:12,250 Epoch 96000: 平均誤差 = 0.002411, 最大誤差 = 0.013672
2025-06-15 12:36:46,099 Epoch 97000: 平均誤差 = 0.002424, 最大誤差 = 0.013681
2025-06-15 12:40:19,514 Epoch 98000: 平均誤差 = 0.002508, 最大誤差 = 0.013704
2025-06-15 12:43:52,203 Epoch 99000: 平均誤差 = 0.002426, 最大誤差 = 0.013671
2025-06-15 12:47:25,001 Epoch 100000: 平均誤差 = 0.002418, 最大誤差 = 0.013689
2025-06-15 12:47:25,001 モデルは最大エポック数まで収束条件に達しませんでした。収束条件を満たさず終了しました。
2025-06-15 12:47:25,326 トレーニングデータの再構成誤差（平均）：0.002417559960251604
2025-06-15 12:47:25,326 トレーニングデータの再構成誤差（最大値）：0.013688897448092348
2025-06-15 12:47:25,326 閾値を下回りませんでした3回目
2025-06-15 12:49:05,405 -----------------------------------------------------------------------------------------
2025-06-15 12:49:05,405 探索中: units_1_3=27, units_2=10, 試行回数=3, seed値 = 52
2025-06-15 12:53:30,093 Epoch 1000: 平均誤差 = 0.006112, 最大誤差 = 0.026821
2025-06-15 12:57:54,450 Epoch 2000: 平均誤差 = 0.005840, 最大誤差 = 0.025034
2025-06-15 13:02:18,951 Epoch 3000: 平均誤差 = 0.005924, 最大誤差 = 0.025038
2025-06-15 13:06:45,338 Epoch 4000: 平均誤差 = 0.003063, 最大誤差 = 0.010938
2025-06-15 13:11:11,409 Epoch 5000: 平均誤差 = 0.001667, 最大誤差 = 0.008032
2025-06-15 13:15:36,282 Epoch 6000: 平均誤差 = 0.002566, 最大誤差 = 0.007109
2025-06-15 13:20:02,448 Epoch 7000: 平均誤差 = 0.001562, 最大誤差 = 0.006725
2025-06-15 13:24:30,896 Epoch 8000: 平均誤差 = 0.001725, 最大誤差 = 0.006287
2025-06-15 13:28:58,533 Epoch 9000: 平均誤差 = 0.001368, 最大誤差 = 0.006559
2025-06-15 13:33:26,774 Epoch 10000: 平均誤差 = 0.001470, 最大誤差 = 0.007000
2025-06-15 13:37:54,118 Epoch 11000: 平均誤差 = 0.001702, 最大誤差 = 0.006508
2025-06-15 13:42:19,645 Epoch 12000: 平均誤差 = 0.001637, 最大誤差 = 0.006449
2025-06-15 13:46:48,462 Epoch 13000: 平均誤差 = 0.001179, 最大誤差 = 0.006303
2025-06-15 13:51:15,724 Epoch 14000: 平均誤差 = 0.001365, 最大誤差 = 0.006324
2025-06-15 13:55:46,506 Epoch 15000: 平均誤差 = 0.001578, 最大誤差 = 0.006480
2025-06-15 14:00:16,645 Epoch 16000: 平均誤差 = 0.001539, 最大誤差 = 0.006362
2025-06-15 14:04:42,543 Epoch 17000: 平均誤差 = 0.001180, 最大誤差 = 0.006291
2025-06-15 14:09:07,947 Epoch 18000: 平均誤差 = 0.001318, 最大誤差 = 0.006480
2025-06-15 14:13:35,871 Epoch 19000: 平均誤差 = 0.001301, 最大誤差 = 0.006239
2025-06-15 14:18:03,238 Epoch 20000: 平均誤差 = 0.001535, 最大誤差 = 0.006336
2025-06-15 14:22:30,053 Epoch 21000: 平均誤差 = 0.001422, 最大誤差 = 0.006313
2025-06-15 14:26:55,382 Epoch 22000: 平均誤差 = 0.001056, 最大誤差 = 0.005787
2025-06-15 14:31:20,174 Epoch 23000: 平均誤差 = 0.001251, 最大誤差 = 0.006254
2025-06-15 14:35:48,215 Epoch 24000: 平均誤差 = 0.001202, 最大誤差 = 0.006071
2025-06-15 14:40:13,107 Epoch 25000: 平均誤差 = 0.000868, 最大誤差 = 0.005975
2025-06-15 14:44:39,184 Epoch 26000: 平均誤差 = 0.001657, 最大誤差 = 0.005966
2025-06-15 14:49:06,534 Epoch 27000: 平均誤差 = 0.001407, 最大誤差 = 0.005796
2025-06-15 14:53:33,716 Epoch 28000: 平均誤差 = 0.001126, 最大誤差 = 0.006184
2025-06-15 14:57:57,274 Epoch 29000: 平均誤差 = 0.001200, 最大誤差 = 0.006004
2025-06-15 15:02:22,762 Epoch 30000: 平均誤差 = 0.001018, 最大誤差 = 0.005873
2025-06-15 15:06:47,601 Epoch 31000: 平均誤差 = 0.001326, 最大誤差 = 0.005540
2025-06-15 15:11:13,498 Epoch 32000: 平均誤差 = 0.001107, 最大誤差 = 0.005616
2025-06-15 15:15:39,303 Epoch 33000: 平均誤差 = 0.001363, 最大誤差 = 0.005196
2025-06-15 15:20:08,778 Epoch 34000: 平均誤差 = 0.001241, 最大誤差 = 0.004366
2025-06-15 15:24:32,957 Epoch 35000: 平均誤差 = 0.000966, 最大誤差 = 0.005227
2025-06-15 15:28:58,064 Epoch 36000: 平均誤差 = 0.001021, 最大誤差 = 0.005130
2025-06-15 15:33:22,516 Epoch 37000: 平均誤差 = 0.001153, 最大誤差 = 0.005094
2025-06-15 15:37:48,078 Epoch 38000: 平均誤差 = 0.001048, 最大誤差 = 0.004597
2025-06-15 15:42:14,905 Epoch 39000: 平均誤差 = 0.001109, 最大誤差 = 0.004650
2025-06-15 15:46:40,891 Epoch 40000: 平均誤差 = 0.001020, 最大誤差 = 0.004587
2025-06-15 15:51:09,369 Epoch 41000: 平均誤差 = 0.000842, 最大誤差 = 0.004297
2025-06-15 15:55:40,545 Epoch 42000: 平均誤差 = 0.001195, 最大誤差 = 0.004325
2025-06-15 16:00:05,453 Epoch 43000: 平均誤差 = 0.000664, 最大誤差 = 0.004505
2025-06-15 16:04:32,899 Epoch 44000: 平均誤差 = 0.000856, 最大誤差 = 0.003886
2025-06-15 16:09:04,059 Epoch 45000: 平均誤差 = 0.001142, 最大誤差 = 0.004222
2025-06-15 16:13:30,763 Epoch 46000: 平均誤差 = 0.000744, 最大誤差 = 0.004138
2025-06-15 16:18:00,336 Epoch 47000: 平均誤差 = 0.000640, 最大誤差 = 0.004004
2025-06-15 16:22:24,997 Epoch 48000: 平均誤差 = 0.001053, 最大誤差 = 0.003840
2025-06-15 16:26:50,934 Epoch 49000: 平均誤差 = 0.001013, 最大誤差 = 0.004654
2025-06-15 16:31:15,790 Epoch 50000: 平均誤差 = 0.000880, 最大誤差 = 0.004041
2025-06-15 16:35:40,762 Epoch 51000: 平均誤差 = 0.000778, 最大誤差 = 0.004157
2025-06-15 16:40:06,644 Epoch 52000: 平均誤差 = 0.000882, 最大誤差 = 0.004268
2025-06-15 16:44:34,023 Epoch 53000: 平均誤差 = 0.001095, 最大誤差 = 0.004345
2025-06-15 16:49:04,488 Epoch 54000: 平均誤差 = 0.000972, 最大誤差 = 0.003804
2025-06-15 16:53:28,245 Epoch 55000: 平均誤差 = 0.001214, 最大誤差 = 0.004307
2025-06-15 16:57:56,132 Epoch 56000: 平均誤差 = 0.000634, 最大誤差 = 0.003859
2025-06-15 17:02:21,957 Epoch 57000: 平均誤差 = 0.000652, 最大誤差 = 0.004108
2025-06-15 17:06:49,428 Epoch 58000: 平均誤差 = 0.000920, 最大誤差 = 0.003598
2025-06-15 17:11:19,249 Epoch 59000: 平均誤差 = 0.000686, 最大誤差 = 0.003961
2025-06-15 17:15:44,209 Epoch 60000: 平均誤差 = 0.000725, 最大誤差 = 0.003763
2025-06-15 17:20:11,516 Epoch 61000: 平均誤差 = 0.000771, 最大誤差 = 0.004084
2025-06-15 17:24:43,126 Epoch 62000: 平均誤差 = 0.000658, 最大誤差 = 0.004067
2025-06-15 17:29:11,390 Epoch 63000: 平均誤差 = 0.000739, 最大誤差 = 0.004300
2025-06-15 17:33:40,886 Epoch 64000: 平均誤差 = 0.001065, 最大誤差 = 0.004469
2025-06-15 17:38:06,234 Epoch 65000: 平均誤差 = 0.000693, 最大誤差 = 0.004212
2025-06-15 17:42:33,058 Epoch 66000: 平均誤差 = 0.000918, 最大誤差 = 0.004225
2025-06-15 17:46:57,820 Epoch 67000: 平均誤差 = 0.000638, 最大誤差 = 0.004197
2025-06-15 17:51:22,014 Epoch 68000: 平均誤差 = 0.000673, 最大誤差 = 0.004154
2025-06-15 17:55:48,505 Epoch 69000: 平均誤差 = 0.000802, 最大誤差 = 0.004243
2025-06-15 18:00:38,367 Epoch 70000: 平均誤差 = 0.000917, 最大誤差 = 0.004187
2025-06-15 18:06:31,063 Epoch 71000: 平均誤差 = 0.000664, 最大誤差 = 0.003924
2025-06-15 18:12:24,029 Epoch 72000: 平均誤差 = 0.000703, 最大誤差 = 0.003804
2025-06-15 18:18:16,365 Epoch 73000: 平均誤差 = 0.000530, 最大誤差 = 0.003618
2025-06-15 18:24:09,020 Epoch 74000: 平均誤差 = 0.000735, 最大誤差 = 0.003705
2025-06-15 18:30:01,057 Epoch 75000: 平均誤差 = 0.001103, 最大誤差 = 0.003809
2025-06-15 18:35:53,354 Epoch 76000: 平均誤差 = 0.000600, 最大誤差 = 0.003232
2025-06-15 18:41:45,321 Epoch 77000: 平均誤差 = 0.000698, 最大誤差 = 0.003183
2025-06-15 18:47:37,334 Epoch 78000: 平均誤差 = 0.000702, 最大誤差 = 0.002694
2025-06-15 18:53:29,250 Epoch 79000: 平均誤差 = 0.000629, 最大誤差 = 0.002573
2025-06-15 18:59:21,796 Epoch 80000: 平均誤差 = 0.000662, 最大誤差 = 0.002550
2025-06-15 19:05:14,421 Epoch 81000: 平均誤差 = 0.000601, 最大誤差 = 0.002634
2025-06-15 19:11:06,297 Epoch 82000: 平均誤差 = 0.000816, 最大誤差 = 0.002448
2025-06-15 19:16:58,723 Epoch 83000: 平均誤差 = 0.000920, 最大誤差 = 0.002666
2025-06-15 19:22:51,285 Epoch 84000: 平均誤差 = 0.000674, 最大誤差 = 0.002441
2025-06-15 19:28:43,170 Epoch 85000: 平均誤差 = 0.000599, 最大誤差 = 0.002294
2025-06-15 19:34:34,321 Epoch 86000: 平均誤差 = 0.000640, 最大誤差 = 0.002296
2025-06-15 19:40:26,592 Epoch 87000: 平均誤差 = 0.000494, 最大誤差 = 0.002462
2025-06-15 19:46:19,434 Epoch 88000: 平均誤差 = 0.000480, 最大誤差 = 0.002503
2025-06-15 19:52:11,838 Epoch 89000: 平均誤差 = 0.000521, 最大誤差 = 0.002548
2025-06-15 19:58:04,206 Epoch 90000: 平均誤差 = 0.000645, 最大誤差 = 0.002620
2025-06-15 20:03:56,880 Epoch 91000: 平均誤差 = 0.000841, 最大誤差 = 0.002425
2025-06-15 20:09:49,422 Epoch 92000: 平均誤差 = 0.000537, 最大誤差 = 0.002618
2025-06-15 20:15:42,215 Epoch 93000: 平均誤差 = 0.000631, 最大誤差 = 0.002759
2025-06-15 20:21:32,741 Epoch 94000: 平均誤差 = 0.000724, 最大誤差 = 0.002669
2025-06-15 20:27:15,794 Epoch 95000: 平均誤差 = 0.000551, 最大誤差 = 0.002678
2025-06-15 20:32:58,279 Epoch 96000: 平均誤差 = 0.000377, 最大誤差 = 0.002695
2025-06-15 20:38:41,260 Epoch 97000: 平均誤差 = 0.000662, 最大誤差 = 0.002734
2025-06-15 20:44:23,651 Epoch 98000: 平均誤差 = 0.000833, 最大誤差 = 0.002856
2025-06-15 20:50:06,607 Epoch 99000: 平均誤差 = 0.000669, 最大誤差 = 0.002534
2025-06-15 20:54:49,944 Epoch 100000: 平均誤差 = 0.000528, 最大誤差 = 0.002667
2025-06-15 20:54:49,944 モデルは最大エポック数まで収束条件に達しませんでした。収束条件を満たさず終了しました。
2025-06-15 20:54:50,224 トレーニングデータの再構成誤差（平均）：0.0005275519347100146
2025-06-15 20:54:50,224 トレーニングデータの再構成誤差（最大値）：0.002667143804449756
2025-06-15 20:54:50,224 閾値を下回りませんでした3回目
2025-06-15 20:54:57,324 -----------------------------------------------------------------------------------------
2025-06-15 20:54:57,324 探索中: units_1_3=24, units_2=10, 試行回数=3, seed値 = 52
2025-06-15 20:59:25,052 Epoch 1000: 平均誤差 = 0.005843, 最大誤差 = 0.025710
2025-06-15 21:03:53,528 Epoch 2000: 平均誤差 = 0.002620, 最大誤差 = 0.012277
2025-06-15 21:08:26,414 Epoch 3000: 平均誤差 = 0.001602, 最大誤差 = 0.010120
2025-06-15 21:12:57,052 Epoch 4000: 平均誤差 = 0.001480, 最大誤差 = 0.008249
2025-06-15 21:17:27,998 Epoch 5000: 平均誤差 = 0.001537, 最大誤差 = 0.006571
2025-06-15 21:21:57,285 Epoch 6000: 平均誤差 = 0.001546, 最大誤差 = 0.006808
2025-06-15 21:26:26,355 Epoch 7000: 平均誤差 = 0.002018, 最大誤差 = 0.007246
2025-06-15 21:30:56,868 Epoch 8000: 平均誤差 = 0.001505, 最大誤差 = 0.008233
2025-06-15 21:35:25,365 Epoch 9000: 平均誤差 = 0.001793, 最大誤差 = 0.008770
2025-06-15 21:39:53,012 Epoch 10000: 平均誤差 = 0.001400, 最大誤差 = 0.008248
2025-06-15 21:44:23,289 Epoch 11000: 平均誤差 = 0.001131, 最大誤差 = 0.008810
2025-06-15 21:48:55,255 Epoch 12000: 平均誤差 = 0.001327, 最大誤差 = 0.009186
2025-06-15 21:53:25,311 Epoch 13000: 平均誤差 = 0.001647, 最大誤差 = 0.008917
2025-06-15 21:57:54,559 Epoch 14000: 平均誤差 = 0.001149, 最大誤差 = 0.009077
2025-06-15 22:02:23,236 Epoch 15000: 平均誤差 = 0.001219, 最大誤差 = 0.008840
2025-06-15 22:06:51,783 Epoch 16000: 平均誤差 = 0.001390, 最大誤差 = 0.009196
2025-06-15 22:11:23,630 Epoch 17000: 平均誤差 = 0.000822, 最大誤差 = 0.008796
2025-06-15 22:15:54,306 Epoch 18000: 平均誤差 = 0.001191, 最大誤差 = 0.009329
2025-06-15 22:20:23,665 Epoch 19000: 平均誤差 = 0.001250, 最大誤差 = 0.008094
2025-06-15 22:24:54,880 Epoch 20000: 平均誤差 = 0.000994, 最大誤差 = 0.008678
2025-06-15 22:29:25,472 Epoch 21000: 平均誤差 = 0.001265, 最大誤差 = 0.008063
2025-06-15 22:33:54,754 Epoch 22000: 平均誤差 = 0.001150, 最大誤差 = 0.007759
2025-06-15 22:38:23,713 Epoch 23000: 平均誤差 = 0.001397, 最大誤差 = 0.007371
2025-06-15 22:42:54,437 Epoch 24000: 平均誤差 = 0.001039, 最大誤差 = 0.007621
2025-06-15 22:47:27,924 Epoch 25000: 平均誤差 = 0.001100, 最大誤差 = 0.007293
2025-06-15 22:52:00,481 Epoch 26000: 平均誤差 = 0.001203, 最大誤差 = 0.007235
2025-06-15 22:56:30,203 Epoch 27000: 平均誤差 = 0.001288, 最大誤差 = 0.006994
2025-06-15 23:00:59,124 Epoch 28000: 平均誤差 = 0.001014, 最大誤差 = 0.007307
2025-06-15 23:05:28,941 Epoch 29000: 平均誤差 = 0.000810, 最大誤差 = 0.007310
2025-06-15 23:09:59,168 Epoch 30000: 平均誤差 = 0.001125, 最大誤差 = 0.007093
2025-06-15 23:14:31,345 Epoch 31000: 平均誤差 = 0.001690, 最大誤差 = 0.007369
2025-06-15 23:19:04,472 Epoch 32000: 平均誤差 = 0.001079, 最大誤差 = 0.007262
2025-06-15 23:23:37,750 Epoch 33000: 平均誤差 = 0.000857, 最大誤差 = 0.006971
2025-06-15 23:28:08,635 Epoch 34000: 平均誤差 = 0.000817, 最大誤差 = 0.006885
2025-06-15 23:32:39,932 Epoch 35000: 平均誤差 = 0.000877, 最大誤差 = 0.006935
2025-06-15 23:37:10,949 Epoch 36000: 平均誤差 = 0.001756, 最大誤差 = 0.005853
2025-06-15 23:41:45,032 Epoch 37000: 平均誤差 = 0.000924, 最大誤差 = 0.006519
2025-06-15 23:46:14,683 Epoch 38000: 平均誤差 = 0.001111, 最大誤差 = 0.006698
2025-06-15 23:50:44,755 Epoch 39000: 平均誤差 = 0.000774, 最大誤差 = 0.006510
2025-06-15 23:55:15,884 Epoch 40000: 平均誤差 = 0.001211, 最大誤差 = 0.006412
2025-06-15 23:59:44,083 Epoch 41000: 平均誤差 = 0.000796, 最大誤差 = 0.006291
2025-06-16 00:04:14,080 Epoch 42000: 平均誤差 = 0.000833, 最大誤差 = 0.006315
2025-06-16 00:08:47,522 Epoch 43000: 平均誤差 = 0.000889, 最大誤差 = 0.006041
2025-06-16 00:13:18,973 Epoch 44000: 平均誤差 = 0.000879, 最大誤差 = 0.006617
2025-06-16 00:17:49,630 Epoch 45000: 平均誤差 = 0.000698, 最大誤差 = 0.005817
2025-06-16 00:22:20,497 Epoch 46000: 平均誤差 = 0.001148, 最大誤差 = 0.005997
2025-06-16 00:26:48,854 Epoch 47000: 平均誤差 = 0.001035, 最大誤差 = 0.006251
2025-06-16 00:31:18,681 Epoch 48000: 平均誤差 = 0.001034, 最大誤差 = 0.005872
2025-06-16 00:35:47,697 Epoch 49000: 平均誤差 = 0.000888, 最大誤差 = 0.005620
2025-06-16 00:40:17,924 Epoch 50000: 平均誤差 = 0.000987, 最大誤差 = 0.006297
2025-06-16 00:44:47,821 Epoch 51000: 平均誤差 = 0.001004, 最大誤差 = 0.005799
2025-06-16 00:49:16,792 Epoch 52000: 平均誤差 = 0.001075, 最大誤差 = 0.005113
2025-06-16 00:53:49,033 Epoch 53000: 平均誤差 = 0.001091, 最大誤差 = 0.005376
2025-06-16 00:58:19,361 Epoch 54000: 平均誤差 = 0.000609, 最大誤差 = 0.005703
2025-06-16 01:02:49,232 Epoch 55000: 平均誤差 = 0.000726, 最大誤差 = 0.005233
2025-06-16 01:07:20,701 Epoch 56000: 平均誤差 = 0.000957, 最大誤差 = 0.005573
2025-06-16 01:11:49,872 Epoch 57000: 平均誤差 = 0.000790, 最大誤差 = 0.005376
2025-06-16 01:16:23,428 Epoch 58000: 平均誤差 = 0.000683, 最大誤差 = 0.005035
2025-06-16 01:20:54,680 Epoch 59000: 平均誤差 = 0.000701, 最大誤差 = 0.004993
2025-06-16 01:25:26,242 Epoch 60000: 平均誤差 = 0.000703, 最大誤差 = 0.004958
2025-06-16 01:29:55,879 Epoch 61000: 平均誤差 = 0.001008, 最大誤差 = 0.004901
2025-06-16 01:34:24,286 Epoch 62000: 平均誤差 = 0.000968, 最大誤差 = 0.004727
2025-06-16 01:38:54,178 Epoch 63000: 平均誤差 = 0.000704, 最大誤差 = 0.004603
2025-06-16 01:43:22,430 Epoch 64000: 平均誤差 = 0.000470, 最大誤差 = 0.004554
2025-06-16 01:47:53,793 Epoch 65000: 平均誤差 = 0.000701, 最大誤差 = 0.004682
2025-06-16 01:52:23,633 Epoch 66000: 平均誤差 = 0.000884, 最大誤差 = 0.005209
2025-06-16 01:56:51,410 Epoch 67000: 平均誤差 = 0.000632, 最大誤差 = 0.004483
2025-06-16 02:01:20,807 Epoch 68000: 平均誤差 = 0.000691, 最大誤差 = 0.004386
2025-06-16 02:05:49,623 Epoch 69000: 平均誤差 = 0.000700, 最大誤差 = 0.004220
2025-06-16 02:10:18,430 Epoch 70000: 平均誤差 = 0.000943, 最大誤差 = 0.004638
2025-06-16 02:14:47,127 Epoch 71000: 平均誤差 = 0.000660, 最大誤差 = 0.004138
2025-06-16 02:19:15,604 Epoch 72000: 平均誤差 = 0.000853, 最大誤差 = 0.003895
2025-06-16 02:23:43,791 Epoch 73000: 平均誤差 = 0.000812, 最大誤差 = 0.004787
2025-06-16 02:28:14,310 Epoch 74000: 平均誤差 = 0.000797, 最大誤差 = 0.004064
2025-06-16 02:32:42,555 Epoch 75000: 平均誤差 = 0.000648, 最大誤差 = 0.004374
2025-06-16 02:37:10,671 Epoch 76000: 平均誤差 = 0.000840, 最大誤差 = 0.003650
2025-06-16 02:41:38,046 Epoch 77000: 平均誤差 = 0.000438, 最大誤差 = 0.003752
2025-06-16 02:46:06,075 Epoch 78000: 平均誤差 = 0.000686, 最大誤差 = 0.003769
2025-06-16 02:50:33,992 Epoch 79000: 平均誤差 = 0.000677, 最大誤差 = 0.003515
2025-06-16 02:55:03,369 Epoch 80000: 平均誤差 = 0.000736, 最大誤差 = 0.003278
2025-06-16 02:59:31,706 Epoch 81000: 平均誤差 = 0.000463, 最大誤差 = 0.003479
2025-06-16 03:04:00,322 Epoch 82000: 平均誤差 = 0.000610, 最大誤差 = 0.003327
2025-06-16 03:08:28,888 Epoch 83000: 平均誤差 = 0.000789, 最大誤差 = 0.003242
2025-06-16 03:12:58,736 Epoch 84000: 平均誤差 = 0.000737, 最大誤差 = 0.002740
2025-06-16 03:17:27,013 Epoch 85000: 平均誤差 = 0.000886, 最大誤差 = 0.002636
2025-06-16 03:21:55,360 Epoch 86000: 平均誤差 = 0.000654, 最大誤差 = 0.002461
2025-06-16 03:26:24,136 Epoch 87000: 平均誤差 = 0.000424, 最大誤差 = 0.002463
2025-06-16 03:30:53,483 Epoch 88000: 平均誤差 = 0.000576, 最大誤差 = 0.002402
2025-06-16 03:34:46,987 モデルは条件を満たしたため学習を終了しました 88866: 平均誤差=0.000577, 最大誤差=0.001991 < thresholds.
2025-06-16 03:34:46,991 モデルは EarlyStopping により閾値を満たして停止しました。（88866 エポック）
2025-06-16 03:34:47,386 トレーニングデータの再構成誤差（平均）：0.0005766563409714343
2025-06-16 03:34:47,386 トレーニングデータの再構成誤差（最大値）：0.0019911243709606484
2025-06-16 03:34:47,386 閾値を下回るモデルを発見: units_1_3=24, units_2=10
2025-06-16 04:25:03,838 -----------------------------------------------------------------------------------------
2025-06-16 04:25:03,845 探索中: units_1_3=23, units_2=10, 試行回数=3, seed値 = 52
2025-06-16 04:29:31,365 Epoch 1000: 平均誤差 = 0.006252, 最大誤差 = 0.026661
2025-06-16 04:34:05,539 Epoch 2000: 平均誤差 = 0.006224, 最大誤差 = 0.027623
2025-06-16 04:38:39,791 Epoch 3000: 平均誤差 = 0.005869, 最大誤差 = 0.027732
2025-06-16 04:43:14,392 Epoch 4000: 平均誤差 = 0.005774, 最大誤差 = 0.027543
2025-06-16 04:47:48,271 Epoch 5000: 平均誤差 = 0.005766, 最大誤差 = 0.027167
2025-06-16 04:52:20,536 Epoch 6000: 平均誤差 = 0.005772, 最大誤差 = 0.026788
2025-06-16 04:56:54,063 Epoch 7000: 平均誤差 = 0.005710, 最大誤差 = 0.026633
2025-06-16 05:01:29,180 Epoch 8000: 平均誤差 = 0.005688, 最大誤差 = 0.026304
2025-06-16 05:06:03,532 Epoch 9000: 平均誤差 = 0.005511, 最大誤差 = 0.025630
2025-06-16 05:10:34,833 Epoch 10000: 平均誤差 = 0.005673, 最大誤差 = 0.023881
2025-06-16 05:15:09,090 Epoch 11000: 平均誤差 = 0.003738, 最大誤差 = 0.013333
2025-06-16 05:19:44,156 Epoch 12000: 平均誤差 = 0.003733, 最大誤差 = 0.013495
2025-06-16 05:24:18,733 Epoch 13000: 平均誤差 = 0.003589, 最大誤差 = 0.013604
2025-06-16 05:28:52,190 Epoch 14000: 平均誤差 = 0.003585, 最大誤差 = 0.013887
2025-06-16 05:33:27,487 Epoch 15000: 平均誤差 = 0.003567, 最大誤差 = 0.014100
2025-06-16 05:37:59,713 Epoch 16000: 平均誤差 = 0.003536, 最大誤差 = 0.014247
2025-06-16 05:42:32,845 Epoch 17000: 平均誤差 = 0.003546, 最大誤差 = 0.014379
2025-06-16 05:47:07,467 Epoch 18000: 平均誤差 = 0.003543, 最大誤差 = 0.014476
2025-06-16 05:51:42,235 Epoch 19000: 平均誤差 = 0.003472, 最大誤差 = 0.014489
2025-06-16 05:56:16,265 Epoch 20000: 平均誤差 = 0.003460, 最大誤差 = 0.014489
2025-06-16 06:00:51,327 Epoch 21000: 平均誤差 = 0.003490, 最大誤差 = 0.014568
2025-06-16 06:05:25,379 Epoch 22000: 平均誤差 = 0.003435, 最大誤差 = 0.014431
2025-06-16 06:09:59,541 Epoch 23000: 平均誤差 = 0.003393, 最大誤差 = 0.014477
2025-06-16 06:14:34,583 Epoch 24000: 平均誤差 = 0.003414, 最大誤差 = 0.014497
2025-06-16 06:19:08,364 Epoch 25000: 平均誤差 = 0.003420, 最大誤差 = 0.014322
2025-06-16 06:23:42,441 Epoch 26000: 平均誤差 = 0.003367, 最大誤差 = 0.014483
2025-06-16 06:28:16,938 Epoch 27000: 平均誤差 = 0.003354, 最大誤差 = 0.014456
2025-06-16 06:32:51,548 Epoch 28000: 平均誤差 = 0.003322, 最大誤差 = 0.014432
2025-06-16 06:37:25,541 Epoch 29000: 平均誤差 = 0.003324, 最大誤差 = 0.014467
2025-06-16 06:42:00,578 Epoch 30000: 平均誤差 = 0.003311, 最大誤差 = 0.014477
2025-06-16 06:46:34,655 Epoch 31000: 平均誤差 = 0.003293, 最大誤差 = 0.014515
2025-06-16 06:51:06,182 Epoch 32000: 平均誤差 = 0.003291, 最大誤差 = 0.014551
2025-06-16 06:55:38,542 Epoch 33000: 平均誤差 = 0.003290, 最大誤差 = 0.014587
2025-06-16 07:00:11,235 Epoch 34000: 平均誤差 = 0.003302, 最大誤差 = 0.014638
2025-06-16 07:04:45,926 Epoch 35000: 平均誤差 = 0.003322, 最大誤差 = 0.014699
2025-06-16 07:09:19,113 Epoch 36000: 平均誤差 = 0.003317, 最大誤差 = 0.014751
2025-06-16 07:13:52,420 Epoch 37000: 平均誤差 = 0.003337, 最大誤差 = 0.014832
2025-06-16 07:18:25,422 Epoch 38000: 平均誤差 = 0.003297, 最大誤差 = 0.014873
2025-06-16 07:23:00,239 Epoch 39000: 平均誤差 = 0.003277, 最大誤差 = 0.014920
2025-06-16 07:27:33,166 Epoch 40000: 平均誤差 = 0.003280, 最大誤差 = 0.014991
2025-06-16 07:32:07,104 Epoch 41000: 平均誤差 = 0.003245, 最大誤差 = 0.014985
2025-06-16 07:36:41,010 Epoch 42000: 平均誤差 = 0.001862, 最大誤差 = 0.009171
2025-06-16 07:41:14,829 Epoch 43000: 平均誤差 = 0.001468, 最大誤差 = 0.006112
2025-06-16 07:45:49,213 Epoch 44000: 平均誤差 = 0.001513, 最大誤差 = 0.006731
2025-06-16 07:50:21,890 Epoch 45000: 平均誤差 = 0.001384, 最大誤差 = 0.006467
2025-06-16 07:54:54,787 Epoch 46000: 平均誤差 = 0.001151, 最大誤差 = 0.006019
2025-06-16 07:59:29,013 Epoch 47000: 平均誤差 = 0.000973, 最大誤差 = 0.006318
2025-06-16 08:04:03,980 Epoch 48000: 平均誤差 = 0.001230, 最大誤差 = 0.006248
2025-06-16 08:08:38,368 Epoch 49000: 平均誤差 = 0.001369, 最大誤差 = 0.006821
2025-06-16 08:13:13,774 Epoch 50000: 平均誤差 = 0.000969, 最大誤差 = 0.006871
2025-06-16 08:17:51,250 Epoch 51000: 平均誤差 = 0.000762, 最大誤差 = 0.006463
2025-06-16 08:22:23,917 Epoch 52000: 平均誤差 = 0.001192, 最大誤差 = 0.006736
2025-06-16 08:26:54,524 Epoch 53000: 平均誤差 = 0.001210, 最大誤差 = 0.006812
2025-06-16 08:31:25,462 Epoch 54000: 平均誤差 = 0.000873, 最大誤差 = 0.007032
2025-06-16 08:35:59,228 Epoch 55000: 平均誤差 = 0.000997, 最大誤差 = 0.006991
2025-06-16 08:40:32,636 Epoch 56000: 平均誤差 = 0.000715, 最大誤差 = 0.006716
2025-06-16 08:45:07,184 Epoch 57000: 平均誤差 = 0.000807, 最大誤差 = 0.006922
2025-06-16 08:49:41,911 Epoch 58000: 平均誤差 = 0.000895, 最大誤差 = 0.006882
2025-06-16 08:54:15,415 Epoch 59000: 平均誤差 = 0.000760, 最大誤差 = 0.006858
2025-06-16 08:58:50,218 Epoch 60000: 平均誤差 = 0.001034, 最大誤差 = 0.006463
2025-06-16 09:03:24,480 Epoch 61000: 平均誤差 = 0.001359, 最大誤差 = 0.006522
2025-06-16 09:07:57,595 Epoch 62000: 平均誤差 = 0.000868, 最大誤差 = 0.006705
2025-06-16 09:12:32,492 Epoch 63000: 平均誤差 = 0.000888, 最大誤差 = 0.006241
2025-06-16 09:17:07,759 Epoch 64000: 平均誤差 = 0.000909, 最大誤差 = 0.006430
2025-06-16 09:21:41,230 Epoch 65000: 平均誤差 = 0.000791, 最大誤差 = 0.006535
2025-06-16 09:26:12,894 Epoch 66000: 平均誤差 = 0.000884, 最大誤差 = 0.006061
2025-06-16 09:30:47,339 Epoch 67000: 平均誤差 = 0.000913, 最大誤差 = 0.006483
2025-06-16 09:35:21,756 Epoch 68000: 平均誤差 = 0.000851, 最大誤差 = 0.006168
2025-06-16 09:39:56,203 Epoch 69000: 平均誤差 = 0.001172, 最大誤差 = 0.007049
2025-06-16 09:44:29,090 Epoch 70000: 平均誤差 = 0.000948, 最大誤差 = 0.006713
2025-06-16 09:48:59,837 Epoch 71000: 平均誤差 = 0.001068, 最大誤差 = 0.006554
2025-06-16 09:53:29,433 Epoch 72000: 平均誤差 = 0.001106, 最大誤差 = 0.006312
2025-06-16 09:57:57,800 Epoch 73000: 平均誤差 = 0.001296, 最大誤差 = 0.006110
2025-06-16 10:02:28,272 Epoch 74000: 平均誤差 = 0.001010, 最大誤差 = 0.005907
2025-06-16 10:07:01,143 Epoch 75000: 平均誤差 = 0.000598, 最大誤差 = 0.005997
2025-06-16 10:11:32,150 Epoch 76000: 平均誤差 = 0.001063, 最大誤差 = 0.006055
2025-06-16 10:16:05,597 Epoch 77000: 平均誤差 = 0.000910, 最大誤差 = 0.005686
2025-06-16 10:20:38,853 Epoch 78000: 平均誤差 = 0.000847, 最大誤差 = 0.005473
2025-06-16 10:25:11,601 Epoch 79000: 平均誤差 = 0.000664, 最大誤差 = 0.005639
2025-06-16 10:29:42,430 Epoch 80000: 平均誤差 = 0.001064, 最大誤差 = 0.006280
2025-06-16 10:34:16,356 Epoch 81000: 平均誤差 = 0.001013, 最大誤差 = 0.005818
2025-06-16 10:38:51,341 Epoch 82000: 平均誤差 = 0.000925, 最大誤差 = 0.006057
2025-06-16 10:43:25,681 Epoch 83000: 平均誤差 = 0.000804, 最大誤差 = 0.006075
2025-06-16 10:48:04,144 Epoch 84000: 平均誤差 = 0.001021, 最大誤差 = 0.005558
2025-06-16 10:53:55,660 Epoch 85000: 平均誤差 = 0.000459, 最大誤差 = 0.005778
2025-06-16 10:59:47,686 Epoch 86000: 平均誤差 = 0.000819, 最大誤差 = 0.005866
2025-06-16 11:05:38,442 Epoch 87000: 平均誤差 = 0.000725, 最大誤差 = 0.005751
2025-06-16 11:11:28,768 Epoch 88000: 平均誤差 = 0.000894, 最大誤差 = 0.005913
2025-06-16 11:17:18,844 Epoch 89000: 平均誤差 = 0.000885, 最大誤差 = 0.006194
2025-06-16 11:23:09,770 Epoch 90000: 平均誤差 = 0.000483, 最大誤差 = 0.006043
2025-06-16 11:29:00,375 Epoch 91000: 平均誤差 = 0.000647, 最大誤差 = 0.006033
2025-06-16 11:34:51,171 Epoch 92000: 平均誤差 = 0.000590, 最大誤差 = 0.006041
2025-06-16 11:40:41,732 Epoch 93000: 平均誤差 = 0.000680, 最大誤差 = 0.005840
2025-06-16 11:46:32,683 Epoch 94000: 平均誤差 = 0.000660, 最大誤差 = 0.005660
2025-06-16 11:52:24,259 Epoch 95000: 平均誤差 = 0.000738, 最大誤差 = 0.005428
2025-06-16 11:58:15,242 Epoch 96000: 平均誤差 = 0.001038, 最大誤差 = 0.005257
2025-06-16 12:04:06,190 Epoch 97000: 平均誤差 = 0.001083, 最大誤差 = 0.004719
2025-06-16 12:09:57,346 Epoch 98000: 平均誤差 = 0.000620, 最大誤差 = 0.004614
2025-06-16 12:15:44,697 Epoch 99000: 平均誤差 = 0.000844, 最大誤差 = 0.004268
2025-06-16 12:21:19,878 Epoch 100000: 平均誤差 = 0.000817, 最大誤差 = 0.004498
2025-06-16 12:21:19,888 モデルは最大エポック数まで収束条件に達しませんでした。収束条件を満たさず終了しました。
2025-06-16 12:21:20,389 トレーニングデータの再構成誤差（平均）：0.0008173707374238212
2025-06-16 12:21:20,389 トレーニングデータの再構成誤差（最大値）：0.004498276317721699
2025-06-16 12:21:20,389 閾値を下回りませんでした3回目
2025-06-16 12:21:27,488 -----------------------------------------------------------------------------------------
2025-06-16 12:21:27,488 探索中: units_1_3=24, units_2=9, 試行回数=3, seed値 = 52
2025-06-16 12:27:11,294 Epoch 1000: 平均誤差 = 0.006637, 最大誤差 = 0.026832
2025-06-16 12:33:01,700 Epoch 2000: 平均誤差 = 0.004472, 最大誤差 = 0.019873
2025-06-16 12:38:51,886 Epoch 3000: 平均誤差 = 0.003993, 最大誤差 = 0.014992
2025-06-16 12:44:42,422 Epoch 4000: 平均誤差 = 0.003718, 最大誤差 = 0.013390
2025-06-16 12:50:32,638 Epoch 5000: 平均誤差 = 0.003732, 最大誤差 = 0.012881
2025-06-16 12:56:23,183 Epoch 6000: 平均誤差 = 0.003661, 最大誤差 = 0.013096
2025-06-16 13:02:13,879 Epoch 7000: 平均誤差 = 0.003741, 最大誤差 = 0.013361
2025-06-16 13:08:00,089 Epoch 8000: 平均誤差 = 0.003674, 最大誤差 = 0.013550
2025-06-16 13:13:50,801 Epoch 9000: 平均誤差 = 0.003568, 最大誤差 = 0.013564
2025-06-16 13:19:40,987 Epoch 10000: 平均誤差 = 0.003560, 最大誤差 = 0.013673
2025-06-16 13:25:31,410 Epoch 11000: 平均誤差 = 0.003496, 最大誤差 = 0.013840
2025-06-16 13:31:22,099 Epoch 12000: 平均誤差 = 0.003438, 最大誤差 = 0.013863
2025-06-16 13:37:12,705 Epoch 13000: 平均誤差 = 0.003403, 最大誤差 = 0.013941
2025-06-16 13:43:03,012 Epoch 14000: 平均誤差 = 0.003380, 最大誤差 = 0.013965
2025-06-16 13:48:53,286 Epoch 15000: 平均誤差 = 0.003358, 最大誤差 = 0.013986
2025-06-16 13:54:43,883 Epoch 16000: 平均誤差 = 0.003353, 最大誤差 = 0.014023
2025-06-16 14:00:34,018 Epoch 17000: 平均誤差 = 0.003336, 最大誤差 = 0.014085
2025-06-16 14:06:23,948 Epoch 18000: 平均誤差 = 0.003310, 最大誤差 = 0.014127
2025-06-16 14:12:13,652 Epoch 19000: 平均誤差 = 0.003304, 最大誤差 = 0.014196
2025-06-16 14:18:03,086 Epoch 20000: 平均誤差 = 0.003298, 最大誤差 = 0.014305
2025-06-16 14:23:52,532 Epoch 21000: 平均誤差 = 0.003301, 最大誤差 = 0.014310
2025-06-16 14:29:41,528 Epoch 22000: 平均誤差 = 0.003278, 最大誤差 = 0.014440
2025-06-16 14:35:31,004 Epoch 23000: 平均誤差 = 0.003279, 最大誤差 = 0.014499
2025-06-16 14:41:20,410 Epoch 24000: 平均誤差 = 0.003271, 最大誤差 = 0.014638
2025-06-16 14:47:09,857 Epoch 25000: 平均誤差 = 0.003251, 最大誤差 = 0.014698
2025-06-16 14:52:59,423 Epoch 26000: 平均誤差 = 0.003244, 最大誤差 = 0.014764
2025-06-16 14:58:50,199 Epoch 27000: 平均誤差 = 0.003241, 最大誤差 = 0.014832
2025-06-16 15:04:41,255 Epoch 28000: 平均誤差 = 0.003237, 最大誤差 = 0.014903
2025-06-16 15:10:31,181 Epoch 29000: 平均誤差 = 0.003241, 最大誤差 = 0.014971
2025-06-16 15:16:21,377 Epoch 30000: 平均誤差 = 0.003245, 最大誤差 = 0.015009
2025-06-16 15:22:11,626 Epoch 31000: 平均誤差 = 0.003252, 最大誤差 = 0.015089
2025-06-16 15:28:02,569 Epoch 32000: 平均誤差 = 0.003324, 最大誤差 = 0.015137
2025-06-16 15:33:52,875 Epoch 33000: 平均誤差 = 0.003339, 最大誤差 = 0.015145
2025-06-16 15:39:42,971 Epoch 34000: 平均誤差 = 0.003326, 最大誤差 = 0.015152
2025-06-16 15:45:33,917 Epoch 35000: 平均誤差 = 0.003266, 最大誤差 = 0.015133
2025-06-16 15:51:24,573 Epoch 36000: 平均誤差 = 0.003259, 最大誤差 = 0.015079
2025-06-16 15:57:13,868 Epoch 37000: 平均誤差 = 0.003263, 最大誤差 = 0.015046
2025-06-16 16:03:02,808 Epoch 38000: 平均誤差 = 0.003298, 最大誤差 = 0.015063
2025-06-16 16:08:51,400 Epoch 39000: 平均誤差 = 0.003258, 最大誤差 = 0.014952
2025-06-16 16:14:39,487 Epoch 40000: 平均誤差 = 0.003265, 最大誤差 = 0.014920
2025-06-16 16:19:46,503 Epoch 41000: 平均誤差 = 0.003290, 最大誤差 = 0.014830
2025-06-16 16:24:16,909 Epoch 42000: 平均誤差 = 0.003300, 最大誤差 = 0.014713
2025-06-16 16:28:46,807 Epoch 43000: 平均誤差 = 0.003271, 最大誤差 = 0.014606
2025-06-16 16:33:14,724 Epoch 44000: 平均誤差 = 0.003318, 最大誤差 = 0.014535
2025-06-16 16:37:42,381 Epoch 45000: 平均誤差 = 0.003327, 最大誤差 = 0.014401
2025-06-16 16:42:11,417 Epoch 46000: 平均誤差 = 0.003318, 最大誤差 = 0.014248
2025-06-16 16:46:39,154 Epoch 47000: 平均誤差 = 0.003300, 最大誤差 = 0.014107
2025-06-16 16:51:11,582 Epoch 48000: 平均誤差 = 0.003255, 最大誤差 = 0.013959
2025-06-16 16:55:39,438 Epoch 49000: 平均誤差 = 0.003265, 最大誤差 = 0.013861
2025-06-16 17:00:12,594 Epoch 50000: 平均誤差 = 0.003265, 最大誤差 = 0.013762
2025-06-16 17:04:41,671 Epoch 51000: 平均誤差 = 0.003259, 最大誤差 = 0.013672
2025-06-16 17:09:09,288 Epoch 52000: 平均誤差 = 0.003223, 最大誤差 = 0.013586
2025-06-16 17:13:37,742 Epoch 53000: 平均誤差 = 0.003222, 最大誤差 = 0.013543
2025-06-16 17:18:06,412 Epoch 54000: 平均誤差 = 0.003231, 最大誤差 = 0.013534
2025-06-16 17:22:32,599 Epoch 55000: 平均誤差 = 0.003222, 最大誤差 = 0.013513
2025-06-16 17:26:59,316 Epoch 56000: 平均誤差 = 0.003217, 最大誤差 = 0.013482
2025-06-16 17:31:28,874 Epoch 57000: 平均誤差 = 0.003211, 最大誤差 = 0.013447
2025-06-16 17:35:55,389 Epoch 58000: 平均誤差 = 0.003205, 最大誤差 = 0.013412
2025-06-16 17:41:18,249 Epoch 59000: 平均誤差 = 0.003217, 最大誤差 = 0.013377
2025-06-16 17:46:51,912 Epoch 60000: 平均誤差 = 0.003203, 最大誤差 = 0.013348
2025-06-16 17:52:39,730 Epoch 61000: 平均誤差 = 0.003193, 最大誤差 = 0.013319
2025-06-16 17:58:27,474 Epoch 62000: 平均誤差 = 0.003186, 最大誤差 = 0.013290
2025-06-16 18:04:15,200 Epoch 63000: 平均誤差 = 0.003181, 最大誤差 = 0.013264
2025-06-16 18:10:02,387 Epoch 64000: 平均誤差 = 0.003176, 最大誤差 = 0.013240
2025-06-16 18:15:49,683 Epoch 65000: 平均誤差 = 0.003173, 最大誤差 = 0.013218
2025-06-16 18:21:38,069 Epoch 66000: 平均誤差 = 0.003169, 最大誤差 = 0.013190
2025-06-16 18:27:26,405 Epoch 67000: 平均誤差 = 0.003178, 最大誤差 = 0.013200
2025-06-16 18:33:15,107 Epoch 68000: 平均誤差 = 0.003174, 最大誤差 = 0.013213
2025-06-16 18:39:03,807 Epoch 69000: 平均誤差 = 0.003207, 最大誤差 = 0.013213
2025-06-16 18:44:52,383 Epoch 70000: 平均誤差 = 0.003215, 最大誤差 = 0.013230
2025-06-16 18:50:40,449 Epoch 71000: 平均誤差 = 0.003215, 最大誤差 = 0.013264
2025-06-16 18:56:28,809 Epoch 72000: 平均誤差 = 0.003209, 最大誤差 = 0.013296
2025-06-16 19:02:16,872 Epoch 73000: 平均誤差 = 0.003196, 最大誤差 = 0.013317
2025-06-16 19:08:05,207 Epoch 74000: 平均誤差 = 0.003183, 最大誤差 = 0.013348
2025-06-16 19:13:53,624 Epoch 75000: 平均誤差 = 0.003188, 最大誤差 = 0.013379
2025-06-16 19:19:42,570 Epoch 76000: 平均誤差 = 0.003187, 最大誤差 = 0.013406
2025-06-16 19:25:30,806 Epoch 77000: 平均誤差 = 0.003188, 最大誤差 = 0.013425
2025-06-16 19:31:20,352 Epoch 78000: 平均誤差 = 0.003190, 最大誤差 = 0.013439
2025-06-16 19:37:08,460 Epoch 79000: 平均誤差 = 0.003192, 最大誤差 = 0.013449
2025-06-16 19:42:57,057 Epoch 80000: 平均誤差 = 0.003194, 最大誤差 = 0.013458
2025-06-16 19:48:45,180 Epoch 81000: 平均誤差 = 0.003195, 最大誤差 = 0.013468
2025-06-16 19:54:22,966 Epoch 82000: 平均誤差 = 0.003195, 最大誤差 = 0.013477
2025-06-16 20:00:11,172 Epoch 83000: 平均誤差 = 0.003195, 最大誤差 = 0.013485
2025-06-16 20:06:00,738 Epoch 84000: 平均誤差 = 0.003197, 最大誤差 = 0.013491
2025-06-16 20:11:49,194 Epoch 85000: 平均誤差 = 0.003196, 最大誤差 = 0.013493
2025-06-16 20:17:38,131 Epoch 86000: 平均誤差 = 0.003194, 最大誤差 = 0.013492
2025-06-16 20:23:26,270 Epoch 87000: 平均誤差 = 0.003188, 最大誤差 = 0.013491
2025-06-16 20:29:14,302 Epoch 88000: 平均誤差 = 0.003181, 最大誤差 = 0.013489
2025-06-16 20:35:02,738 Epoch 89000: 平均誤差 = 0.003175, 最大誤差 = 0.013488
2025-06-16 20:40:51,384 Epoch 90000: 平均誤差 = 0.003170, 最大誤差 = 0.013488
2025-06-16 20:46:39,991 Epoch 91000: 平均誤差 = 0.003169, 最大誤差 = 0.013486
2025-06-16 20:52:28,117 Epoch 92000: 平均誤差 = 0.003168, 最大誤差 = 0.013483
2025-06-16 20:58:16,672 Epoch 93000: 平均誤差 = 0.003169, 最大誤差 = 0.013477
2025-06-16 21:04:05,382 Epoch 94000: 平均誤差 = 0.003169, 最大誤差 = 0.013471
2025-06-16 21:09:54,485 Epoch 95000: 平均誤差 = 0.003169, 最大誤差 = 0.013463
2025-06-16 21:15:43,139 Epoch 96000: 平均誤差 = 0.003158, 最大誤差 = 0.013451
2025-06-16 21:21:31,997 Epoch 97000: 平均誤差 = 0.003155, 最大誤差 = 0.013480
2025-06-16 21:27:20,763 Epoch 98000: 平均誤差 = 0.003148, 最大誤差 = 0.013509
2025-06-16 21:33:09,299 Epoch 99000: 平均誤差 = 0.003143, 最大誤差 = 0.013539
2025-06-16 21:38:52,025 Epoch 100000: 平均誤差 = 0.003141, 最大誤差 = 0.013566
2025-06-16 21:38:52,038 モデルは最大エポック数まで収束条件に達しませんでした。収束条件を満たさず終了しました。
2025-06-16 21:38:52,546 トレーニングデータの再構成誤差（平均）：0.003140530280901573
2025-06-16 21:38:52,546 トレーニングデータの再構成誤差（最大値）：0.013566413279325963
2025-06-16 21:38:52,546 閾値を下回りませんでした3回目
