2025-06-14 14:30:24,416 -----------------------------------------------------------------------------------------
2025-06-14 14:30:24,417 探索中: units_1_3=22, units_2=10, 試行回数=4, seed値 = 53
2025-06-14 14:34:48,435 Epoch 1000: 平均誤差 = 0.007245, 最大誤差 = 0.041133
2025-06-14 14:39:13,806 Epoch 2000: 平均誤差 = 0.004290, 最大誤差 = 0.014944
2025-06-14 14:43:41,402 Epoch 3000: 平均誤差 = 0.003699, 最大誤差 = 0.014435
2025-06-14 14:48:08,536 Epoch 4000: 平均誤差 = 0.003552, 最大誤差 = 0.014258
2025-06-14 14:52:36,563 Epoch 5000: 平均誤差 = 0.003408, 最大誤差 = 0.014124
2025-06-14 14:57:03,810 Epoch 6000: 平均誤差 = 0.003678, 最大誤差 = 0.013930
2025-06-14 15:01:31,107 Epoch 7000: 平均誤差 = 0.003648, 最大誤差 = 0.013653
2025-06-14 15:05:59,674 Epoch 8000: 平均誤差 = 0.003586, 最大誤差 = 0.013819
2025-06-14 15:10:29,954 Epoch 9000: 平均誤差 = 0.003581, 最大誤差 = 0.013888
2025-06-14 15:14:58,508 Epoch 10000: 平均誤差 = 0.003494, 最大誤差 = 0.013526
2025-06-14 15:19:27,693 Epoch 11000: 平均誤差 = 0.001616, 最大誤差 = 0.006951
2025-06-14 15:23:54,502 Epoch 12000: 平均誤差 = 0.001640, 最大誤差 = 0.006841
2025-06-14 15:28:23,449 Epoch 13000: 平均誤差 = 0.002059, 最大誤差 = 0.006591
2025-06-14 15:32:50,836 Epoch 14000: 平均誤差 = 0.001233, 最大誤差 = 0.006809
2025-06-14 15:37:18,233 Epoch 15000: 平均誤差 = 0.001827, 最大誤差 = 0.007165
2025-06-14 15:41:49,830 Epoch 16000: 平均誤差 = 0.001502, 最大誤差 = 0.006376
2025-06-14 15:46:17,600 Epoch 17000: 平均誤差 = 0.001480, 最大誤差 = 0.006318
2025-06-14 15:50:46,257 Epoch 18000: 平均誤差 = 0.001084, 最大誤差 = 0.006218
2025-06-14 15:55:15,777 Epoch 19000: 平均誤差 = 0.001659, 最大誤差 = 0.006131
2025-06-14 15:59:46,357 Epoch 20000: 平均誤差 = 0.001783, 最大誤差 = 0.006127
2025-06-14 16:04:16,524 Epoch 21000: 平均誤差 = 0.001573, 最大誤差 = 0.005868
2025-06-14 16:08:48,781 Epoch 22000: 平均誤差 = 0.001898, 最大誤差 = 0.006026
2025-06-14 16:13:22,194 Epoch 23000: 平均誤差 = 0.001394, 最大誤差 = 0.005368
2025-06-14 16:17:53,939 Epoch 24000: 平均誤差 = 0.001242, 最大誤差 = 0.005388
2025-06-14 16:22:25,424 Epoch 25000: 平均誤差 = 0.001589, 最大誤差 = 0.006220
2025-06-14 16:26:55,891 Epoch 26000: 平均誤差 = 0.001977, 最大誤差 = 0.006573
2025-06-14 16:31:22,566 Epoch 27000: 平均誤差 = 0.001572, 最大誤差 = 0.006166
2025-06-14 16:35:50,188 Epoch 28000: 平均誤差 = 0.001271, 最大誤差 = 0.006049
2025-06-14 16:40:23,035 Epoch 29000: 平均誤差 = 0.001193, 最大誤差 = 0.005986
2025-06-14 16:44:55,807 Epoch 30000: 平均誤差 = 0.001661, 最大誤差 = 0.007142
2025-06-14 16:49:25,414 Epoch 31000: 平均誤差 = 0.001133, 最大誤差 = 0.006564
2025-06-14 16:53:52,388 Epoch 32000: 平均誤差 = 0.000986, 最大誤差 = 0.006832
2025-06-14 16:58:24,958 Epoch 33000: 平均誤差 = 0.000915, 最大誤差 = 0.006612
2025-06-14 17:02:56,615 Epoch 34000: 平均誤差 = 0.000990, 最大誤差 = 0.006827
2025-06-14 17:07:26,952 Epoch 35000: 平均誤差 = 0.000807, 最大誤差 = 0.007086
2025-06-14 17:11:53,199 Epoch 36000: 平均誤差 = 0.000968, 最大誤差 = 0.007263
2025-06-14 17:16:23,816 Epoch 37000: 平均誤差 = 0.001022, 最大誤差 = 0.007745
2025-06-14 17:20:53,769 Epoch 38000: 平均誤差 = 0.001590, 最大誤差 = 0.007846
2025-06-14 17:25:21,559 Epoch 39000: 平均誤差 = 0.001613, 最大誤差 = 0.007314
2025-06-14 17:29:48,557 Epoch 40000: 平均誤差 = 0.000953, 最大誤差 = 0.007713
2025-06-14 17:34:16,934 Epoch 41000: 平均誤差 = 0.001269, 最大誤差 = 0.007700
2025-06-14 17:38:46,473 Epoch 42000: 平均誤差 = 0.000776, 最大誤差 = 0.007838
2025-06-14 17:43:15,322 Epoch 43000: 平均誤差 = 0.001251, 最大誤差 = 0.008744
2025-06-14 17:47:50,248 Epoch 44000: 平均誤差 = 0.001386, 最大誤差 = 0.007863
2025-06-14 17:52:12,992 Epoch 45000: 平均誤差 = 0.000994, 最大誤差 = 0.008304
2025-06-14 17:56:34,329 Epoch 46000: 平均誤差 = 0.001322, 最大誤差 = 0.007937
2025-06-14 18:00:55,746 Epoch 47000: 平均誤差 = 0.000922, 最大誤差 = 0.008497
2025-06-14 18:05:17,763 Epoch 48000: 平均誤差 = 0.001259, 最大誤差 = 0.007993
2025-06-14 18:09:41,310 Epoch 49000: 平均誤差 = 0.000859, 最大誤差 = 0.007817
2025-06-14 18:14:02,064 Epoch 50000: 平均誤差 = 0.000731, 最大誤差 = 0.008150
2025-06-14 18:18:21,915 Epoch 51000: 平均誤差 = 0.001161, 最大誤差 = 0.007879
2025-06-14 18:22:45,377 Epoch 52000: 平均誤差 = 0.001239, 最大誤差 = 0.008276
2025-06-14 18:27:09,258 Epoch 53000: 平均誤差 = 0.000852, 最大誤差 = 0.007351
2025-06-14 18:31:31,355 Epoch 54000: 平均誤差 = 0.001027, 最大誤差 = 0.007472
2025-06-14 18:35:53,206 Epoch 55000: 平均誤差 = 0.000994, 最大誤差 = 0.006870
2025-06-14 18:40:18,272 Epoch 56000: 平均誤差 = 0.001135, 最大誤差 = 0.005974
2025-06-14 18:44:48,946 Epoch 57000: 平均誤差 = 0.001264, 最大誤差 = 0.005986
2025-06-14 18:49:15,433 Epoch 58000: 平均誤差 = 0.000994, 最大誤差 = 0.005662
2025-06-14 18:53:45,450 Epoch 59000: 平均誤差 = 0.001447, 最大誤差 = 0.005566
2025-06-14 18:58:12,358 Epoch 60000: 平均誤差 = 0.001119, 最大誤差 = 0.005627
2025-06-14 19:02:39,616 Epoch 61000: 平均誤差 = 0.001306, 最大誤差 = 0.005344
2025-06-14 19:07:07,971 Epoch 62000: 平均誤差 = 0.001023, 最大誤差 = 0.005033
2025-06-14 19:11:33,638 Epoch 63000: 平均誤差 = 0.001279, 最大誤差 = 0.005297
2025-06-14 19:15:58,831 Epoch 64000: 平均誤差 = 0.000554, 最大誤差 = 0.004976
2025-06-14 19:20:28,113 Epoch 65000: 平均誤差 = 0.000679, 最大誤差 = 0.004913
2025-06-14 19:24:57,070 Epoch 66000: 平均誤差 = 0.000712, 最大誤差 = 0.004706
2025-06-14 19:29:23,775 Epoch 67000: 平均誤差 = 0.000907, 最大誤差 = 0.004613
2025-06-14 19:33:52,424 Epoch 68000: 平均誤差 = 0.000857, 最大誤差 = 0.004786
2025-06-14 19:38:19,901 Epoch 69000: 平均誤差 = 0.000719, 最大誤差 = 0.004862
2025-06-14 19:42:49,518 Epoch 70000: 平均誤差 = 0.000896, 最大誤差 = 0.004961
2025-06-14 19:47:15,324 Epoch 71000: 平均誤差 = 0.000548, 最大誤差 = 0.004465
2025-06-14 19:51:47,406 Epoch 72000: 平均誤差 = 0.001119, 最大誤差 = 0.004461
2025-06-14 19:56:15,046 Epoch 73000: 平均誤差 = 0.000582, 最大誤差 = 0.004470
2025-06-14 20:00:41,554 Epoch 74000: 平均誤差 = 0.000907, 最大誤差 = 0.004550
2025-06-14 20:05:08,640 Epoch 75000: 平均誤差 = 0.000793, 最大誤差 = 0.004447
2025-06-14 20:09:39,683 Epoch 76000: 平均誤差 = 0.000539, 最大誤差 = 0.004514
2025-06-14 20:14:07,557 Epoch 77000: 平均誤差 = 0.000812, 最大誤差 = 0.004306
2025-06-14 20:18:37,204 Epoch 78000: 平均誤差 = 0.000639, 最大誤差 = 0.004425
2025-06-14 20:23:08,553 Epoch 79000: 平均誤差 = 0.000725, 最大誤差 = 0.004383
2025-06-14 20:27:36,288 Epoch 80000: 平均誤差 = 0.000666, 最大誤差 = 0.004170
2025-06-14 20:32:01,695 Epoch 81000: 平均誤差 = 0.000788, 最大誤差 = 0.004378
2025-06-14 20:36:28,742 Epoch 82000: 平均誤差 = 0.000564, 最大誤差 = 0.004077
2025-06-14 20:41:28,809 Epoch 83000: 平均誤差 = 0.000717, 最大誤差 = 0.004208
2025-06-14 20:46:14,470 Epoch 84000: 平均誤差 = 0.000961, 最大誤差 = 0.004113
2025-06-14 20:50:41,252 Epoch 85000: 平均誤差 = 0.000929, 最大誤差 = 0.004152
2025-06-14 20:55:08,956 Epoch 86000: 平均誤差 = 0.000969, 最大誤差 = 0.004331
2025-06-14 20:59:36,119 Epoch 87000: 平均誤差 = 0.000461, 最大誤差 = 0.003680
2025-06-14 21:04:02,903 Epoch 88000: 平均誤差 = 0.000626, 最大誤差 = 0.003610
2025-06-14 21:08:34,130 Epoch 89000: 平均誤差 = 0.000668, 最大誤差 = 0.003569
2025-06-14 21:13:06,435 Epoch 90000: 平均誤差 = 0.001090, 最大誤差 = 0.003833
2025-06-14 21:17:34,167 Epoch 91000: 平均誤差 = 0.000572, 最大誤差 = 0.003459
2025-06-14 21:22:06,401 Epoch 92000: 平均誤差 = 0.000603, 最大誤差 = 0.003361
2025-06-14 21:26:38,498 Epoch 93000: 平均誤差 = 0.000575, 最大誤差 = 0.003295
2025-06-14 21:31:06,445 Epoch 94000: 平均誤差 = 0.000421, 最大誤差 = 0.003145
2025-06-14 21:35:33,831 Epoch 95000: 平均誤差 = 0.000803, 最大誤差 = 0.003452
2025-06-14 21:39:59,761 Epoch 96000: 平均誤差 = 0.000849, 最大誤差 = 0.003439
2025-06-14 21:44:27,261 Epoch 97000: 平均誤差 = 0.000639, 最大誤差 = 0.003103
2025-06-14 21:48:52,693 Epoch 98000: 平均誤差 = 0.000717, 最大誤差 = 0.003430
2025-06-14 21:53:17,741 Epoch 99000: 平均誤差 = 0.000872, 最大誤差 = 0.003564
2025-06-14 21:57:27,798 Epoch 100000: 平均誤差 = 0.000787, 最大誤差 = 0.003291
2025-06-14 21:57:27,798 モデルは最大エポック数まで収束条件に達しませんでした。収束条件を満たさず終了しました。
2025-06-14 21:57:28,088 トレーニングデータの再構成誤差（平均）：0.0007873355224635913
2025-06-14 21:57:28,088 トレーニングデータの再構成誤差（最大値）：0.003291405326138553
2025-06-14 21:57:28,088 閾値を下回りませんでした4回目
2025-06-14 21:57:31,653 -----------------------------------------------------------------------------------------
2025-06-14 21:57:31,653 探索中: units_1_3=44, units_2=10, 試行回数=4, seed値 = 53
2025-06-14 22:02:02,755 Epoch 1000: 平均誤差 = 0.005824, 最大誤差 = 0.026857
2025-06-14 22:06:37,153 Epoch 2000: 平均誤差 = 0.005363, 最大誤差 = 0.014682
2025-06-14 22:11:12,769 Epoch 3000: 平均誤差 = 0.005033, 最大誤差 = 0.014474
2025-06-14 22:15:49,176 Epoch 4000: 平均誤差 = 0.004269, 最大誤差 = 0.014819
2025-06-14 22:20:26,372 Epoch 5000: 平均誤差 = 0.004000, 最大誤差 = 0.014983
2025-06-14 22:25:01,319 Epoch 6000: 平均誤差 = 0.004235, 最大誤差 = 0.014785
2025-06-14 22:29:35,444 Epoch 7000: 平均誤差 = 0.003538, 最大誤差 = 0.008990
2025-06-14 22:34:11,113 Epoch 8000: 平均誤差 = 0.002413, 最大誤差 = 0.007917
2025-06-14 22:38:45,690 Epoch 9000: 平均誤差 = 0.001974, 最大誤差 = 0.006652
2025-06-14 22:43:20,099 Epoch 10000: 平均誤差 = 0.001677, 最大誤差 = 0.007191
2025-06-14 22:47:57,895 Epoch 11000: 平均誤差 = 0.001481, 最大誤差 = 0.006485
2025-06-14 22:52:33,427 Epoch 12000: 平均誤差 = 0.001143, 最大誤差 = 0.006311
2025-06-14 22:57:07,928 Epoch 13000: 平均誤差 = 0.001489, 最大誤差 = 0.006413
2025-06-14 23:01:43,284 Epoch 14000: 平均誤差 = 0.001895, 最大誤差 = 0.006604
2025-06-14 23:06:17,371 Epoch 15000: 平均誤差 = 0.001348, 最大誤差 = 0.005963
2025-06-14 23:10:54,028 Epoch 16000: 平均誤差 = 0.001549, 最大誤差 = 0.005958
2025-06-14 23:15:26,905 Epoch 17000: 平均誤差 = 0.001373, 最大誤差 = 0.006579
2025-06-14 23:20:01,932 Epoch 18000: 平均誤差 = 0.001285, 最大誤差 = 0.006110
2025-06-14 23:24:37,398 Epoch 19000: 平均誤差 = 0.001555, 最大誤差 = 0.006541
2025-06-14 23:29:12,025 Epoch 20000: 平均誤差 = 0.001343, 最大誤差 = 0.006109
2025-06-14 23:33:45,168 Epoch 21000: 平均誤差 = 0.001270, 最大誤差 = 0.006546
2025-06-14 23:38:18,799 Epoch 22000: 平均誤差 = 0.001027, 最大誤差 = 0.005992
2025-06-14 23:42:54,477 Epoch 23000: 平均誤差 = 0.001180, 最大誤差 = 0.006290
2025-06-14 23:47:29,892 Epoch 24000: 平均誤差 = 0.000953, 最大誤差 = 0.006310
2025-06-14 23:52:04,070 Epoch 25000: 平均誤差 = 0.001034, 最大誤差 = 0.006736
2025-06-14 23:56:38,446 Epoch 26000: 平均誤差 = 0.001290, 最大誤差 = 0.006163
2025-06-15 00:01:13,463 Epoch 27000: 平均誤差 = 0.001076, 最大誤差 = 0.006304
2025-06-15 00:05:49,159 Epoch 28000: 平均誤差 = 0.000854, 最大誤差 = 0.006482
2025-06-15 00:10:24,534 Epoch 29000: 平均誤差 = 0.001561, 最大誤差 = 0.007284
2025-06-15 00:14:59,213 Epoch 30000: 平均誤差 = 0.001484, 最大誤差 = 0.007369
2025-06-15 00:19:35,280 Epoch 31000: 平均誤差 = 0.000741, 最大誤差 = 0.006437
2025-06-15 00:24:09,337 Epoch 32000: 平均誤差 = 0.001117, 最大誤差 = 0.006746
2025-06-15 00:28:42,083 Epoch 33000: 平均誤差 = 0.000653, 最大誤差 = 0.006336
2025-06-15 00:33:17,335 Epoch 34000: 平均誤差 = 0.001038, 最大誤差 = 0.006814
2025-06-15 00:37:50,357 Epoch 35000: 平均誤差 = 0.000720, 最大誤差 = 0.006392
2025-06-15 00:42:26,794 Epoch 36000: 平均誤差 = 0.000782, 最大誤差 = 0.006137
2025-06-15 00:47:01,681 Epoch 37000: 平均誤差 = 0.001163, 最大誤差 = 0.005836
2025-06-15 00:51:37,537 Epoch 38000: 平均誤差 = 0.000566, 最大誤差 = 0.006034
2025-06-15 00:56:13,638 Epoch 39000: 平均誤差 = 0.001058, 最大誤差 = 0.005740
2025-06-15 01:00:49,351 Epoch 40000: 平均誤差 = 0.000636, 最大誤差 = 0.006220
2025-06-15 01:05:23,513 Epoch 41000: 平均誤差 = 0.001074, 最大誤差 = 0.006177
2025-06-15 01:09:57,494 Epoch 42000: 平均誤差 = 0.000835, 最大誤差 = 0.006039
2025-06-15 01:14:33,291 Epoch 43000: 平均誤差 = 0.000822, 最大誤差 = 0.005762
2025-06-15 01:19:08,233 Epoch 44000: 平均誤差 = 0.000761, 最大誤差 = 0.005565
2025-06-15 01:23:42,147 Epoch 45000: 平均誤差 = 0.001007, 最大誤差 = 0.006158
2025-06-15 01:28:17,761 Epoch 46000: 平均誤差 = 0.000663, 最大誤差 = 0.005613
2025-06-15 01:32:51,378 Epoch 47000: 平均誤差 = 0.000799, 最大誤差 = 0.005867
2025-06-15 01:37:26,365 Epoch 48000: 平均誤差 = 0.000731, 最大誤差 = 0.005686
2025-06-15 01:42:01,832 Epoch 49000: 平均誤差 = 0.001278, 最大誤差 = 0.006464
2025-06-15 01:46:35,128 Epoch 50000: 平均誤差 = 0.000556, 最大誤差 = 0.005736
2025-06-15 01:51:10,338 Epoch 51000: 平均誤差 = 0.000830, 最大誤差 = 0.005761
2025-06-15 01:55:42,382 Epoch 52000: 平均誤差 = 0.000765, 最大誤差 = 0.005271
2025-06-15 02:00:16,829 Epoch 53000: 平均誤差 = 0.000606, 最大誤差 = 0.005618
2025-06-15 02:04:50,109 Epoch 54000: 平均誤差 = 0.000589, 最大誤差 = 0.005699
2025-06-15 02:09:23,767 Epoch 55000: 平均誤差 = 0.000583, 最大誤差 = 0.005188
2025-06-15 02:13:58,379 Epoch 56000: 平均誤差 = 0.000839, 最大誤差 = 0.005529
2025-06-15 02:18:32,916 Epoch 57000: 平均誤差 = 0.000913, 最大誤差 = 0.005319
2025-06-15 02:23:07,882 Epoch 58000: 平均誤差 = 0.000710, 最大誤差 = 0.005202
2025-06-15 02:27:39,710 Epoch 59000: 平均誤差 = 0.001050, 最大誤差 = 0.005800
2025-06-15 02:32:15,836 Epoch 60000: 平均誤差 = 0.001011, 最大誤差 = 0.005599
2025-06-15 02:36:52,093 Epoch 61000: 平均誤差 = 0.000601, 最大誤差 = 0.005274
2025-06-15 02:41:25,872 Epoch 62000: 平均誤差 = 0.000600, 最大誤差 = 0.005375
2025-06-15 02:46:00,407 Epoch 63000: 平均誤差 = 0.000688, 最大誤差 = 0.005287
2025-06-15 02:50:33,443 Epoch 64000: 平均誤差 = 0.000696, 最大誤差 = 0.005416
2025-06-15 02:55:06,006 Epoch 65000: 平均誤差 = 0.000495, 最大誤差 = 0.005125
2025-06-15 02:59:41,557 Epoch 66000: 平均誤差 = 0.000607, 最大誤差 = 0.005265
2025-06-15 03:04:16,584 Epoch 67000: 平均誤差 = 0.000700, 最大誤差 = 0.005298
2025-06-15 03:08:49,492 Epoch 68000: 平均誤差 = 0.000416, 最大誤差 = 0.005109
2025-06-15 03:13:22,868 Epoch 69000: 平均誤差 = 0.000467, 最大誤差 = 0.004988
2025-06-15 03:17:58,086 Epoch 70000: 平均誤差 = 0.000595, 最大誤差 = 0.004704
2025-06-15 03:22:33,063 Epoch 71000: 平均誤差 = 0.000633, 最大誤差 = 0.004842
2025-06-15 03:27:07,308 Epoch 72000: 平均誤差 = 0.000511, 最大誤差 = 0.004191
2025-06-15 03:31:43,425 Epoch 73000: 平均誤差 = 0.000474, 最大誤差 = 0.003963
2025-06-15 03:36:17,741 Epoch 74000: 平均誤差 = 0.000507, 最大誤差 = 0.003737
2025-06-15 03:40:50,751 Epoch 75000: 平均誤差 = 0.000631, 最大誤差 = 0.003480
2025-06-15 03:45:26,195 Epoch 76000: 平均誤差 = 0.000676, 最大誤差 = 0.003194
2025-06-15 03:50:00,506 Epoch 77000: 平均誤差 = 0.000585, 最大誤差 = 0.002897
2025-06-15 03:54:37,000 Epoch 78000: 平均誤差 = 0.000814, 最大誤差 = 0.002925
2025-06-15 03:59:11,277 Epoch 79000: 平均誤差 = 0.000521, 最大誤差 = 0.002781
2025-06-15 04:03:46,723 Epoch 80000: 平均誤差 = 0.000632, 最大誤差 = 0.002564
2025-06-15 04:08:21,285 Epoch 81000: 平均誤差 = 0.000415, 最大誤差 = 0.002562
2025-06-15 04:12:54,505 Epoch 82000: 平均誤差 = 0.000832, 最大誤差 = 0.002800
2025-06-15 04:12:58,266 モデルは条件を満たしたため学習を終了しました 82014: 平均誤差=0.000671, 最大誤差=0.001974 < thresholds.
2025-06-15 04:12:58,266 モデルは EarlyStopping により閾値を満たして停止しました。（82014 エポック）
2025-06-15 04:12:58,666 トレーニングデータの再構成誤差（平均）：0.0006709018005412174
2025-06-15 04:12:58,666 トレーニングデータの再構成誤差（最大値）：0.0019742969714049534
2025-06-15 04:12:58,666 閾値を下回るモデルを発見: units_1_3=44, units_2=10
2025-06-15 05:21:17,737 -----------------------------------------------------------------------------------------
2025-06-15 05:21:17,737 探索中: units_1_3=33, units_2=10, 試行回数=4, seed値 = 53
2025-06-15 05:25:52,257 Epoch 1000: 平均誤差 = 0.006090, 最大誤差 = 0.028252
2025-06-15 05:30:28,001 Epoch 2000: 平均誤差 = 0.005828, 最大誤差 = 0.028493
2025-06-15 05:35:04,068 Epoch 3000: 平均誤差 = 0.005796, 最大誤差 = 0.027283
2025-06-15 05:39:39,928 Epoch 4000: 平均誤差 = 0.005521, 最大誤差 = 0.020160
2025-06-15 05:44:16,031 Epoch 5000: 平均誤差 = 0.004201, 最大誤差 = 0.013507
2025-06-15 05:48:52,153 Epoch 6000: 平均誤差 = 0.004124, 最大誤差 = 0.014432
2025-06-15 05:53:28,099 Epoch 7000: 平均誤差 = 0.004398, 最大誤差 = 0.014725
2025-06-15 05:58:02,501 Epoch 8000: 平均誤差 = 0.004982, 最大誤差 = 0.014981
2025-06-15 06:02:38,509 Epoch 9000: 平均誤差 = 0.003145, 最大誤差 = 0.011316
2025-06-15 06:07:14,787 Epoch 10000: 平均誤差 = 0.002297, 最大誤差 = 0.008256
2025-06-15 06:11:49,242 Epoch 11000: 平均誤差 = 0.002432, 最大誤差 = 0.007039
2025-06-15 06:16:24,149 Epoch 12000: 平均誤差 = 0.002252, 最大誤差 = 0.007322
2025-06-15 06:20:59,845 Epoch 13000: 平均誤差 = 0.002159, 最大誤差 = 0.006051
2025-06-15 06:25:34,803 Epoch 14000: 平均誤差 = 0.001444, 最大誤差 = 0.005960
2025-06-15 06:30:10,280 Epoch 15000: 平均誤差 = 0.001274, 最大誤差 = 0.006256
2025-06-15 06:34:44,146 Epoch 16000: 平均誤差 = 0.001461, 最大誤差 = 0.005863
2025-06-15 06:39:18,002 Epoch 17000: 平均誤差 = 0.001094, 最大誤差 = 0.006309
2025-06-15 06:43:53,139 Epoch 18000: 平均誤差 = 0.001063, 最大誤差 = 0.006165
2025-06-15 06:48:28,906 Epoch 19000: 平均誤差 = 0.001657, 最大誤差 = 0.006281
2025-06-15 06:53:01,503 Epoch 20000: 平均誤差 = 0.001543, 最大誤差 = 0.007169
2025-06-15 06:57:37,654 Epoch 21000: 平均誤差 = 0.001012, 最大誤差 = 0.006345
2025-06-15 07:02:13,651 Epoch 22000: 平均誤差 = 0.001636, 最大誤差 = 0.006909
2025-06-15 07:06:49,093 Epoch 23000: 平均誤差 = 0.001152, 最大誤差 = 0.006326
2025-06-15 07:11:25,050 Epoch 24000: 平均誤差 = 0.001018, 最大誤差 = 0.005995
2025-06-15 07:16:01,435 Epoch 25000: 平均誤差 = 0.001230, 最大誤差 = 0.005949
2025-06-15 07:20:37,549 Epoch 26000: 平均誤差 = 0.001266, 最大誤差 = 0.006451
2025-06-15 07:25:13,857 Epoch 27000: 平均誤差 = 0.001466, 最大誤差 = 0.006193
2025-06-15 07:29:48,777 Epoch 28000: 平均誤差 = 0.000882, 最大誤差 = 0.005832
2025-06-15 07:34:25,274 Epoch 29000: 平均誤差 = 0.001369, 最大誤差 = 0.006259
2025-06-15 07:38:59,821 Epoch 30000: 平均誤差 = 0.001399, 最大誤差 = 0.007196
2025-06-15 07:43:35,493 Epoch 31000: 平均誤差 = 0.001110, 最大誤差 = 0.006545
2025-06-15 07:48:11,034 Epoch 32000: 平均誤差 = 0.000984, 最大誤差 = 0.006821
2025-06-15 07:52:46,721 Epoch 33000: 平均誤差 = 0.001041, 最大誤差 = 0.006896
2025-06-15 07:57:21,764 Epoch 34000: 平均誤差 = 0.001026, 最大誤差 = 0.007320
2025-06-15 08:01:55,265 Epoch 35000: 平均誤差 = 0.000946, 最大誤差 = 0.007757
2025-06-15 08:06:31,157 Epoch 36000: 平均誤差 = 0.001021, 最大誤差 = 0.007424
2025-06-15 08:11:08,078 Epoch 37000: 平均誤差 = 0.000898, 最大誤差 = 0.007617
2025-06-15 08:15:42,705 Epoch 38000: 平均誤差 = 0.000677, 最大誤差 = 0.007788
2025-06-15 08:20:18,652 Epoch 39000: 平均誤差 = 0.000792, 最大誤差 = 0.007962
2025-06-15 08:24:54,079 Epoch 40000: 平均誤差 = 0.000550, 最大誤差 = 0.007428
2025-06-15 08:29:29,536 Epoch 41000: 平均誤差 = 0.000763, 最大誤差 = 0.007348
2025-06-15 08:34:05,846 Epoch 42000: 平均誤差 = 0.000622, 最大誤差 = 0.007242
2025-06-15 08:38:41,979 Epoch 43000: 平均誤差 = 0.000547, 最大誤差 = 0.006687
2025-06-15 08:43:17,569 Epoch 44000: 平均誤差 = 0.000670, 最大誤差 = 0.006079
2025-06-15 08:47:53,243 Epoch 45000: 平均誤差 = 0.000724, 最大誤差 = 0.005552
2025-06-15 08:52:28,126 Epoch 46000: 平均誤差 = 0.000589, 最大誤差 = 0.005015
2025-06-15 08:57:04,007 Epoch 47000: 平均誤差 = 0.000559, 最大誤差 = 0.005325
2025-06-15 09:01:39,969 Epoch 48000: 平均誤差 = 0.000620, 最大誤差 = 0.005599
2025-06-15 09:06:16,020 Epoch 49000: 平均誤差 = 0.000951, 最大誤差 = 0.005996
2025-06-15 09:10:51,987 Epoch 50000: 平均誤差 = 0.000571, 最大誤差 = 0.006180
2025-06-15 09:15:28,308 Epoch 51000: 平均誤差 = 0.000796, 最大誤差 = 0.006419
2025-06-15 09:20:04,320 Epoch 52000: 平均誤差 = 0.000693, 最大誤差 = 0.006660
2025-06-15 09:24:40,717 Epoch 53000: 平均誤差 = 0.000470, 最大誤差 = 0.006357
2025-06-15 09:29:17,764 Epoch 54000: 平均誤差 = 0.000837, 最大誤差 = 0.006340
2025-06-15 09:33:53,413 Epoch 55000: 平均誤差 = 0.000677, 最大誤差 = 0.006564
2025-06-15 09:38:28,984 Epoch 56000: 平均誤差 = 0.000501, 最大誤差 = 0.006476
2025-06-15 09:43:04,497 Epoch 57000: 平均誤差 = 0.000733, 最大誤差 = 0.006156
2025-06-15 09:47:40,626 Epoch 58000: 平均誤差 = 0.000616, 最大誤差 = 0.006642
2025-06-15 09:52:14,288 Epoch 59000: 平均誤差 = 0.000792, 最大誤差 = 0.006403
2025-06-15 09:56:50,775 Epoch 60000: 平均誤差 = 0.001047, 最大誤差 = 0.006183
2025-06-15 10:01:26,751 Epoch 61000: 平均誤差 = 0.000548, 最大誤差 = 0.005927
2025-06-15 10:06:02,142 Epoch 62000: 平均誤差 = 0.000533, 最大誤差 = 0.005750
2025-06-15 10:10:38,737 Epoch 63000: 平均誤差 = 0.000653, 最大誤差 = 0.005838
2025-06-15 10:15:15,212 Epoch 64000: 平均誤差 = 0.000678, 最大誤差 = 0.005182
2025-06-15 10:19:51,649 Epoch 65000: 平均誤差 = 0.000977, 最大誤差 = 0.005079
2025-06-15 10:24:28,045 Epoch 66000: 平均誤差 = 0.000853, 最大誤差 = 0.004884
2025-06-15 10:29:03,353 Epoch 67000: 平均誤差 = 0.000674, 最大誤差 = 0.004334
2025-06-15 10:33:39,219 Epoch 68000: 平均誤差 = 0.000707, 最大誤差 = 0.004181
2025-06-15 10:38:13,836 Epoch 69000: 平均誤差 = 0.000569, 最大誤差 = 0.003521
2025-06-15 10:42:48,773 Epoch 70000: 平均誤差 = 0.000391, 最大誤差 = 0.003462
2025-06-15 10:47:23,320 Epoch 71000: 平均誤差 = 0.000628, 最大誤差 = 0.003557
2025-06-15 10:51:57,767 Epoch 72000: 平均誤差 = 0.000549, 最大誤差 = 0.003013
2025-06-15 10:56:36,484 Epoch 73000: 平均誤差 = 0.000655, 最大誤差 = 0.003190
2025-06-15 11:01:09,581 Epoch 74000: 平均誤差 = 0.000355, 最大誤差 = 0.002922
2025-06-15 11:05:44,269 Epoch 75000: 平均誤差 = 0.000411, 最大誤差 = 0.003065
2025-06-15 11:10:18,764 Epoch 76000: 平均誤差 = 0.000553, 最大誤差 = 0.003239
2025-06-15 11:14:51,646 Epoch 77000: 平均誤差 = 0.000502, 最大誤差 = 0.002728
2025-06-15 11:19:25,859 Epoch 78000: 平均誤差 = 0.000764, 最大誤差 = 0.002752
2025-06-15 11:23:59,653 Epoch 79000: 平均誤差 = 0.000391, 最大誤差 = 0.002754
2025-06-15 11:28:34,202 Epoch 80000: 平均誤差 = 0.000492, 最大誤差 = 0.002515
2025-06-15 11:33:09,120 Epoch 81000: 平均誤差 = 0.000469, 最大誤差 = 0.002508
2025-06-15 11:37:42,947 Epoch 82000: 平均誤差 = 0.000344, 最大誤差 = 0.002477
2025-06-15 11:42:18,404 Epoch 83000: 平均誤差 = 0.000640, 最大誤差 = 0.002920
2025-06-15 11:46:52,381 Epoch 84000: 平均誤差 = 0.000597, 最大誤差 = 0.002764
2025-06-15 11:51:27,027 Epoch 85000: 平均誤差 = 0.000526, 最大誤差 = 0.002326
2025-06-15 11:51:34,427 モデルは条件を満たしたため学習を終了しました 85027: 平均誤差=0.000619, 最大誤差=0.001972 < thresholds.
2025-06-15 11:51:34,427 モデルは EarlyStopping により閾値を満たして停止しました。（85027 エポック）
2025-06-15 11:51:34,828 トレーニングデータの再構成誤差（平均）：0.0006190997955211959
2025-06-15 11:51:34,828 トレーニングデータの再構成誤差（最大値）：0.0019723061421345503
2025-06-15 11:51:34,828 閾値を下回るモデルを発見: units_1_3=33, units_2=10
2025-06-15 12:49:05,405 -----------------------------------------------------------------------------------------
2025-06-15 12:49:05,405 探索中: units_1_3=27, units_2=10, 試行回数=4, seed値 = 53
2025-06-15 12:53:29,219 Epoch 1000: 平均誤差 = 0.006242, 最大誤差 = 0.027271
2025-06-15 12:57:56,983 Epoch 2000: 平均誤差 = 0.002116, 最大誤差 = 0.013537
2025-06-15 13:02:25,371 Epoch 3000: 平均誤差 = 0.001823, 最大誤差 = 0.009224
2025-06-15 13:06:54,314 Epoch 4000: 平均誤差 = 0.002403, 最大誤差 = 0.008688
2025-06-15 13:11:20,075 Epoch 5000: 平均誤差 = 0.002165, 最大誤差 = 0.007060
2025-06-15 13:15:46,897 Epoch 6000: 平均誤差 = 0.001639, 最大誤差 = 0.006761
2025-06-15 13:20:16,002 Epoch 7000: 平均誤差 = 0.001505, 最大誤差 = 0.007020
2025-06-15 13:24:43,010 Epoch 8000: 平均誤差 = 0.001564, 最大誤差 = 0.006541
2025-06-15 13:29:09,763 Epoch 9000: 平均誤差 = 0.001098, 最大誤差 = 0.006188
2025-06-15 13:33:38,441 Epoch 10000: 平均誤差 = 0.001841, 最大誤差 = 0.006272
2025-06-15 13:38:03,697 Epoch 11000: 平均誤差 = 0.001917, 最大誤差 = 0.006311
2025-06-15 13:42:30,574 Epoch 12000: 平均誤差 = 0.001488, 最大誤差 = 0.007126
2025-06-15 13:46:57,332 Epoch 13000: 平均誤差 = 0.001800, 最大誤差 = 0.006947
2025-06-15 13:51:25,699 Epoch 14000: 平均誤差 = 0.001448, 最大誤差 = 0.006789
2025-06-15 13:55:55,766 Epoch 15000: 平均誤差 = 0.001780, 最大誤差 = 0.006803
2025-06-15 14:00:24,125 Epoch 16000: 平均誤差 = 0.001593, 最大誤差 = 0.007540
2025-06-15 14:04:51,450 Epoch 17000: 平均誤差 = 0.002012, 最大誤差 = 0.008111
2025-06-15 14:09:21,741 Epoch 18000: 平均誤差 = 0.001677, 最大誤差 = 0.005971
2025-06-15 14:13:48,859 Epoch 19000: 平均誤差 = 0.001151, 最大誤差 = 0.006769
2025-06-15 14:18:15,460 Epoch 20000: 平均誤差 = 0.001479, 最大誤差 = 0.006346
2025-06-15 14:22:43,170 Epoch 21000: 平均誤差 = 0.001324, 最大誤差 = 0.005234
2025-06-15 14:27:09,313 Epoch 22000: 平均誤差 = 0.001219, 最大誤差 = 0.005695
2025-06-15 14:31:35,563 Epoch 23000: 平均誤差 = 0.001214, 最大誤差 = 0.006032
2025-06-15 14:36:04,749 Epoch 24000: 平均誤差 = 0.001506, 最大誤差 = 0.005755
2025-06-15 14:40:30,570 Epoch 25000: 平均誤差 = 0.000736, 最大誤差 = 0.005257
2025-06-15 14:44:59,104 Epoch 26000: 平均誤差 = 0.001089, 最大誤差 = 0.004753
2025-06-15 14:49:27,607 Epoch 27000: 平均誤差 = 0.001094, 最大誤差 = 0.004627
2025-06-15 14:53:54,781 Epoch 28000: 平均誤差 = 0.001305, 最大誤差 = 0.004844
2025-06-15 14:58:23,577 Epoch 29000: 平均誤差 = 0.001710, 最大誤差 = 0.005101
2025-06-15 15:02:50,774 Epoch 30000: 平均誤差 = 0.001312, 最大誤差 = 0.004850
2025-06-15 15:07:18,558 Epoch 31000: 平均誤差 = 0.000953, 最大誤差 = 0.004336
2025-06-15 15:11:46,035 Epoch 32000: 平均誤差 = 0.001035, 最大誤差 = 0.004488
2025-06-15 15:16:12,667 Epoch 33000: 平均誤差 = 0.000990, 最大誤差 = 0.004404
2025-06-15 15:20:39,095 Epoch 34000: 平均誤差 = 0.001237, 最大誤差 = 0.004285
2025-06-15 15:25:04,632 Epoch 35000: 平均誤差 = 0.001014, 最大誤差 = 0.003907
2025-06-15 15:29:31,543 Epoch 36000: 平均誤差 = 0.000886, 最大誤差 = 0.004190
2025-06-15 15:33:56,970 Epoch 37000: 平均誤差 = 0.001657, 最大誤差 = 0.003953
2025-06-15 15:38:25,137 Epoch 38000: 平均誤差 = 0.001198, 最大誤差 = 0.004520
2025-06-15 15:42:53,844 Epoch 39000: 平均誤差 = 0.001205, 最大誤差 = 0.004543
2025-06-15 15:47:19,702 Epoch 40000: 平均誤差 = 0.001174, 最大誤差 = 0.004967
2025-06-15 15:51:49,688 Epoch 41000: 平均誤差 = 0.000755, 最大誤差 = 0.004515
2025-06-15 15:56:18,087 Epoch 42000: 平均誤差 = 0.000996, 最大誤差 = 0.004822
2025-06-15 16:00:48,072 Epoch 43000: 平均誤差 = 0.001068, 最大誤差 = 0.004775
2025-06-15 16:05:20,469 Epoch 44000: 平均誤差 = 0.001123, 最大誤差 = 0.005013
2025-06-15 16:09:50,573 Epoch 45000: 平均誤差 = 0.000712, 最大誤差 = 0.004883
2025-06-15 16:14:17,880 Epoch 46000: 平均誤差 = 0.001176, 最大誤差 = 0.004701
2025-06-15 16:18:49,332 Epoch 47000: 平均誤差 = 0.000938, 最大誤差 = 0.004952
2025-06-15 16:23:15,560 Epoch 48000: 平均誤差 = 0.000989, 最大誤差 = 0.005567
2025-06-15 16:27:44,843 Epoch 49000: 平均誤差 = 0.000682, 最大誤差 = 0.005343
2025-06-15 16:32:12,568 Epoch 50000: 平均誤差 = 0.001185, 最大誤差 = 0.005712
2025-06-15 16:36:40,713 Epoch 51000: 平均誤差 = 0.000677, 最大誤差 = 0.005706
2025-06-15 16:41:08,212 Epoch 52000: 平均誤差 = 0.001239, 最大誤差 = 0.006320
2025-06-15 16:45:37,064 Epoch 53000: 平均誤差 = 0.000602, 最大誤差 = 0.006411
2025-06-15 16:50:02,623 Epoch 54000: 平均誤差 = 0.000858, 最大誤差 = 0.006054
2025-06-15 16:54:29,205 Epoch 55000: 平均誤差 = 0.000876, 最大誤差 = 0.006330
2025-06-15 16:59:01,422 Epoch 56000: 平均誤差 = 0.000813, 最大誤差 = 0.006312
2025-06-15 17:03:28,931 Epoch 57000: 平均誤差 = 0.000562, 最大誤差 = 0.006267
2025-06-15 17:07:54,762 Epoch 58000: 平均誤差 = 0.000682, 最大誤差 = 0.006312
2025-06-15 17:12:21,571 Epoch 59000: 平均誤差 = 0.000854, 最大誤差 = 0.006005
2025-06-15 17:16:48,094 Epoch 60000: 平均誤差 = 0.000899, 最大誤差 = 0.006062
2025-06-15 17:21:20,054 Epoch 61000: 平均誤差 = 0.001065, 最大誤差 = 0.006194
2025-06-15 17:25:47,744 Epoch 62000: 平均誤差 = 0.000450, 最大誤差 = 0.005510
2025-06-15 17:30:13,997 Epoch 63000: 平均誤差 = 0.001071, 最大誤差 = 0.004969
2025-06-15 17:34:43,133 Epoch 64000: 平均誤差 = 0.000553, 最大誤差 = 0.004502
2025-06-15 17:39:10,915 Epoch 65000: 平均誤差 = 0.000516, 最大誤差 = 0.003891
2025-06-15 17:43:38,506 Epoch 66000: 平均誤差 = 0.000631, 最大誤差 = 0.003725
2025-06-15 17:48:05,370 Epoch 67000: 平均誤差 = 0.000798, 最大誤差 = 0.003134
2025-06-15 17:52:35,203 Epoch 68000: 平均誤差 = 0.000713, 最大誤差 = 0.002980
2025-06-15 17:57:05,040 Epoch 69000: 平均誤差 = 0.000794, 最大誤差 = 0.003411
2025-06-15 18:02:23,636 Epoch 70000: 平均誤差 = 0.000859, 最大誤差 = 0.003239
2025-06-15 18:08:15,272 Epoch 71000: 平均誤差 = 0.000819, 最大誤差 = 0.003233
2025-06-15 18:14:06,742 Epoch 72000: 平均誤差 = 0.000667, 最大誤差 = 0.002860
2025-06-15 18:19:57,705 Epoch 73000: 平均誤差 = 0.000655, 最大誤差 = 0.002853
2025-06-15 18:25:48,299 Epoch 74000: 平均誤差 = 0.000687, 最大誤差 = 0.002521
2025-06-15 18:31:39,135 Epoch 75000: 平均誤差 = 0.000721, 最大誤差 = 0.003261
2025-06-15 18:37:29,784 Epoch 76000: 平均誤差 = 0.000637, 最大誤差 = 0.003192
2025-06-15 18:43:20,117 Epoch 77000: 平均誤差 = 0.000751, 最大誤差 = 0.002927
2025-06-15 18:49:09,923 Epoch 78000: 平均誤差 = 0.000499, 最大誤差 = 0.002904
2025-06-15 18:55:00,759 Epoch 79000: 平均誤差 = 0.000724, 最大誤差 = 0.002571
2025-06-15 19:00:51,485 Epoch 80000: 平均誤差 = 0.000620, 最大誤差 = 0.002788
2025-06-15 19:06:42,033 Epoch 81000: 平均誤差 = 0.000663, 最大誤差 = 0.002536
2025-06-15 19:12:32,312 Epoch 82000: 平均誤差 = 0.000674, 最大誤差 = 0.002649
2025-06-15 19:18:22,532 Epoch 83000: 平均誤差 = 0.000648, 最大誤差 = 0.002922
2025-06-15 19:24:13,238 Epoch 84000: 平均誤差 = 0.000734, 最大誤差 = 0.002566
2025-06-15 19:30:02,374 Epoch 85000: 平均誤差 = 0.000589, 最大誤差 = 0.002311
2025-06-15 19:35:52,540 Epoch 86000: 平均誤差 = 0.000642, 最大誤差 = 0.002529
2025-06-15 19:41:42,856 Epoch 87000: 平均誤差 = 0.000666, 最大誤差 = 0.002414
2025-06-15 19:47:34,021 Epoch 88000: 平均誤差 = 0.000836, 最大誤差 = 0.002722
2025-06-15 19:53:25,077 Epoch 89000: 平均誤差 = 0.000738, 最大誤差 = 0.002683
2025-06-15 19:59:15,993 Epoch 90000: 平均誤差 = 0.000392, 最大誤差 = 0.002260
2025-06-15 20:05:07,259 Epoch 91000: 平均誤差 = 0.000579, 最大誤差 = 0.002436
2025-06-15 20:10:57,927 Epoch 92000: 平均誤差 = 0.000566, 最大誤差 = 0.002458
2025-06-15 20:16:48,912 Epoch 93000: 平均誤差 = 0.000652, 最大誤差 = 0.002441
2025-06-15 20:20:21,676 モデルは条件を満たしたため学習を終了しました 93606: 平均誤差=0.000510, 最大誤差=0.001996 < thresholds.
2025-06-15 20:20:21,678 モデルは EarlyStopping により閾値を満たして停止しました。（93606 エポック）
2025-06-15 20:20:22,228 トレーニングデータの再構成誤差（平均）：0.00050962095441638
2025-06-15 20:20:22,228 トレーニングデータの再構成誤差（最大値）：0.001995989761739625
2025-06-15 20:20:22,228 閾値を下回るモデルを発見: units_1_3=27, units_2=10
2025-06-15 20:54:57,324 -----------------------------------------------------------------------------------------
2025-06-15 20:54:57,324 探索中: units_1_3=24, units_2=10, 試行回数=4, seed値 = 53
2025-06-15 20:59:24,851 Epoch 1000: 平均誤差 = 0.006785, 最大誤差 = 0.030566
2025-06-15 21:03:52,217 Epoch 2000: 平均誤差 = 0.005960, 最大誤差 = 0.027399
2025-06-15 21:08:21,674 Epoch 3000: 平均誤差 = 0.004723, 最大誤差 = 0.015496
2025-06-15 21:12:51,435 Epoch 4000: 平均誤差 = 0.004528, 最大誤差 = 0.013532
2025-06-15 21:17:22,198 Epoch 5000: 平均誤差 = 0.004335, 最大誤差 = 0.014064
2025-06-15 21:21:53,115 Epoch 6000: 平均誤差 = 0.003814, 最大誤差 = 0.014351
2025-06-15 21:26:22,938 Epoch 7000: 平均誤差 = 0.005244, 最大誤差 = 0.014280
2025-06-15 21:30:55,938 Epoch 8000: 平均誤差 = 0.003858, 最大誤差 = 0.014231
2025-06-15 21:35:25,114 Epoch 9000: 平均誤差 = 0.003753, 最大誤差 = 0.014340
2025-06-15 21:39:53,156 Epoch 10000: 平均誤差 = 0.003912, 最大誤差 = 0.014266
2025-06-15 21:44:22,455 Epoch 11000: 平均誤差 = 0.003999, 最大誤差 = 0.014377
2025-06-15 21:48:51,355 Epoch 12000: 平均誤差 = 0.003632, 最大誤差 = 0.014428
2025-06-15 21:53:21,532 Epoch 13000: 平均誤差 = 0.003745, 最大誤差 = 0.014510
2025-06-15 21:57:52,079 Epoch 14000: 平均誤差 = 0.003846, 最大誤差 = 0.014505
2025-06-15 22:02:20,517 Epoch 15000: 平均誤差 = 0.004005, 最大誤差 = 0.014563
2025-06-15 22:06:51,823 Epoch 16000: 平均誤差 = 0.003859, 最大誤差 = 0.014583
2025-06-15 22:11:20,841 Epoch 17000: 平均誤差 = 0.003682, 最大誤差 = 0.014519
2025-06-15 22:15:49,522 Epoch 18000: 平均誤差 = 0.003700, 最大誤差 = 0.014531
2025-06-15 22:20:17,734 Epoch 19000: 平均誤差 = 0.003815, 最大誤差 = 0.014503
2025-06-15 22:24:46,020 Epoch 20000: 平均誤差 = 0.003765, 最大誤差 = 0.013031
2025-06-15 22:29:16,087 Epoch 21000: 平均誤差 = 0.002350, 最大誤差 = 0.007994
2025-06-15 22:33:44,654 Epoch 22000: 平均誤差 = 0.002499, 最大誤差 = 0.008264
2025-06-15 22:38:17,450 Epoch 23000: 平均誤差 = 0.001123, 最大誤差 = 0.007004
2025-06-15 22:42:47,187 Epoch 24000: 平均誤差 = 0.001064, 最大誤差 = 0.006885
2025-06-15 22:47:15,620 Epoch 25000: 平均誤差 = 0.001205, 最大誤差 = 0.007655
2025-06-15 22:51:43,641 Epoch 26000: 平均誤差 = 0.001375, 最大誤差 = 0.006993
2025-06-15 22:56:13,095 Epoch 27000: 平均誤差 = 0.001753, 最大誤差 = 0.007117
2025-06-15 23:00:44,595 Epoch 28000: 平均誤差 = 0.001616, 最大誤差 = 0.007347
2025-06-15 23:05:13,341 Epoch 29000: 平均誤差 = 0.001484, 最大誤差 = 0.007120
2025-06-15 23:09:41,548 Epoch 30000: 平均誤差 = 0.000743, 最大誤差 = 0.007354
2025-06-15 23:14:09,728 Epoch 31000: 平均誤差 = 0.001059, 最大誤差 = 0.007615
2025-06-15 23:18:38,554 Epoch 32000: 平均誤差 = 0.000906, 最大誤差 = 0.007631
2025-06-15 23:23:07,119 Epoch 33000: 平均誤差 = 0.001087, 最大誤差 = 0.008048
2025-06-15 23:27:35,827 Epoch 34000: 平均誤差 = 0.001313, 最大誤差 = 0.008029
2025-06-15 23:32:06,998 Epoch 35000: 平均誤差 = 0.001149, 最大誤差 = 0.007348
2025-06-15 23:36:34,419 Epoch 36000: 平均誤差 = 0.001083, 最大誤差 = 0.008178
2025-06-15 23:41:03,456 Epoch 37000: 平均誤差 = 0.001189, 最大誤差 = 0.008003
2025-06-15 23:45:31,693 Epoch 38000: 平均誤差 = 0.001491, 最大誤差 = 0.007412
2025-06-15 23:50:02,054 Epoch 39000: 平均誤差 = 0.000923, 最大誤差 = 0.007742
2025-06-15 23:54:32,616 Epoch 40000: 平均誤差 = 0.000869, 最大誤差 = 0.007699
2025-06-15 23:59:02,028 Epoch 41000: 平均誤差 = 0.001198, 最大誤差 = 0.007622
2025-06-16 00:03:31,543 Epoch 42000: 平均誤差 = 0.001252, 最大誤差 = 0.006954
2025-06-16 00:08:00,269 Epoch 43000: 平均誤差 = 0.001421, 最大誤差 = 0.006928
2025-06-16 00:12:29,084 Epoch 44000: 平均誤差 = 0.000843, 最大誤差 = 0.007366
2025-06-16 00:16:57,481 Epoch 45000: 平均誤差 = 0.001456, 最大誤差 = 0.007760
2025-06-16 00:21:25,647 Epoch 46000: 平均誤差 = 0.000971, 最大誤差 = 0.007280
2025-06-16 00:25:55,704 Epoch 47000: 平均誤差 = 0.001133, 最大誤差 = 0.007124
2025-06-16 00:30:25,521 Epoch 48000: 平均誤差 = 0.001468, 最大誤差 = 0.007642
2025-06-16 00:34:53,148 Epoch 49000: 平均誤差 = 0.000986, 最大誤差 = 0.006921
2025-06-16 00:39:21,425 Epoch 50000: 平均誤差 = 0.001841, 最大誤差 = 0.008157
2025-06-16 00:43:52,822 Epoch 51000: 平均誤差 = 0.000978, 最大誤差 = 0.006872
2025-06-16 00:48:25,098 Epoch 52000: 平均誤差 = 0.000912, 最大誤差 = 0.006789
2025-06-16 00:52:55,725 Epoch 53000: 平均誤差 = 0.000829, 最大誤差 = 0.006797
2025-06-16 00:57:24,442 Epoch 54000: 平均誤差 = 0.001165, 最大誤差 = 0.007029
2025-06-16 01:01:53,689 Epoch 55000: 平均誤差 = 0.000904, 最大誤差 = 0.006947
2025-06-16 01:06:22,826 Epoch 56000: 平均誤差 = 0.000913, 最大誤差 = 0.006856
2025-06-16 01:10:54,053 Epoch 57000: 平均誤差 = 0.000763, 最大誤差 = 0.006678
2025-06-16 01:15:23,919 Epoch 58000: 平均誤差 = 0.000923, 最大誤差 = 0.007095
2025-06-16 01:19:52,584 Epoch 59000: 平均誤差 = 0.001031, 最大誤差 = 0.007189
2025-06-16 01:24:24,703 Epoch 60000: 平均誤差 = 0.001238, 最大誤差 = 0.006810
2025-06-16 01:28:53,120 Epoch 61000: 平均誤差 = 0.001128, 最大誤差 = 0.007267
2025-06-16 01:33:20,867 Epoch 62000: 平均誤差 = 0.000998, 最大誤差 = 0.008007
2025-06-16 01:37:47,943 Epoch 63000: 平均誤差 = 0.000983, 最大誤差 = 0.007391
2025-06-16 01:42:15,840 Epoch 64000: 平均誤差 = 0.000813, 最大誤差 = 0.007795
2025-06-16 01:46:44,137 Epoch 65000: 平均誤差 = 0.001518, 最大誤差 = 0.008780
2025-06-16 01:51:11,604 Epoch 66000: 平均誤差 = 0.001031, 最大誤差 = 0.007556
2025-06-16 01:55:39,661 Epoch 67000: 平均誤差 = 0.000654, 最大誤差 = 0.008028
2025-06-16 02:00:09,451 Epoch 68000: 平均誤差 = 0.000973, 最大誤差 = 0.007905
2025-06-16 02:04:36,647 Epoch 69000: 平均誤差 = 0.000816, 最大誤差 = 0.007948
2025-06-16 02:09:06,251 Epoch 70000: 平均誤差 = 0.001294, 最大誤差 = 0.007821
2025-06-16 02:13:36,778 Epoch 71000: 平均誤差 = 0.001126, 最大誤差 = 0.008215
2025-06-16 02:18:05,616 Epoch 72000: 平均誤差 = 0.000750, 最大誤差 = 0.007411
2025-06-16 02:22:32,282 Epoch 73000: 平均誤差 = 0.000930, 最大誤差 = 0.007376
2025-06-16 02:27:00,918 Epoch 74000: 平均誤差 = 0.000881, 最大誤差 = 0.006857
2025-06-16 02:31:29,305 Epoch 75000: 平均誤差 = 0.000900, 最大誤差 = 0.007103
2025-06-16 02:36:01,682 Epoch 76000: 平均誤差 = 0.000782, 最大誤差 = 0.007012
2025-06-16 02:40:29,749 Epoch 77000: 平均誤差 = 0.001067, 最大誤差 = 0.007317
2025-06-16 02:45:01,856 Epoch 78000: 平均誤差 = 0.001257, 最大誤差 = 0.006719
2025-06-16 02:49:29,397 Epoch 79000: 平均誤差 = 0.001165, 最大誤差 = 0.007034
2025-06-16 02:53:57,319 Epoch 80000: 平均誤差 = 0.000943, 最大誤差 = 0.006671
2025-06-16 02:58:25,342 Epoch 81000: 平均誤差 = 0.000870, 最大誤差 = 0.006482
2025-06-16 03:02:54,373 Epoch 82000: 平均誤差 = 0.000836, 最大誤差 = 0.006364
2025-06-16 03:07:24,150 Epoch 83000: 平均誤差 = 0.000904, 最大誤差 = 0.006310
2025-06-16 03:11:52,097 Epoch 84000: 平均誤差 = 0.001071, 最大誤差 = 0.006060
2025-06-16 03:16:19,420 Epoch 85000: 平均誤差 = 0.000975, 最大誤差 = 0.006015
2025-06-16 03:20:48,167 Epoch 86000: 平均誤差 = 0.000783, 最大誤差 = 0.005695
2025-06-16 03:25:15,378 Epoch 87000: 平均誤差 = 0.000722, 最大誤差 = 0.005671
2025-06-16 03:29:43,334 Epoch 88000: 平均誤差 = 0.001041, 最大誤差 = 0.005441
2025-06-16 03:34:12,896 Epoch 89000: 平均誤差 = 0.000893, 最大誤差 = 0.005406
2025-06-16 03:38:20,548 Epoch 90000: 平均誤差 = 0.000849, 最大誤差 = 0.005744
2025-06-16 03:42:27,335 Epoch 91000: 平均誤差 = 0.000781, 最大誤差 = 0.006404
2025-06-16 03:46:34,091 Epoch 92000: 平均誤差 = 0.000879, 最大誤差 = 0.006397
2025-06-16 03:50:41,419 Epoch 93000: 平均誤差 = 0.000719, 最大誤差 = 0.006830
2025-06-16 03:54:48,286 Epoch 94000: 平均誤差 = 0.000653, 最大誤差 = 0.007236
2025-06-16 03:58:55,196 Epoch 95000: 平均誤差 = 0.000911, 最大誤差 = 0.007231
2025-06-16 04:03:01,501 Epoch 96000: 平均誤差 = 0.000703, 最大誤差 = 0.007507
2025-06-16 04:07:07,687 Epoch 97000: 平均誤差 = 0.001041, 最大誤差 = 0.007657
2025-06-16 04:11:13,555 Epoch 98000: 平均誤差 = 0.000936, 最大誤差 = 0.008041
2025-06-16 04:15:19,745 Epoch 99000: 平均誤差 = 0.000851, 最大誤差 = 0.008528
2025-06-16 04:19:28,779 Epoch 100000: 平均誤差 = 0.000653, 最大誤差 = 0.008422
2025-06-16 04:19:28,779 モデルは最大エポック数まで収束条件に達しませんでした。収束条件を満たさず終了しました。
2025-06-16 04:19:29,149 トレーニングデータの再構成誤差（平均）：0.0006526588847367231
2025-06-16 04:19:29,149 トレーニングデータの再構成誤差（最大値）：0.00842204918328943
2025-06-16 04:19:29,149 閾値を下回りませんでした4回目
2025-06-16 04:25:03,838 -----------------------------------------------------------------------------------------
2025-06-16 04:25:03,838 探索中: units_1_3=23, units_2=10, 試行回数=4, seed値 = 53
2025-06-16 04:29:29,933 Epoch 1000: 平均誤差 = 0.005246, 最大誤差 = 0.019271
2025-06-16 04:33:57,949 Epoch 2000: 平均誤差 = 0.003560, 最大誤差 = 0.011729
2025-06-16 04:38:25,676 Epoch 3000: 平均誤差 = 0.002844, 最大誤差 = 0.009333
2025-06-16 04:42:54,487 Epoch 4000: 平均誤差 = 0.002634, 最大誤差 = 0.008288
2025-06-16 04:47:25,719 Epoch 5000: 平均誤差 = 0.001720, 最大誤差 = 0.006879
2025-06-16 04:51:55,466 Epoch 6000: 平均誤差 = 0.001930, 最大誤差 = 0.006771
2025-06-16 04:56:27,103 Epoch 7000: 平均誤差 = 0.001928, 最大誤差 = 0.006382
2025-06-16 05:00:55,670 Epoch 8000: 平均誤差 = 0.001690, 最大誤差 = 0.005775
2025-06-16 05:05:30,728 Epoch 9000: 平均誤差 = 0.002208, 最大誤差 = 0.006561
2025-06-16 05:10:03,703 Epoch 10000: 平均誤差 = 0.001272, 最大誤差 = 0.005971
2025-06-16 05:14:32,350 Epoch 11000: 平均誤差 = 0.001590, 最大誤差 = 0.005795
2025-06-16 05:19:00,017 Epoch 12000: 平均誤差 = 0.002243, 最大誤差 = 0.006787
2025-06-16 05:23:27,554 Epoch 13000: 平均誤差 = 0.002813, 最大誤差 = 0.007131
2025-06-16 05:27:55,831 Epoch 14000: 平均誤差 = 0.001222, 最大誤差 = 0.005786
2025-06-16 05:32:24,357 Epoch 15000: 平均誤差 = 0.001541, 最大誤差 = 0.006138
2025-06-16 05:36:51,946 Epoch 16000: 平均誤差 = 0.001986, 最大誤差 = 0.006809
2025-06-16 05:41:20,594 Epoch 17000: 平均誤差 = 0.001326, 最大誤差 = 0.006456
2025-06-16 05:45:48,738 Epoch 18000: 平均誤差 = 0.001895, 最大誤差 = 0.006707
2025-06-16 05:50:20,185 Epoch 19000: 平均誤差 = 0.001525, 最大誤差 = 0.006641
2025-06-16 05:54:53,522 Epoch 20000: 平均誤差 = 0.001570, 最大誤差 = 0.007249
2025-06-16 05:59:20,828 Epoch 21000: 平均誤差 = 0.001846, 最大誤差 = 0.007150
2025-06-16 06:03:53,555 Epoch 22000: 平均誤差 = 0.001492, 最大誤差 = 0.006994
2025-06-16 06:08:26,532 Epoch 23000: 平均誤差 = 0.001715, 最大誤差 = 0.007155
2025-06-16 06:12:59,799 Epoch 24000: 平均誤差 = 0.001137, 最大誤差 = 0.007175
2025-06-16 06:17:29,406 Epoch 25000: 平均誤差 = 0.000977, 最大誤差 = 0.007439
2025-06-16 06:21:57,252 Epoch 26000: 平均誤差 = 0.000856, 最大誤差 = 0.007251
2025-06-16 06:26:28,077 Epoch 27000: 平均誤差 = 0.001336, 最大誤差 = 0.007154
2025-06-16 06:30:55,616 Epoch 28000: 平均誤差 = 0.001664, 最大誤差 = 0.007502
2025-06-16 06:35:27,169 Epoch 29000: 平均誤差 = 0.001349, 最大誤差 = 0.006971
2025-06-16 06:39:55,600 Epoch 30000: 平均誤差 = 0.001304, 最大誤差 = 0.006688
2025-06-16 06:44:22,867 Epoch 31000: 平均誤差 = 0.001003, 最大誤差 = 0.006820
2025-06-16 06:48:53,893 Epoch 32000: 平均誤差 = 0.001431, 最大誤差 = 0.007951
2025-06-16 06:53:28,020 Epoch 33000: 平均誤差 = 0.001683, 最大誤差 = 0.007615
2025-06-16 06:57:57,787 Epoch 34000: 平均誤差 = 0.001373, 最大誤差 = 0.007382
2025-06-16 07:02:28,275 Epoch 35000: 平均誤差 = 0.001063, 最大誤差 = 0.007246
2025-06-16 07:07:01,641 Epoch 36000: 平均誤差 = 0.001274, 最大誤差 = 0.007781
2025-06-16 07:11:35,297 Epoch 37000: 平均誤差 = 0.000924, 最大誤差 = 0.007133
2025-06-16 07:16:07,784 Epoch 38000: 平均誤差 = 0.001272, 最大誤差 = 0.007781
2025-06-16 07:20:41,011 Epoch 39000: 平均誤差 = 0.001319, 最大誤差 = 0.006525
2025-06-16 07:25:08,001 Epoch 40000: 平均誤差 = 0.001079, 最大誤差 = 0.007356
2025-06-16 07:29:35,085 Epoch 41000: 平均誤差 = 0.001271, 最大誤差 = 0.006796
2025-06-16 07:34:03,402 Epoch 42000: 平均誤差 = 0.000959, 最大誤差 = 0.007233
2025-06-16 07:38:31,108 Epoch 43000: 平均誤差 = 0.001341, 最大誤差 = 0.007173
2025-06-16 07:42:58,975 Epoch 44000: 平均誤差 = 0.001380, 最大誤差 = 0.006698
2025-06-16 07:47:28,902 Epoch 45000: 平均誤差 = 0.000757, 最大誤差 = 0.007000
2025-06-16 07:52:00,173 Epoch 46000: 平均誤差 = 0.001072, 最大誤差 = 0.006970
2025-06-16 07:56:28,771 Epoch 47000: 平均誤差 = 0.001344, 最大誤差 = 0.007033
2025-06-16 08:00:57,229 Epoch 48000: 平均誤差 = 0.001259, 最大誤差 = 0.006711
2025-06-16 08:05:27,349 Epoch 49000: 平均誤差 = 0.000818, 最大誤差 = 0.006266
2025-06-16 08:09:56,716 Epoch 50000: 平均誤差 = 0.001111, 最大誤差 = 0.006418
2025-06-16 08:14:28,173 Epoch 51000: 平均誤差 = 0.001081, 最大誤差 = 0.005593
2025-06-16 08:18:58,049 Epoch 52000: 平均誤差 = 0.001017, 最大誤差 = 0.005757
2025-06-16 08:23:25,391 Epoch 53000: 平均誤差 = 0.000956, 最大誤差 = 0.005378
2025-06-16 08:27:56,173 Epoch 54000: 平均誤差 = 0.001036, 最大誤差 = 0.005425
2025-06-16 08:32:25,550 Epoch 55000: 平均誤差 = 0.000845, 最大誤差 = 0.005977
2025-06-16 08:36:53,667 Epoch 56000: 平均誤差 = 0.000819, 最大誤差 = 0.005310
2025-06-16 08:41:21,444 Epoch 57000: 平均誤差 = 0.001211, 最大誤差 = 0.005866
2025-06-16 08:45:49,191 Epoch 58000: 平均誤差 = 0.000830, 最大誤差 = 0.005446
2025-06-16 08:50:18,068 Epoch 59000: 平均誤差 = 0.000839, 最大誤差 = 0.004889
2025-06-16 08:54:46,099 Epoch 60000: 平均誤差 = 0.001034, 最大誤差 = 0.004492
2025-06-16 08:59:13,271 Epoch 61000: 平均誤差 = 0.000933, 最大誤差 = 0.004517
2025-06-16 09:03:40,788 Epoch 62000: 平均誤差 = 0.001133, 最大誤差 = 0.004567
2025-06-16 09:08:08,785 Epoch 63000: 平均誤差 = 0.000806, 最大誤差 = 0.003767
2025-06-16 09:12:37,455 Epoch 64000: 平均誤差 = 0.001046, 最大誤差 = 0.004473
2025-06-16 09:17:11,303 Epoch 65000: 平均誤差 = 0.001121, 最大誤差 = 0.004069
2025-06-16 09:21:41,805 Epoch 66000: 平均誤差 = 0.000863, 最大誤差 = 0.003522
2025-06-16 09:26:09,602 Epoch 67000: 平均誤差 = 0.001105, 最大誤差 = 0.003627
2025-06-16 09:30:37,739 Epoch 68000: 平均誤差 = 0.000737, 最大誤差 = 0.003696
2025-06-16 09:35:05,626 Epoch 69000: 平均誤差 = 0.001206, 最大誤差 = 0.003534
2025-06-16 09:39:33,794 Epoch 70000: 平均誤差 = 0.001078, 最大誤差 = 0.003793
2025-06-16 09:44:04,540 Epoch 71000: 平均誤差 = 0.000921, 最大誤差 = 0.003376
2025-06-16 09:48:34,434 Epoch 72000: 平均誤差 = 0.000669, 最大誤差 = 0.003479
2025-06-16 09:53:02,313 Epoch 73000: 平均誤差 = 0.001028, 最大誤差 = 0.003375
2025-06-16 09:57:30,292 Epoch 74000: 平均誤差 = 0.001007, 最大誤差 = 0.004025
2025-06-16 10:02:00,727 Epoch 75000: 平均誤差 = 0.000884, 最大誤差 = 0.003852
2025-06-16 10:06:28,924 Epoch 76000: 平均誤差 = 0.000527, 最大誤差 = 0.003553
2025-06-16 10:10:56,961 Epoch 77000: 平均誤差 = 0.000791, 最大誤差 = 0.003627
2025-06-16 10:15:24,651 Epoch 78000: 平均誤差 = 0.000540, 最大誤差 = 0.003636
2025-06-16 10:19:53,418 Epoch 79000: 平均誤差 = 0.000633, 最大誤差 = 0.004053
2025-06-16 10:24:21,031 Epoch 80000: 平均誤差 = 0.000906, 最大誤差 = 0.003577
2025-06-16 10:28:54,203 Epoch 81000: 平均誤差 = 0.000881, 最大誤差 = 0.003674
2025-06-16 10:33:26,771 Epoch 82000: 平均誤差 = 0.000746, 最大誤差 = 0.003946
2025-06-16 10:37:55,171 Epoch 83000: 平均誤差 = 0.000665, 最大誤差 = 0.004059
2025-06-16 10:42:24,628 Epoch 84000: 平均誤差 = 0.000796, 最大誤差 = 0.003698
2025-06-16 10:46:56,445 Epoch 85000: 平均誤差 = 0.000915, 最大誤差 = 0.003876
2025-06-16 10:52:30,991 Epoch 86000: 平均誤差 = 0.000661, 最大誤差 = 0.004361
2025-06-16 10:58:22,787 Epoch 87000: 平均誤差 = 0.000634, 最大誤差 = 0.003873
2025-06-16 11:04:13,213 Epoch 88000: 平均誤差 = 0.000611, 最大誤差 = 0.004015
2025-06-16 11:10:03,749 Epoch 89000: 平均誤差 = 0.000748, 最大誤差 = 0.003776
2025-06-16 11:15:54,144 Epoch 90000: 平均誤差 = 0.000849, 最大誤差 = 0.003994
2025-06-16 11:21:44,671 Epoch 91000: 平均誤差 = 0.000911, 最大誤差 = 0.004454
2025-06-16 11:27:34,946 Epoch 92000: 平均誤差 = 0.000538, 最大誤差 = 0.004127
2025-06-16 11:33:25,662 Epoch 93000: 平均誤差 = 0.000647, 最大誤差 = 0.004135
2025-06-16 11:39:16,488 Epoch 94000: 平均誤差 = 0.000768, 最大誤差 = 0.004507
2025-06-16 11:45:07,314 Epoch 95000: 平均誤差 = 0.000708, 最大誤差 = 0.004029
2025-06-16 11:50:57,963 Epoch 96000: 平均誤差 = 0.000613, 最大誤差 = 0.004033
2025-06-16 11:56:48,626 Epoch 97000: 平均誤差 = 0.000794, 最大誤差 = 0.004303
2025-06-16 12:02:39,781 Epoch 98000: 平均誤差 = 0.001020, 最大誤差 = 0.004355
2025-06-16 12:08:31,317 Epoch 99000: 平均誤差 = 0.000564, 最大誤差 = 0.004025
2025-06-16 12:14:22,003 Epoch 100000: 平均誤差 = 0.000475, 最大誤差 = 0.003776
2025-06-16 12:14:22,013 モデルは最大エポック数まで収束条件に達しませんでした。収束条件を満たさず終了しました。
2025-06-16 12:14:22,548 トレーニングデータの再構成誤差（平均）：0.00047518648930641385
2025-06-16 12:14:22,548 トレーニングデータの再構成誤差（最大値）：0.0037761907920557955
2025-06-16 12:14:22,548 閾値を下回りませんでした4回目
2025-06-16 12:21:27,488 -----------------------------------------------------------------------------------------
2025-06-16 12:21:27,488 探索中: units_1_3=24, units_2=9, 試行回数=4, seed値 = 53
2025-06-16 12:27:09,580 Epoch 1000: 平均誤差 = 0.006592, 最大誤差 = 0.027082
2025-06-16 12:32:58,120 Epoch 2000: 平均誤差 = 0.006032, 最大誤差 = 0.026698
2025-06-16 12:38:46,942 Epoch 3000: 平均誤差 = 0.005477, 最大誤差 = 0.023265
2025-06-16 12:44:35,222 Epoch 4000: 平均誤差 = 0.004788, 最大誤差 = 0.016462
2025-06-16 12:50:24,088 Epoch 5000: 平均誤差 = 0.003987, 最大誤差 = 0.013705
2025-06-16 12:56:12,680 Epoch 6000: 平均誤差 = 0.004185, 最大誤差 = 0.013973
2025-06-16 13:02:01,480 Epoch 7000: 平均誤差 = 0.004465, 最大誤差 = 0.014030
2025-06-16 13:07:45,881 Epoch 8000: 平均誤差 = 0.004477, 最大誤差 = 0.014600
2025-06-16 13:13:34,351 Epoch 9000: 平均誤差 = 0.004113, 最大誤差 = 0.014758
2025-06-16 13:19:22,837 Epoch 10000: 平均誤差 = 0.003964, 最大誤差 = 0.014775
2025-06-16 13:25:11,243 Epoch 11000: 平均誤差 = 0.003946, 最大誤差 = 0.014848
2025-06-16 13:31:00,449 Epoch 12000: 平均誤差 = 0.003992, 最大誤差 = 0.014921
2025-06-16 13:36:49,235 Epoch 13000: 平均誤差 = 0.004024, 最大誤差 = 0.014957
2025-06-16 13:42:38,001 Epoch 14000: 平均誤差 = 0.003970, 最大誤差 = 0.014944
2025-06-16 13:48:26,647 Epoch 15000: 平均誤差 = 0.003937, 最大誤差 = 0.014945
2025-06-16 13:54:15,612 Epoch 16000: 平均誤差 = 0.003953, 最大誤差 = 0.014946
2025-06-16 14:00:04,719 Epoch 17000: 平均誤差 = 0.004087, 最大誤差 = 0.015011
2025-06-16 14:05:52,974 Epoch 18000: 平均誤差 = 0.003833, 最大誤差 = 0.015116
2025-06-16 14:11:41,450 Epoch 19000: 平均誤差 = 0.003956, 最大誤差 = 0.015172
2025-06-16 14:17:29,101 Epoch 20000: 平均誤差 = 0.003873, 最大誤差 = 0.015052
2025-06-16 14:23:16,696 Epoch 21000: 平均誤差 = 0.003876, 最大誤差 = 0.015138
2025-06-16 14:29:03,531 Epoch 22000: 平均誤差 = 0.003714, 最大誤差 = 0.015041
2025-06-16 14:34:51,045 Epoch 23000: 平均誤差 = 0.003721, 最大誤差 = 0.014977
2025-06-16 14:40:38,992 Epoch 24000: 平均誤差 = 0.003741, 最大誤差 = 0.014980
2025-06-16 14:46:27,127 Epoch 25000: 平均誤差 = 0.003609, 最大誤差 = 0.014894
2025-06-16 14:52:14,703 Epoch 26000: 平均誤差 = 0.003627, 最大誤差 = 0.014789
2025-06-16 14:58:03,589 Epoch 27000: 平均誤差 = 0.003538, 最大誤差 = 0.014690
2025-06-16 15:03:52,804 Epoch 28000: 平均誤差 = 0.003463, 最大誤差 = 0.014556
2025-06-16 15:09:41,432 Epoch 29000: 平均誤差 = 0.003412, 最大誤差 = 0.014449
2025-06-16 15:15:30,194 Epoch 30000: 平均誤差 = 0.003388, 最大誤差 = 0.014331
2025-06-16 15:21:18,690 Epoch 31000: 平均誤差 = 0.003426, 最大誤差 = 0.014201
2025-06-16 15:27:07,735 Epoch 32000: 平均誤差 = 0.003453, 最大誤差 = 0.014053
2025-06-16 15:32:56,817 Epoch 33000: 平均誤差 = 0.003460, 最大誤差 = 0.013891
2025-06-16 15:38:44,823 Epoch 34000: 平均誤差 = 0.003421, 最大誤差 = 0.013718
2025-06-16 15:44:33,478 Epoch 35000: 平均誤差 = 0.003399, 最大誤差 = 0.013562
2025-06-16 15:50:22,253 Epoch 36000: 平均誤差 = 0.003360, 最大誤差 = 0.013429
2025-06-16 15:56:10,239 Epoch 37000: 平均誤差 = 0.003262, 最大誤差 = 0.013291
2025-06-16 16:01:57,105 Epoch 38000: 平均誤差 = 0.003692, 最大誤差 = 0.013332
2025-06-16 16:07:43,984 Epoch 39000: 平均誤差 = 0.003241, 最大誤差 = 0.013041
2025-06-16 16:13:30,270 Epoch 40000: 平均誤差 = 0.003249, 最大誤差 = 0.013023
2025-06-16 16:18:52,004 Epoch 41000: 平均誤差 = 0.003237, 最大誤差 = 0.013075
2025-06-16 16:23:21,100 Epoch 42000: 平均誤差 = 0.003609, 最大誤差 = 0.013238
2025-06-16 16:27:51,177 Epoch 43000: 平均誤差 = 0.003259, 最大誤差 = 0.013144
2025-06-16 16:32:24,924 Epoch 44000: 平均誤差 = 0.003577, 最大誤差 = 0.013281
2025-06-16 16:36:55,431 Epoch 45000: 平均誤差 = 0.003272, 最大誤差 = 0.013078
2025-06-16 16:41:22,648 Epoch 46000: 平均誤差 = 0.002254, 最大誤差 = 0.023610
2025-06-16 16:45:50,000 Epoch 47000: 平均誤差 = 0.001612, 最大誤差 = 0.020397
2025-06-16 16:50:19,601 Epoch 48000: 平均誤差 = 0.001332, 最大誤差 = 0.020306
2025-06-16 16:54:47,644 Epoch 49000: 平均誤差 = 0.001471, 最大誤差 = 0.019931
2025-06-16 16:59:17,245 Epoch 50000: 平均誤差 = 0.001223, 最大誤差 = 0.019123
2025-06-16 17:03:45,285 Epoch 51000: 平均誤差 = 0.001513, 最大誤差 = 0.018229
2025-06-16 17:08:13,211 Epoch 52000: 平均誤差 = 0.001475, 最大誤差 = 0.018543
2025-06-16 17:12:43,326 Epoch 53000: 平均誤差 = 0.001523, 最大誤差 = 0.018493
2025-06-16 17:17:12,403 Epoch 54000: 平均誤差 = 0.001218, 最大誤差 = 0.017546
2025-06-16 17:21:39,599 Epoch 55000: 平均誤差 = 0.001645, 最大誤差 = 0.016280
2025-06-16 17:26:06,986 Epoch 56000: 平均誤差 = 0.001220, 最大誤差 = 0.015338
2025-06-16 17:30:33,943 Epoch 57000: 平均誤差 = 0.001987, 最大誤差 = 0.016059
2025-06-16 17:34:59,550 Epoch 58000: 平均誤差 = 0.000994, 最大誤差 = 0.014670
2025-06-16 17:40:08,077 Epoch 59000: 平均誤差 = 0.001119, 最大誤差 = 0.014043
2025-06-16 17:45:34,723 Epoch 60000: 平均誤差 = 0.001171, 最大誤差 = 0.014697
2025-06-16 17:51:20,719 Epoch 61000: 平均誤差 = 0.000946, 最大誤差 = 0.013874
2025-06-16 17:57:06,505 Epoch 62000: 平均誤差 = 0.001012, 最大誤差 = 0.013765
2025-06-16 18:02:52,341 Epoch 63000: 平均誤差 = 0.001125, 最大誤差 = 0.013772
2025-06-16 18:08:37,869 Epoch 64000: 平均誤差 = 0.000994, 最大誤差 = 0.013319
2025-06-16 18:14:23,357 Epoch 65000: 平均誤差 = 0.000908, 最大誤差 = 0.013336
2025-06-16 18:20:09,143 Epoch 66000: 平均誤差 = 0.001412, 最大誤差 = 0.012951
2025-06-16 18:25:55,041 Epoch 67000: 平均誤差 = 0.001610, 最大誤差 = 0.012999
2025-06-16 18:31:41,417 Epoch 68000: 平均誤差 = 0.001086, 最大誤差 = 0.012118
2025-06-16 18:37:27,878 Epoch 69000: 平均誤差 = 0.001320, 最大誤差 = 0.012046
2025-06-16 18:43:14,404 Epoch 70000: 平均誤差 = 0.001152, 最大誤差 = 0.011843
2025-06-16 18:49:00,120 Epoch 71000: 平均誤差 = 0.000921, 最大誤差 = 0.011705
2025-06-16 18:54:46,327 Epoch 72000: 平均誤差 = 0.000907, 最大誤差 = 0.011527
2025-06-16 19:00:32,465 Epoch 73000: 平均誤差 = 0.001277, 最大誤差 = 0.011690
2025-06-16 19:06:18,534 Epoch 74000: 平均誤差 = 0.001671, 最大誤差 = 0.011471
2025-06-16 19:12:04,745 Epoch 75000: 平均誤差 = 0.001286, 最大誤差 = 0.011691
2025-06-16 19:17:50,911 Epoch 76000: 平均誤差 = 0.000799, 最大誤差 = 0.011125
2025-06-16 19:23:37,653 Epoch 77000: 平均誤差 = 0.001252, 最大誤差 = 0.011391
2025-06-16 19:29:24,243 Epoch 78000: 平均誤差 = 0.001324, 最大誤差 = 0.011461
2025-06-16 19:35:09,809 Epoch 79000: 平均誤差 = 0.001043, 最大誤差 = 0.011002
2025-06-16 19:40:56,665 Epoch 80000: 平均誤差 = 0.001085, 最大誤差 = 0.010966
2025-06-16 19:46:43,021 Epoch 81000: 平均誤差 = 0.001025, 最大誤差 = 0.010784
2025-06-16 19:52:25,327 Epoch 82000: 平均誤差 = 0.001038, 最大誤差 = 0.010596
2025-06-16 19:58:04,854 Epoch 83000: 平均誤差 = 0.001001, 最大誤差 = 0.011055
2025-06-16 20:03:51,709 Epoch 84000: 平均誤差 = 0.001236, 最大誤差 = 0.011023
2025-06-16 20:09:38,315 Epoch 85000: 平均誤差 = 0.001026, 最大誤差 = 0.010507
2025-06-16 20:15:24,652 Epoch 86000: 平均誤差 = 0.001267, 最大誤差 = 0.010423
2025-06-16 20:21:10,578 Epoch 87000: 平均誤差 = 0.000956, 最大誤差 = 0.010698
2025-06-16 20:26:56,614 Epoch 88000: 平均誤差 = 0.001572, 最大誤差 = 0.010868
2025-06-16 20:32:43,050 Epoch 89000: 平均誤差 = 0.001202, 最大誤差 = 0.010639
2025-06-16 20:38:29,486 Epoch 90000: 平均誤差 = 0.001023, 最大誤差 = 0.011125
2025-06-16 20:44:15,937 Epoch 91000: 平均誤差 = 0.001028, 最大誤差 = 0.011138
2025-06-16 20:50:02,278 Epoch 92000: 平均誤差 = 0.000894, 最大誤差 = 0.010700
2025-06-16 20:55:48,688 Epoch 93000: 平均誤差 = 0.000764, 最大誤差 = 0.011042
2025-06-16 21:01:35,692 Epoch 94000: 平均誤差 = 0.001160, 最大誤差 = 0.010738
2025-06-16 21:07:22,936 Epoch 95000: 平均誤差 = 0.001005, 最大誤差 = 0.011193
2025-06-16 21:13:09,183 Epoch 96000: 平均誤差 = 0.001116, 最大誤差 = 0.011262
2025-06-16 21:18:55,429 Epoch 97000: 平均誤差 = 0.000842, 最大誤差 = 0.011225
2025-06-16 21:24:41,865 Epoch 98000: 平均誤差 = 0.001023, 最大誤差 = 0.011645
2025-06-16 21:30:28,051 Epoch 99000: 平均誤差 = 0.000929, 最大誤差 = 0.011317
2025-06-16 21:36:14,970 Epoch 100000: 平均誤差 = 0.000982, 最大誤差 = 0.011581
2025-06-16 21:36:14,977 モデルは最大エポック数まで収束条件に達しませんでした。収束条件を満たさず終了しました。
2025-06-16 21:36:15,527 トレーニングデータの再構成誤差（平均）：0.0009819348708867087
2025-06-16 21:36:15,527 トレーニングデータの再構成誤差（最大値）：0.011581017971584921
2025-06-16 21:36:15,527 閾値を下回りませんでした4回目
