2025-06-14 14:30:24,417 -----------------------------------------------------------------------------------------
2025-06-14 14:30:24,417 探索中: units_1_3=22, units_2=10, 試行回数=2, seed値 = 51
2025-06-14 14:34:47,121 Epoch 1000: 平均誤差 = 0.006066, 最大誤差 = 0.038753
2025-06-14 14:39:11,322 Epoch 2000: 平均誤差 = 0.002483, 最大誤差 = 0.009361
2025-06-14 14:43:37,521 Epoch 3000: 平均誤差 = 0.002830, 最大誤差 = 0.011014
2025-06-14 14:48:03,726 Epoch 4000: 平均誤差 = 0.002260, 最大誤差 = 0.008677
2025-06-14 14:52:29,441 Epoch 5000: 平均誤差 = 0.002415, 最大誤差 = 0.007979
2025-06-14 14:56:56,590 Epoch 6000: 平均誤差 = 0.001944, 最大誤差 = 0.007997
2025-06-14 15:01:26,136 Epoch 7000: 平均誤差 = 0.002486, 最大誤差 = 0.007857
2025-06-14 15:05:52,464 Epoch 8000: 平均誤差 = 0.001812, 最大誤差 = 0.007884
2025-06-14 15:10:18,861 Epoch 9000: 平均誤差 = 0.001786, 最大誤差 = 0.007605
2025-06-14 15:14:45,438 Epoch 10000: 平均誤差 = 0.001291, 最大誤差 = 0.006826
2025-06-14 15:19:12,467 Epoch 11000: 平均誤差 = 0.001566, 最大誤差 = 0.007030
2025-06-14 15:23:45,052 Epoch 12000: 平均誤差 = 0.001722, 最大誤差 = 0.007381
2025-06-14 15:28:15,509 Epoch 13000: 平均誤差 = 0.001428, 最大誤差 = 0.007265
2025-06-14 15:32:44,534 Epoch 14000: 平均誤差 = 0.001516, 最大誤差 = 0.007493
2025-06-14 15:37:11,314 Epoch 15000: 平均誤差 = 0.001556, 最大誤差 = 0.007071
2025-06-14 15:41:37,901 Epoch 16000: 平均誤差 = 0.001796, 最大誤差 = 0.007295
2025-06-14 15:46:04,877 Epoch 17000: 平均誤差 = 0.001490, 最大誤差 = 0.007185
2025-06-14 15:50:31,084 Epoch 18000: 平均誤差 = 0.001551, 最大誤差 = 0.007207
2025-06-14 15:54:56,931 Epoch 19000: 平均誤差 = 0.001194, 最大誤差 = 0.007295
2025-06-14 15:59:26,048 Epoch 20000: 平均誤差 = 0.001461, 最大誤差 = 0.006871
2025-06-14 16:03:58,371 Epoch 21000: 平均誤差 = 0.001174, 最大誤差 = 0.006840
2025-06-14 16:08:31,755 Epoch 22000: 平均誤差 = 0.001398, 最大誤差 = 0.007863
2025-06-14 16:13:00,960 Epoch 23000: 平均誤差 = 0.001264, 最大誤差 = 0.007543
2025-06-14 16:17:30,455 Epoch 24000: 平均誤差 = 0.001346, 最大誤差 = 0.006998
2025-06-14 16:21:59,493 Epoch 25000: 平均誤差 = 0.001697, 最大誤差 = 0.007108
2025-06-14 16:26:26,020 Epoch 26000: 平均誤差 = 0.001467, 最大誤差 = 0.006569
2025-06-14 16:30:55,358 Epoch 27000: 平均誤差 = 0.001458, 最大誤差 = 0.007534
2025-06-14 16:35:22,424 Epoch 28000: 平均誤差 = 0.001133, 最大誤差 = 0.007452
2025-06-14 16:39:49,766 Epoch 29000: 平均誤差 = 0.001140, 最大誤差 = 0.006720
2025-06-14 16:44:16,630 Epoch 30000: 平均誤差 = 0.001169, 最大誤差 = 0.006794
2025-06-14 16:48:43,035 Epoch 31000: 平均誤差 = 0.001116, 最大誤差 = 0.007144
2025-06-14 16:53:11,685 Epoch 32000: 平均誤差 = 0.001483, 最大誤差 = 0.006233
2025-06-14 16:57:41,358 Epoch 33000: 平均誤差 = 0.001385, 最大誤差 = 0.007189
2025-06-14 17:02:13,420 Epoch 34000: 平均誤差 = 0.001309, 最大誤差 = 0.006721
2025-06-14 17:06:40,512 Epoch 35000: 平均誤差 = 0.001295, 最大誤差 = 0.006608
2025-06-14 17:11:08,729 Epoch 36000: 平均誤差 = 0.000841, 最大誤差 = 0.006619
2025-06-14 17:15:35,481 Epoch 37000: 平均誤差 = 0.001068, 最大誤差 = 0.006906
2025-06-14 17:20:01,813 Epoch 38000: 平均誤差 = 0.001327, 最大誤差 = 0.006654
2025-06-14 17:24:27,740 Epoch 39000: 平均誤差 = 0.001050, 最大誤差 = 0.006421
2025-06-14 17:28:59,817 Epoch 40000: 平均誤差 = 0.000790, 最大誤差 = 0.006579
2025-06-14 17:33:30,407 Epoch 41000: 平均誤差 = 0.001123, 最大誤差 = 0.006843
2025-06-14 17:38:00,272 Epoch 42000: 平均誤差 = 0.001183, 最大誤差 = 0.006165
2025-06-14 17:42:26,908 Epoch 43000: 平均誤差 = 0.000952, 最大誤差 = 0.006070
2025-06-14 17:47:00,037 Epoch 44000: 平均誤差 = 0.001017, 最大誤差 = 0.006698
2025-06-14 17:51:22,032 Epoch 45000: 平均誤差 = 0.000918, 最大誤差 = 0.006309
2025-06-14 17:55:42,739 Epoch 46000: 平均誤差 = 0.000961, 最大誤差 = 0.006019
2025-06-14 18:00:04,866 Epoch 47000: 平均誤差 = 0.000981, 最大誤差 = 0.006454
2025-06-14 18:04:25,813 Epoch 48000: 平均誤差 = 0.001185, 最大誤差 = 0.007164
2025-06-14 18:08:48,834 Epoch 49000: 平均誤差 = 0.000847, 最大誤差 = 0.006276
2025-06-14 18:13:10,418 Epoch 50000: 平均誤差 = 0.000994, 最大誤差 = 0.006485
2025-06-14 18:17:29,315 Epoch 51000: 平均誤差 = 0.000836, 最大誤差 = 0.006658
2025-06-14 18:21:50,307 Epoch 52000: 平均誤差 = 0.000945, 最大誤差 = 0.006755
2025-06-14 18:26:14,044 Epoch 53000: 平均誤差 = 0.000738, 最大誤差 = 0.006766
2025-06-14 18:30:39,496 Epoch 54000: 平均誤差 = 0.000829, 最大誤差 = 0.007394
2025-06-14 18:35:02,063 Epoch 55000: 平均誤差 = 0.000729, 最大誤差 = 0.007360
2025-06-14 18:39:26,526 Epoch 56000: 平均誤差 = 0.000897, 最大誤差 = 0.007130
2025-06-14 18:43:59,657 Epoch 57000: 平均誤差 = 0.000910, 最大誤差 = 0.007381
2025-06-14 18:48:28,234 Epoch 58000: 平均誤差 = 0.000881, 最大誤差 = 0.007492
2025-06-14 18:52:54,692 Epoch 59000: 平均誤差 = 0.001178, 最大誤差 = 0.007642
2025-06-14 18:57:20,798 Epoch 60000: 平均誤差 = 0.000674, 最大誤差 = 0.008050
2025-06-14 19:01:46,425 Epoch 61000: 平均誤差 = 0.000784, 最大誤差 = 0.007920
2025-06-14 19:06:12,502 Epoch 62000: 平均誤差 = 0.000716, 最大誤差 = 0.007830
2025-06-14 19:10:38,709 Epoch 63000: 平均誤差 = 0.000607, 最大誤差 = 0.007990
2025-06-14 19:15:04,686 Epoch 64000: 平均誤差 = 0.000725, 最大誤差 = 0.008109
2025-06-14 19:19:32,123 Epoch 65000: 平均誤差 = 0.000837, 最大誤差 = 0.008207
2025-06-14 19:24:02,893 Epoch 66000: 平均誤差 = 0.000632, 最大誤差 = 0.008267
2025-06-14 19:28:31,397 Epoch 67000: 平均誤差 = 0.001079, 最大誤差 = 0.008563
2025-06-14 19:33:00,244 Epoch 68000: 平均誤差 = 0.000611, 最大誤差 = 0.008462
2025-06-14 19:37:26,601 Epoch 69000: 平均誤差 = 0.000776, 最大誤差 = 0.008415
2025-06-14 19:41:56,498 Epoch 70000: 平均誤差 = 0.000619, 最大誤差 = 0.008593
2025-06-14 19:46:24,205 Epoch 71000: 平均誤差 = 0.000942, 最大誤差 = 0.008545
2025-06-14 19:50:53,195 Epoch 72000: 平均誤差 = 0.000761, 最大誤差 = 0.008533
2025-06-14 19:55:18,677 Epoch 73000: 平均誤差 = 0.000801, 最大誤差 = 0.008575
2025-06-14 19:59:46,476 Epoch 74000: 平均誤差 = 0.000812, 最大誤差 = 0.008673
2025-06-14 20:04:12,152 Epoch 75000: 平均誤差 = 0.000563, 最大誤差 = 0.008854
2025-06-14 20:08:41,514 Epoch 76000: 平均誤差 = 0.000661, 最大誤差 = 0.008551
2025-06-14 20:13:08,093 Epoch 77000: 平均誤差 = 0.000716, 最大誤差 = 0.008982
2025-06-14 20:17:35,964 Epoch 78000: 平均誤差 = 0.000645, 最大誤差 = 0.008753
2025-06-14 20:22:03,467 Epoch 79000: 平均誤差 = 0.000670, 最大誤差 = 0.008839
2025-06-14 20:26:34,119 Epoch 80000: 平均誤差 = 0.000519, 最大誤差 = 0.009001
2025-06-14 20:31:00,758 Epoch 81000: 平均誤差 = 0.000952, 最大誤差 = 0.008867
2025-06-14 20:35:30,543 Epoch 82000: 平均誤差 = 0.001001, 最大誤差 = 0.009294
2025-06-14 20:40:30,209 Epoch 83000: 平均誤差 = 0.000562, 最大誤差 = 0.008958
2025-06-14 20:45:17,786 Epoch 84000: 平均誤差 = 0.000779, 最大誤差 = 0.009161
2025-06-14 20:49:46,083 Epoch 85000: 平均誤差 = 0.000697, 最大誤差 = 0.008877
2025-06-14 20:54:13,700 Epoch 86000: 平均誤差 = 0.000764, 最大誤差 = 0.009348
2025-06-14 20:58:43,487 Epoch 87000: 平均誤差 = 0.000591, 最大誤差 = 0.009317
2025-06-14 21:03:09,054 Epoch 88000: 平均誤差 = 0.000560, 最大誤差 = 0.009028
2025-06-14 21:07:35,090 Epoch 89000: 平均誤差 = 0.000540, 最大誤差 = 0.009290
2025-06-14 21:12:03,558 Epoch 90000: 平均誤差 = 0.000760, 最大誤差 = 0.009199
2025-06-14 21:16:33,465 Epoch 91000: 平均誤差 = 0.000847, 最大誤差 = 0.009029
2025-06-14 21:21:01,944 Epoch 92000: 平均誤差 = 0.000503, 最大誤差 = 0.009319
2025-06-14 21:25:29,072 Epoch 93000: 平均誤差 = 0.000686, 最大誤差 = 0.009136
2025-06-14 21:29:57,336 Epoch 94000: 平均誤差 = 0.000713, 最大誤差 = 0.009318
2025-06-14 21:34:23,979 Epoch 95000: 平均誤差 = 0.000731, 最大誤差 = 0.008969
2025-06-14 21:38:51,930 Epoch 96000: 平均誤差 = 0.000538, 最大誤差 = 0.009257
2025-06-14 21:43:17,922 Epoch 97000: 平均誤差 = 0.000558, 最大誤差 = 0.009164
2025-06-14 21:47:43,684 Epoch 98000: 平均誤差 = 0.000647, 最大誤差 = 0.009179
2025-06-14 21:52:08,801 Epoch 99000: 平均誤差 = 0.000528, 最大誤差 = 0.009131
2025-06-14 21:56:33,642 Epoch 100000: 平均誤差 = 0.000631, 最大誤差 = 0.009104
2025-06-14 21:56:33,642 モデルは最大エポック数まで収束条件に達しませんでした。収束条件を満たさず終了しました。
2025-06-14 21:56:34,042 トレーニングデータの再構成誤差（平均）：0.0006306862469084216
2025-06-14 21:56:34,042 トレーニングデータの再構成誤差（最大値）：0.009104154502900568
2025-06-14 21:56:34,042 閾値を下回りませんでした2回目
2025-06-14 21:57:31,653 -----------------------------------------------------------------------------------------
2025-06-14 21:57:31,653 探索中: units_1_3=44, units_2=10, 試行回数=2, seed値 = 51
2025-06-14 22:02:03,655 Epoch 1000: 平均誤差 = 0.006017, 最大誤差 = 0.027109
2025-06-14 22:06:38,350 Epoch 2000: 平均誤差 = 0.006273, 最大誤差 = 0.026212
2025-06-14 22:11:12,838 Epoch 3000: 平均誤差 = 0.005927, 最大誤差 = 0.025232
2025-06-14 22:15:48,291 Epoch 4000: 平均誤差 = 0.004204, 最大誤差 = 0.015297
2025-06-14 22:20:24,682 Epoch 5000: 平均誤差 = 0.004522, 最大誤差 = 0.014720
2025-06-14 22:25:01,051 Epoch 6000: 平均誤差 = 0.003798, 最大誤差 = 0.014753
2025-06-14 22:29:36,836 Epoch 7000: 平均誤差 = 0.003859, 最大誤差 = 0.014785
2025-06-14 22:34:11,407 Epoch 8000: 平均誤差 = 0.004280, 最大誤差 = 0.014860
2025-06-14 22:38:48,050 Epoch 9000: 平均誤差 = 0.004035, 最大誤差 = 0.014607
2025-06-14 22:43:23,549 Epoch 10000: 平均誤差 = 0.003924, 最大誤差 = 0.014431
2025-06-14 22:48:00,954 Epoch 11000: 平均誤差 = 0.003775, 最大誤差 = 0.014189
2025-06-14 22:52:37,291 Epoch 12000: 平均誤差 = 0.004024, 最大誤差 = 0.013955
2025-06-14 22:57:13,897 Epoch 13000: 平均誤差 = 0.002982, 最大誤差 = 0.015168
2025-06-14 23:01:50,524 Epoch 14000: 平均誤差 = 0.002480, 最大誤差 = 0.014056
2025-06-14 23:06:27,761 Epoch 15000: 平均誤差 = 0.002557, 最大誤差 = 0.014231
2025-06-14 23:11:03,740 Epoch 16000: 平均誤差 = 0.004489, 最大誤差 = 0.014074
2025-06-14 23:15:40,519 Epoch 17000: 平均誤差 = 0.001348, 最大誤差 = 0.007205
2025-06-14 23:20:15,421 Epoch 18000: 平均誤差 = 0.002012, 最大誤差 = 0.006346
2025-06-14 23:24:51,561 Epoch 19000: 平均誤差 = 0.001412, 最大誤差 = 0.006362
2025-06-14 23:29:26,575 Epoch 20000: 平均誤差 = 0.001380, 最大誤差 = 0.006215
2025-06-14 23:34:03,492 Epoch 21000: 平均誤差 = 0.000998, 最大誤差 = 0.005853
2025-06-14 23:38:39,383 Epoch 22000: 平均誤差 = 0.001347, 最大誤差 = 0.006611
2025-06-14 23:43:14,976 Epoch 23000: 平均誤差 = 0.001422, 最大誤差 = 0.005337
2025-06-14 23:47:50,372 Epoch 24000: 平均誤差 = 0.001409, 最大誤差 = 0.005417
2025-06-14 23:52:26,629 Epoch 25000: 平均誤差 = 0.001108, 最大誤差 = 0.005513
2025-06-14 23:57:02,230 Epoch 26000: 平均誤差 = 0.000972, 最大誤差 = 0.005335
2025-06-15 00:01:37,059 Epoch 27000: 平均誤差 = 0.000715, 最大誤差 = 0.005067
2025-06-15 00:06:12,679 Epoch 28000: 平均誤差 = 0.000850, 最大誤差 = 0.004790
2025-06-15 00:10:49,956 Epoch 29000: 平均誤差 = 0.001014, 最大誤差 = 0.004575
2025-06-15 00:15:25,733 Epoch 30000: 平均誤差 = 0.000997, 最大誤差 = 0.004633
2025-06-15 00:20:01,980 Epoch 31000: 平均誤差 = 0.000989, 最大誤差 = 0.003934
2025-06-15 00:24:36,473 Epoch 32000: 平均誤差 = 0.000839, 最大誤差 = 0.004297
2025-06-15 00:29:13,733 Epoch 33000: 平均誤差 = 0.001075, 最大誤差 = 0.003676
2025-06-15 00:33:50,562 Epoch 34000: 平均誤差 = 0.000893, 最大誤差 = 0.003711
2025-06-15 00:38:27,316 Epoch 35000: 平均誤差 = 0.000842, 最大誤差 = 0.003969
2025-06-15 00:43:03,743 Epoch 36000: 平均誤差 = 0.000859, 最大誤差 = 0.003759
2025-06-15 00:47:40,700 Epoch 37000: 平均誤差 = 0.000752, 最大誤差 = 0.003736
2025-06-15 00:52:16,067 Epoch 38000: 平均誤差 = 0.000850, 最大誤差 = 0.004079
2025-06-15 00:56:52,726 Epoch 39000: 平均誤差 = 0.000867, 最大誤差 = 0.004317
2025-06-15 01:01:30,070 Epoch 40000: 平均誤差 = 0.000685, 最大誤差 = 0.003948
2025-06-15 01:06:06,567 Epoch 41000: 平均誤差 = 0.000707, 最大誤差 = 0.004543
2025-06-15 01:10:43,964 Epoch 42000: 平均誤差 = 0.000674, 最大誤差 = 0.004145
2025-06-15 01:15:17,289 Epoch 43000: 平均誤差 = 0.000565, 最大誤差 = 0.004137
2025-06-15 01:19:53,137 Epoch 44000: 平均誤差 = 0.000787, 最大誤差 = 0.004469
2025-06-15 01:24:28,134 Epoch 45000: 平均誤差 = 0.000604, 最大誤差 = 0.004296
2025-06-15 01:29:05,552 Epoch 46000: 平均誤差 = 0.001002, 最大誤差 = 0.004516
2025-06-15 01:33:40,371 Epoch 47000: 平均誤差 = 0.000628, 最大誤差 = 0.004400
2025-06-15 01:38:16,364 Epoch 48000: 平均誤差 = 0.000897, 最大誤差 = 0.004293
2025-06-15 01:42:51,429 Epoch 49000: 平均誤差 = 0.000626, 最大誤差 = 0.004178
2025-06-15 01:47:28,598 Epoch 50000: 平均誤差 = 0.000619, 最大誤差 = 0.004181
2025-06-15 01:52:03,595 Epoch 51000: 平均誤差 = 0.000693, 最大誤差 = 0.004206
2025-06-15 01:56:38,666 Epoch 52000: 平均誤差 = 0.000531, 最大誤差 = 0.003994
2025-06-15 02:01:15,151 Epoch 53000: 平均誤差 = 0.000564, 最大誤差 = 0.004363
2025-06-15 02:05:50,515 Epoch 54000: 平均誤差 = 0.000661, 最大誤差 = 0.004118
2025-06-15 02:10:24,368 Epoch 55000: 平均誤差 = 0.000666, 最大誤差 = 0.004249
2025-06-15 02:15:00,428 Epoch 56000: 平均誤差 = 0.000761, 最大誤差 = 0.003859
2025-06-15 02:19:34,247 Epoch 57000: 平均誤差 = 0.000503, 最大誤差 = 0.003693
2025-06-15 02:24:09,912 Epoch 58000: 平均誤差 = 0.000456, 最大誤差 = 0.003540
2025-06-15 02:28:46,569 Epoch 59000: 平均誤差 = 0.000580, 最大誤差 = 0.003480
2025-06-15 02:33:22,836 Epoch 60000: 平均誤差 = 0.000570, 最大誤差 = 0.003431
2025-06-15 02:37:56,482 Epoch 61000: 平均誤差 = 0.000474, 最大誤差 = 0.003058
2025-06-15 02:42:32,239 Epoch 62000: 平均誤差 = 0.000877, 最大誤差 = 0.003312
2025-06-15 02:47:06,237 Epoch 63000: 平均誤差 = 0.000625, 最大誤差 = 0.002956
2025-06-15 02:51:38,864 Epoch 64000: 平均誤差 = 0.000570, 最大誤差 = 0.002911
2025-06-15 02:56:14,242 Epoch 65000: 平均誤差 = 0.000545, 最大誤差 = 0.002857
2025-06-15 03:00:50,276 Epoch 66000: 平均誤差 = 0.000580, 最大誤差 = 0.002867
2025-06-15 03:05:26,467 Epoch 67000: 平均誤差 = 0.000645, 最大誤差 = 0.002868
2025-06-15 03:09:59,712 Epoch 68000: 平均誤差 = 0.000569, 最大誤差 = 0.002822
2025-06-15 03:14:33,347 Epoch 69000: 平均誤差 = 0.000522, 最大誤差 = 0.002865
2025-06-15 03:19:08,064 Epoch 70000: 平均誤差 = 0.000662, 最大誤差 = 0.002797
2025-06-15 03:23:42,132 Epoch 71000: 平均誤差 = 0.000480, 最大誤差 = 0.002772
2025-06-15 03:28:18,678 Epoch 72000: 平均誤差 = 0.000607, 最大誤差 = 0.002874
2025-06-15 03:32:54,890 Epoch 73000: 平均誤差 = 0.000321, 最大誤差 = 0.002892
2025-06-15 03:37:30,213 Epoch 74000: 平均誤差 = 0.000614, 最大誤差 = 0.002995
2025-06-15 03:42:05,827 Epoch 75000: 平均誤差 = 0.000629, 最大誤差 = 0.003063
2025-06-15 03:46:41,778 Epoch 76000: 平均誤差 = 0.000578, 最大誤差 = 0.003161
2025-06-15 03:51:18,539 Epoch 77000: 平均誤差 = 0.000464, 最大誤差 = 0.003106
2025-06-15 03:55:54,151 Epoch 78000: 平均誤差 = 0.000389, 最大誤差 = 0.003143
2025-06-15 04:00:30,814 Epoch 79000: 平均誤差 = 0.000489, 最大誤差 = 0.003327
2025-06-15 04:05:04,801 Epoch 80000: 平均誤差 = 0.000688, 最大誤差 = 0.003178
2025-06-15 04:09:38,848 Epoch 81000: 平均誤差 = 0.000788, 最大誤差 = 0.003249
2025-06-15 04:14:05,675 Epoch 82000: 平均誤差 = 0.000368, 最大誤差 = 0.003047
2025-06-15 04:18:13,132 Epoch 83000: 平均誤差 = 0.000342, 最大誤差 = 0.002890
2025-06-15 04:22:22,159 Epoch 84000: 平均誤差 = 0.000512, 最大誤差 = 0.002891
2025-06-15 04:26:31,466 Epoch 85000: 平均誤差 = 0.000431, 最大誤差 = 0.002686
2025-06-15 04:30:40,633 Epoch 86000: 平均誤差 = 0.000538, 最大誤差 = 0.002461
2025-06-15 04:33:33,385 モデルは条件を満たしたため学習を終了しました 86689: 平均誤差=0.000620, 最大誤差=0.001988 < thresholds.
2025-06-15 04:33:33,391 モデルは EarlyStopping により閾値を満たして停止しました。（86689 エポック）
2025-06-15 04:33:33,761 トレーニングデータの再構成誤差（平均）：0.0006195607086273818
2025-06-15 04:33:33,761 トレーニングデータの再構成誤差（最大値）：0.0019880199511197296
2025-06-15 04:33:33,761 閾値を下回るモデルを発見: units_1_3=44, units_2=10
2025-06-15 05:21:17,737 -----------------------------------------------------------------------------------------
2025-06-15 05:21:17,737 探索中: units_1_3=33, units_2=10, 試行回数=2, seed値 = 51
2025-06-15 05:25:51,164 Epoch 1000: 平均誤差 = 0.005932, 最大誤差 = 0.026031
2025-06-15 05:30:26,810 Epoch 2000: 平均誤差 = 0.005681, 最大誤差 = 0.025812
2025-06-15 05:35:03,251 Epoch 3000: 平均誤差 = 0.004385, 最大誤差 = 0.014505
2025-06-15 05:39:38,284 Epoch 4000: 平均誤差 = 0.003897, 最大誤差 = 0.013127
2025-06-15 05:44:12,959 Epoch 5000: 平均誤差 = 0.003965, 最大誤差 = 0.013687
2025-06-15 05:48:49,628 Epoch 6000: 平均誤差 = 0.003765, 最大誤差 = 0.013221
2025-06-15 05:53:22,995 Epoch 7000: 平均誤差 = 0.004033, 最大誤差 = 0.013454
2025-06-15 05:57:58,712 Epoch 8000: 平均誤差 = 0.003601, 最大誤差 = 0.013511
2025-06-15 06:02:34,958 Epoch 9000: 平均誤差 = 0.003850, 最大誤差 = 0.013746
2025-06-15 06:07:11,875 Epoch 10000: 平均誤差 = 0.003879, 最大誤差 = 0.013834
2025-06-15 06:11:47,912 Epoch 11000: 平均誤差 = 0.003586, 最大誤差 = 0.014189
2025-06-15 06:16:23,229 Epoch 12000: 平均誤差 = 0.003675, 最大誤差 = 0.014272
2025-06-15 06:20:59,575 Epoch 13000: 平均誤差 = 0.003400, 最大誤差 = 0.014395
2025-06-15 06:25:34,692 Epoch 14000: 平均誤差 = 0.003325, 最大誤差 = 0.014430
2025-06-15 06:30:10,889 Epoch 15000: 平均誤差 = 0.003354, 最大誤差 = 0.014306
2025-06-15 06:34:47,009 Epoch 16000: 平均誤差 = 0.003199, 最大誤差 = 0.014170
2025-06-15 06:39:23,162 Epoch 17000: 平均誤差 = 0.003727, 最大誤差 = 0.014041
2025-06-15 06:43:59,179 Epoch 18000: 平均誤差 = 0.003539, 最大誤差 = 0.013815
2025-06-15 06:48:34,947 Epoch 19000: 平均誤差 = 0.003503, 最大誤差 = 0.013704
2025-06-15 06:53:09,013 Epoch 20000: 平均誤差 = 0.003216, 最大誤差 = 0.013460
2025-06-15 06:57:43,565 Epoch 21000: 平均誤差 = 0.003300, 最大誤差 = 0.013462
2025-06-15 07:02:18,996 Epoch 22000: 平均誤差 = 0.003603, 最大誤差 = 0.013627
2025-06-15 07:06:55,413 Epoch 23000: 平均誤差 = 0.003208, 最大誤差 = 0.013384
2025-06-15 07:11:31,891 Epoch 24000: 平均誤差 = 0.003695, 最大誤差 = 0.013717
2025-06-15 07:16:07,827 Epoch 25000: 平均誤差 = 0.003721, 最大誤差 = 0.013744
2025-06-15 07:20:44,404 Epoch 26000: 平均誤差 = 0.003288, 最大誤差 = 0.013660
2025-06-15 07:25:21,746 Epoch 27000: 平均誤差 = 0.003264, 最大誤差 = 0.013581
2025-06-15 07:29:58,472 Epoch 28000: 平均誤差 = 0.003380, 最大誤差 = 0.013588
2025-06-15 07:34:34,887 Epoch 29000: 平均誤差 = 0.003457, 最大誤差 = 0.013536
2025-06-15 07:39:10,738 Epoch 30000: 平均誤差 = 0.003441, 最大誤差 = 0.013475
2025-06-15 07:43:46,810 Epoch 31000: 平均誤差 = 0.003497, 最大誤差 = 0.013462
2025-06-15 07:48:23,544 Epoch 32000: 平均誤差 = 0.004219, 最大誤差 = 0.013839
2025-06-15 07:53:00,631 Epoch 33000: 平均誤差 = 0.003289, 最大誤差 = 0.013352
2025-06-15 07:57:36,414 Epoch 34000: 平均誤差 = 0.003662, 最大誤差 = 0.013534
2025-06-15 08:02:13,753 Epoch 35000: 平均誤差 = 0.003841, 最大誤差 = 0.013530
2025-06-15 08:06:50,561 Epoch 36000: 平均誤差 = 0.003392, 最大誤差 = 0.013271
2025-06-15 08:11:28,490 Epoch 37000: 平均誤差 = 0.003599, 最大誤差 = 0.013384
2025-06-15 08:16:04,085 Epoch 38000: 平均誤差 = 0.003554, 最大誤差 = 0.013277
2025-06-15 08:20:39,993 Epoch 39000: 平均誤差 = 0.003625, 最大誤差 = 0.013311
2025-06-15 08:25:16,179 Epoch 40000: 平均誤差 = 0.003875, 最大誤差 = 0.013355
2025-06-15 08:29:51,251 Epoch 41000: 平均誤差 = 0.003446, 最大誤差 = 0.013214
2025-06-15 08:34:28,196 Epoch 42000: 平均誤差 = 0.003513, 最大誤差 = 0.013195
2025-06-15 08:39:04,479 Epoch 43000: 平均誤差 = 0.003581, 最大誤差 = 0.013239
2025-06-15 08:43:40,711 Epoch 44000: 平均誤差 = 0.003485, 最大誤差 = 0.013189
2025-06-15 08:48:17,172 Epoch 45000: 平均誤差 = 0.003380, 最大誤差 = 0.013143
2025-06-15 08:52:51,629 Epoch 46000: 平均誤差 = 0.003304, 最大誤差 = 0.013105
2025-06-15 08:57:27,976 Epoch 47000: 平均誤差 = 0.003476, 最大誤差 = 0.013138
2025-06-15 09:02:05,243 Epoch 48000: 平均誤差 = 0.003135, 最大誤差 = 0.013093
2025-06-15 09:06:41,260 Epoch 49000: 平均誤差 = 0.003453, 最大誤差 = 0.013190
2025-06-15 09:11:17,911 Epoch 50000: 平均誤差 = 0.003237, 最大誤差 = 0.013218
2025-06-15 09:15:54,533 Epoch 51000: 平均誤差 = 0.003312, 最大誤差 = 0.013248
2025-06-15 09:20:31,345 Epoch 52000: 平均誤差 = 0.003353, 最大誤差 = 0.013285
2025-06-15 09:25:08,367 Epoch 53000: 平均誤差 = 0.003223, 最大誤差 = 0.013249
2025-06-15 09:29:45,674 Epoch 54000: 平均誤差 = 0.003380, 最大誤差 = 0.013326
2025-06-15 09:34:21,705 Epoch 55000: 平均誤差 = 0.003714, 最大誤差 = 0.013146
2025-06-15 09:38:57,827 Epoch 56000: 平均誤差 = 0.000857, 最大誤差 = 0.006691
2025-06-15 09:43:34,165 Epoch 57000: 平均誤差 = 0.000817, 最大誤差 = 0.006965
2025-06-15 09:48:10,971 Epoch 58000: 平均誤差 = 0.000971, 最大誤差 = 0.007107
2025-06-15 09:52:46,088 Epoch 59000: 平均誤差 = 0.000880, 最大誤差 = 0.006864
2025-06-15 09:57:23,214 Epoch 60000: 平均誤差 = 0.000805, 最大誤差 = 0.006892
2025-06-15 10:01:59,571 Epoch 61000: 平均誤差 = 0.000757, 最大誤差 = 0.006700
2025-06-15 10:06:34,288 Epoch 62000: 平均誤差 = 0.000708, 最大誤差 = 0.006738
2025-06-15 10:11:11,274 Epoch 63000: 平均誤差 = 0.000485, 最大誤差 = 0.006621
2025-06-15 10:15:47,161 Epoch 64000: 平均誤差 = 0.000580, 最大誤差 = 0.006650
2025-06-15 10:20:24,138 Epoch 65000: 平均誤差 = 0.000682, 最大誤差 = 0.006766
2025-06-15 10:25:01,765 Epoch 66000: 平均誤差 = 0.000693, 最大誤差 = 0.006498
2025-06-15 10:29:38,072 Epoch 67000: 平均誤差 = 0.000432, 最大誤差 = 0.006529
2025-06-15 10:34:13,489 Epoch 68000: 平均誤差 = 0.000773, 最大誤差 = 0.006517
2025-06-15 10:38:47,355 Epoch 69000: 平均誤差 = 0.000544, 最大誤差 = 0.006605
2025-06-15 10:43:23,125 Epoch 70000: 平均誤差 = 0.000754, 最大誤差 = 0.006143
2025-06-15 10:47:58,373 Epoch 71000: 平均誤差 = 0.000529, 最大誤差 = 0.006288
2025-06-15 10:52:32,099 Epoch 72000: 平均誤差 = 0.000577, 最大誤差 = 0.006622
2025-06-15 10:57:11,133 Epoch 73000: 平均誤差 = 0.000393, 最大誤差 = 0.006371
2025-06-15 11:01:47,110 Epoch 74000: 平均誤差 = 0.000713, 最大誤差 = 0.005997
2025-06-15 11:06:21,287 Epoch 75000: 平均誤差 = 0.000530, 最大誤差 = 0.006365
2025-06-15 11:10:56,804 Epoch 76000: 平均誤差 = 0.000491, 最大誤差 = 0.006122
2025-06-15 11:15:31,901 Epoch 77000: 平均誤差 = 0.000381, 最大誤差 = 0.006089
2025-06-15 11:20:05,558 Epoch 78000: 平均誤差 = 0.000370, 最大誤差 = 0.005964
2025-06-15 11:24:41,195 Epoch 79000: 平均誤差 = 0.000556, 最大誤差 = 0.005973
2025-06-15 11:29:14,912 Epoch 80000: 平均誤差 = 0.000619, 最大誤差 = 0.006257
2025-06-15 11:33:49,439 Epoch 81000: 平均誤差 = 0.000630, 最大誤差 = 0.005917
2025-06-15 11:38:23,766 Epoch 82000: 平均誤差 = 0.000539, 最大誤差 = 0.005720
2025-06-15 11:42:59,893 Epoch 83000: 平均誤差 = 0.000576, 最大誤差 = 0.005447
2025-06-15 11:47:35,033 Epoch 84000: 平均誤差 = 0.000655, 最大誤差 = 0.005407
2025-06-15 11:52:05,550 Epoch 85000: 平均誤差 = 0.000763, 最大誤差 = 0.005517
2025-06-15 11:56:11,869 Epoch 86000: 平均誤差 = 0.000317, 最大誤差 = 0.005459
2025-06-15 12:00:21,669 Epoch 87000: 平均誤差 = 0.000324, 最大誤差 = 0.005373
2025-06-15 12:04:31,346 Epoch 88000: 平均誤差 = 0.000375, 最大誤差 = 0.005187
2025-06-15 12:08:40,073 Epoch 89000: 平均誤差 = 0.000439, 最大誤差 = 0.005215
2025-06-15 12:12:49,694 Epoch 90000: 平均誤差 = 0.000594, 最大誤差 = 0.005151
2025-06-15 12:16:58,431 Epoch 91000: 平均誤差 = 0.000614, 最大誤差 = 0.005362
2025-06-15 12:20:45,940 Epoch 92000: 平均誤差 = 0.000445, 最大誤差 = 0.004982
2025-06-15 12:24:22,416 Epoch 93000: 平均誤差 = 0.000468, 最大誤差 = 0.005054
2025-06-15 12:27:58,592 Epoch 94000: 平均誤差 = 0.000582, 最大誤差 = 0.004893
2025-06-15 12:31:35,052 Epoch 95000: 平均誤差 = 0.000450, 最大誤差 = 0.004786
2025-06-15 12:35:09,350 Epoch 96000: 平均誤差 = 0.000451, 最大誤差 = 0.004788
2025-06-15 12:38:41,487 Epoch 97000: 平均誤差 = 0.000414, 最大誤差 = 0.004474
2025-06-15 12:42:14,025 Epoch 98000: 平均誤差 = 0.000549, 最大誤差 = 0.004344
2025-06-15 12:45:46,442 Epoch 99000: 平均誤差 = 0.000508, 最大誤差 = 0.004448
2025-06-15 12:49:01,600 Epoch 100000: 平均誤差 = 0.000494, 最大誤差 = 0.004555
2025-06-15 12:49:01,600 モデルは最大エポック数まで収束条件に達しませんでした。収束条件を満たさず終了しました。
2025-06-15 12:49:01,890 トレーニングデータの再構成誤差（平均）：0.0004943565797612411
2025-06-15 12:49:01,890 トレーニングデータの再構成誤差（最大値）：0.0045548355255349724
2025-06-15 12:49:01,890 閾値を下回りませんでした2回目
2025-06-15 12:49:05,405 -----------------------------------------------------------------------------------------
2025-06-15 12:49:05,405 探索中: units_1_3=27, units_2=10, 試行回数=2, seed値 = 51
2025-06-15 12:53:28,224 Epoch 1000: 平均誤差 = 0.006279, 最大誤差 = 0.024722
2025-06-15 12:57:52,494 Epoch 2000: 平均誤差 = 0.005930, 最大誤差 = 0.025167
2025-06-15 13:02:16,171 Epoch 3000: 平均誤差 = 0.005882, 最大誤差 = 0.025088
2025-06-15 13:06:42,445 Epoch 4000: 平均誤差 = 0.005732, 最大誤差 = 0.025043
2025-06-15 13:11:07,495 Epoch 5000: 平均誤差 = 0.005590, 最大誤差 = 0.024957
2025-06-15 13:15:32,086 Epoch 6000: 平均誤差 = 0.005532, 最大誤差 = 0.024571
2025-06-15 13:19:58,032 Epoch 7000: 平均誤差 = 0.003907, 最大誤差 = 0.013741
2025-06-15 13:24:24,515 Epoch 8000: 平均誤差 = 0.004566, 最大誤差 = 0.014614
2025-06-15 13:28:49,905 Epoch 9000: 平均誤差 = 0.004241, 最大誤差 = 0.015049
2025-06-15 13:33:19,034 Epoch 10000: 平均誤差 = 0.003941, 最大誤差 = 0.015147
2025-06-15 13:37:45,268 Epoch 11000: 平均誤差 = 0.004279, 最大誤差 = 0.014903
2025-06-15 13:42:10,325 Epoch 12000: 平均誤差 = 0.003812, 最大誤差 = 0.014920
2025-06-15 13:46:37,762 Epoch 13000: 平均誤差 = 0.004351, 最大誤差 = 0.014997
2025-06-15 13:51:04,492 Epoch 14000: 平均誤差 = 0.004210, 最大誤差 = 0.014806
2025-06-15 13:55:32,193 Epoch 15000: 平均誤差 = 0.002397, 最大誤差 = 0.006602
2025-06-15 13:59:55,132 Epoch 16000: 平均誤差 = 0.000947, 最大誤差 = 0.005605
2025-06-15 14:04:19,100 Epoch 17000: 平均誤差 = 0.001638, 最大誤差 = 0.005922
2025-06-15 14:08:49,031 Epoch 18000: 平均誤差 = 0.001771, 最大誤差 = 0.005744
2025-06-15 14:13:15,191 Epoch 19000: 平均誤差 = 0.001435, 最大誤差 = 0.005142
2025-06-15 14:17:42,482 Epoch 20000: 平均誤差 = 0.001148, 最大誤差 = 0.004633
2025-06-15 14:22:10,819 Epoch 21000: 平均誤差 = 0.001065, 最大誤差 = 0.004732
2025-06-15 14:26:35,648 Epoch 22000: 平均誤差 = 0.001576, 最大誤差 = 0.004958
2025-06-15 14:31:00,943 Epoch 23000: 平均誤差 = 0.000997, 最大誤差 = 0.005365
2025-06-15 14:35:27,686 Epoch 24000: 平均誤差 = 0.001161, 最大誤差 = 0.005246
2025-06-15 14:39:53,967 Epoch 25000: 平均誤差 = 0.001354, 最大誤差 = 0.005276
2025-06-15 14:44:19,754 Epoch 26000: 平均誤差 = 0.001112, 最大誤差 = 0.005436
2025-06-15 14:48:48,141 Epoch 27000: 平均誤差 = 0.001509, 最大誤差 = 0.005286
2025-06-15 14:53:13,808 Epoch 28000: 平均誤差 = 0.001112, 最大誤差 = 0.005254
2025-06-15 14:57:36,299 Epoch 29000: 平均誤差 = 0.001298, 最大誤差 = 0.005578
2025-06-15 15:02:03,267 Epoch 30000: 平均誤差 = 0.001482, 最大誤差 = 0.005843
2025-06-15 15:06:28,155 Epoch 31000: 平均誤差 = 0.000962, 最大誤差 = 0.005374
2025-06-15 15:10:55,526 Epoch 32000: 平均誤差 = 0.001272, 最大誤差 = 0.005807
2025-06-15 15:15:21,080 Epoch 33000: 平均誤差 = 0.001344, 最大誤差 = 0.005084
2025-06-15 15:19:50,233 Epoch 34000: 平均誤差 = 0.001187, 最大誤差 = 0.004707
2025-06-15 15:24:17,953 Epoch 35000: 平均誤差 = 0.001167, 最大誤差 = 0.005167
2025-06-15 15:28:45,682 Epoch 36000: 平均誤差 = 0.000923, 最大誤差 = 0.005187
2025-06-15 15:33:12,025 Epoch 37000: 平均誤差 = 0.000980, 最大誤差 = 0.005399
2025-06-15 15:37:38,178 Epoch 38000: 平均誤差 = 0.000871, 最大誤差 = 0.005285
2025-06-15 15:42:09,125 Epoch 39000: 平均誤差 = 0.000898, 最大誤差 = 0.005519
2025-06-15 15:46:35,872 Epoch 40000: 平均誤差 = 0.000901, 最大誤差 = 0.005369
2025-06-15 15:51:08,349 Epoch 41000: 平均誤差 = 0.001139, 最大誤差 = 0.005847
2025-06-15 15:55:36,260 Epoch 42000: 平均誤差 = 0.001040, 最大誤差 = 0.005846
2025-06-15 16:00:00,445 Epoch 43000: 平均誤差 = 0.001430, 最大誤差 = 0.005660
2025-06-15 16:04:27,699 Epoch 44000: 平均誤差 = 0.000893, 最大誤差 = 0.005748
2025-06-15 16:08:53,126 Epoch 45000: 平均誤差 = 0.000812, 最大誤差 = 0.006076
2025-06-15 16:13:19,102 Epoch 46000: 平均誤差 = 0.000999, 最大誤差 = 0.006024
2025-06-15 16:17:49,631 Epoch 47000: 平均誤差 = 0.000940, 最大誤差 = 0.005594
2025-06-15 16:22:15,168 Epoch 48000: 平均誤差 = 0.000702, 最大誤差 = 0.005284
2025-06-15 16:26:42,500 Epoch 49000: 平均誤差 = 0.000775, 最大誤差 = 0.005200
2025-06-15 16:31:06,961 Epoch 50000: 平均誤差 = 0.000865, 最大誤差 = 0.004968
2025-06-15 16:35:31,377 Epoch 51000: 平均誤差 = 0.000893, 最大誤差 = 0.004512
2025-06-15 16:39:56,014 Epoch 52000: 平均誤差 = 0.000841, 最大誤差 = 0.004962
2025-06-15 16:44:21,374 Epoch 53000: 平均誤差 = 0.000709, 最大誤差 = 0.004465
2025-06-15 16:48:46,146 Epoch 54000: 平均誤差 = 0.001044, 最大誤差 = 0.004438
2025-06-15 16:53:09,330 Epoch 55000: 平均誤差 = 0.000714, 最大誤差 = 0.003949
2025-06-15 16:57:35,331 Epoch 56000: 平均誤差 = 0.000988, 最大誤差 = 0.003873
2025-06-15 17:02:00,049 Epoch 57000: 平均誤差 = 0.000783, 最大誤差 = 0.003952
2025-06-15 17:06:24,107 Epoch 58000: 平均誤差 = 0.000968, 最大誤差 = 0.004202
2025-06-15 17:10:53,514 Epoch 59000: 平均誤差 = 0.001090, 最大誤差 = 0.003857
2025-06-15 17:15:18,389 Epoch 60000: 平均誤差 = 0.000866, 最大誤差 = 0.003710
2025-06-15 17:19:46,056 Epoch 61000: 平均誤差 = 0.000690, 最大誤差 = 0.003707
2025-06-15 17:24:13,860 Epoch 62000: 平均誤差 = 0.000778, 最大誤差 = 0.004009
2025-06-15 17:28:37,920 Epoch 63000: 平均誤差 = 0.000578, 最大誤差 = 0.004092
2025-06-15 17:33:06,249 Epoch 64000: 平均誤差 = 0.000744, 最大誤差 = 0.004305
2025-06-15 17:37:34,639 Epoch 65000: 平均誤差 = 0.001007, 最大誤差 = 0.004128
2025-06-15 17:42:06,138 Epoch 66000: 平均誤差 = 0.000493, 最大誤差 = 0.004002
2025-06-15 17:46:37,301 Epoch 67000: 平均誤差 = 0.000655, 最大誤差 = 0.004254
2025-06-15 17:51:02,802 Epoch 68000: 平均誤差 = 0.000723, 最大誤差 = 0.003877
2025-06-15 17:55:27,741 Epoch 69000: 平均誤差 = 0.000538, 最大誤差 = 0.004059
2025-06-15 18:00:12,119 Epoch 70000: 平均誤差 = 0.000683, 最大誤差 = 0.003744
2025-06-15 18:06:03,546 Epoch 71000: 平均誤差 = 0.000714, 最大誤差 = 0.004420
2025-06-15 18:11:54,979 Epoch 72000: 平均誤差 = 0.000515, 最大誤差 = 0.003973
2025-06-15 18:17:46,885 Epoch 73000: 平均誤差 = 0.000714, 最大誤差 = 0.003940
2025-06-15 18:23:38,351 Epoch 74000: 平均誤差 = 0.000562, 最大誤差 = 0.003988
2025-06-15 18:29:29,608 Epoch 75000: 平均誤差 = 0.000568, 最大誤差 = 0.004146
2025-06-15 18:35:21,163 Epoch 76000: 平均誤差 = 0.000563, 最大誤差 = 0.003908
2025-06-15 18:41:12,408 Epoch 77000: 平均誤差 = 0.000422, 最大誤差 = 0.003716
2025-06-15 18:47:02,724 Epoch 78000: 平均誤差 = 0.000670, 最大誤差 = 0.003521
2025-06-15 18:52:54,072 Epoch 79000: 平均誤差 = 0.000557, 最大誤差 = 0.003416
2025-06-15 18:58:45,386 Epoch 80000: 平均誤差 = 0.000520, 最大誤差 = 0.003517
2025-06-15 19:04:36,932 Epoch 81000: 平均誤差 = 0.000536, 最大誤差 = 0.003426
2025-06-15 19:10:27,008 Epoch 82000: 平均誤差 = 0.000427, 最大誤差 = 0.003516
2025-06-15 19:16:17,678 Epoch 83000: 平均誤差 = 0.000552, 最大誤差 = 0.003345
2025-06-15 19:22:09,549 Epoch 84000: 平均誤差 = 0.000521, 最大誤差 = 0.003350
2025-06-15 19:28:00,015 Epoch 85000: 平均誤差 = 0.000514, 最大誤差 = 0.003201
2025-06-15 19:33:49,761 Epoch 86000: 平均誤差 = 0.000460, 最大誤差 = 0.002945
2025-06-15 19:39:40,737 Epoch 87000: 平均誤差 = 0.000658, 最大誤差 = 0.003179
2025-06-15 19:45:32,294 Epoch 88000: 平均誤差 = 0.000406, 最大誤差 = 0.003063
2025-06-15 19:51:23,669 Epoch 89000: 平均誤差 = 0.000567, 最大誤差 = 0.003223
2025-06-15 19:57:14,874 Epoch 90000: 平均誤差 = 0.000431, 最大誤差 = 0.003177
2025-06-15 20:03:06,530 Epoch 91000: 平均誤差 = 0.000504, 最大誤差 = 0.003090
2025-06-15 20:08:57,736 Epoch 92000: 平均誤差 = 0.000348, 最大誤差 = 0.002936
2025-06-15 20:14:48,478 Epoch 93000: 平均誤差 = 0.000498, 最大誤差 = 0.003074
2025-06-15 20:20:38,920 Epoch 94000: 平均誤差 = 0.000691, 最大誤差 = 0.002746
2025-06-15 20:26:20,284 Epoch 95000: 平均誤差 = 0.000703, 最大誤差 = 0.002884
2025-06-15 20:32:01,550 Epoch 96000: 平均誤差 = 0.000425, 最大誤差 = 0.002683
2025-06-15 20:37:42,559 Epoch 97000: 平均誤差 = 0.000459, 最大誤差 = 0.002480
2025-06-15 20:43:23,702 Epoch 98000: 平均誤差 = 0.000459, 最大誤差 = 0.002514
2025-06-15 20:49:05,330 Epoch 99000: 平均誤差 = 0.000439, 最大誤差 = 0.002458
2025-06-15 20:54:16,104 Epoch 100000: 平均誤差 = 0.000462, 最大誤差 = 0.002784
2025-06-15 20:54:16,104 モデルは最大エポック数まで収束条件に達しませんでした。収束条件を満たさず終了しました。
2025-06-15 20:54:16,424 トレーニングデータの再構成誤差（平均）：0.00046169021762842836
2025-06-15 20:54:16,424 トレーニングデータの再構成誤差（最大値）：0.0027836002991439824
2025-06-15 20:54:16,424 閾値を下回りませんでした2回目
2025-06-15 20:54:57,324 -----------------------------------------------------------------------------------------
2025-06-15 20:54:57,324 探索中: units_1_3=24, units_2=10, 試行回数=2, seed値 = 51
2025-06-15 20:59:25,283 Epoch 1000: 平均誤差 = 0.005382, 最大誤差 = 0.023913
2025-06-15 21:03:55,677 Epoch 2000: 平均誤差 = 0.002227, 最大誤差 = 0.008031
2025-06-15 21:08:29,114 Epoch 3000: 平均誤差 = 0.001754, 最大誤差 = 0.006359
2025-06-15 21:12:57,661 Epoch 4000: 平均誤差 = 0.001776, 最大誤差 = 0.006411
2025-06-15 21:17:28,148 Epoch 5000: 平均誤差 = 0.001716, 最大誤差 = 0.006607
2025-06-15 21:22:00,984 Epoch 6000: 平均誤差 = 0.001936, 最大誤差 = 0.006476
2025-06-15 21:26:34,572 Epoch 7000: 平均誤差 = 0.001342, 最大誤差 = 0.006364
2025-06-15 21:31:07,158 Epoch 8000: 平均誤差 = 0.001739, 最大誤差 = 0.006005
2025-06-15 21:35:39,548 Epoch 9000: 平均誤差 = 0.001545, 最大誤差 = 0.006091
2025-06-15 21:40:12,794 Epoch 10000: 平均誤差 = 0.001455, 最大誤差 = 0.005506
2025-06-15 21:44:46,659 Epoch 11000: 平均誤差 = 0.001937, 最大誤差 = 0.005707
2025-06-15 21:49:20,299 Epoch 12000: 平均誤差 = 0.001245, 最大誤差 = 0.005504
2025-06-15 21:53:53,612 Epoch 13000: 平均誤差 = 0.001260, 最大誤差 = 0.006144
2025-06-15 21:58:25,028 Epoch 14000: 平均誤差 = 0.001442, 最大誤差 = 0.006154
2025-06-15 22:02:57,669 Epoch 15000: 平均誤差 = 0.001209, 最大誤差 = 0.006284
2025-06-15 22:07:26,652 Epoch 16000: 平均誤差 = 0.001664, 最大誤差 = 0.006555
2025-06-15 22:11:58,629 Epoch 17000: 平均誤差 = 0.001291, 最大誤差 = 0.006702
2025-06-15 22:16:28,620 Epoch 18000: 平均誤差 = 0.000861, 最大誤差 = 0.006025
2025-06-15 22:21:02,590 Epoch 19000: 平均誤差 = 0.001069, 最大誤差 = 0.006784
2025-06-15 22:25:35,896 Epoch 20000: 平均誤差 = 0.001079, 最大誤差 = 0.007375
2025-06-15 22:30:05,508 Epoch 21000: 平均誤差 = 0.001011, 最大誤差 = 0.007333
2025-06-15 22:34:33,521 Epoch 22000: 平均誤差 = 0.001117, 最大誤差 = 0.007294
2025-06-15 22:39:02,850 Epoch 23000: 平均誤差 = 0.001328, 最大誤差 = 0.007954
2025-06-15 22:43:30,677 Epoch 24000: 平均誤差 = 0.000928, 最大誤差 = 0.007474
2025-06-15 22:47:59,524 Epoch 25000: 平均誤差 = 0.000739, 最大誤差 = 0.007511
2025-06-15 22:52:30,421 Epoch 26000: 平均誤差 = 0.001196, 最大誤差 = 0.007816
2025-06-15 22:56:59,799 Epoch 27000: 平均誤差 = 0.001037, 最大誤差 = 0.008162
2025-06-15 23:01:29,844 Epoch 28000: 平均誤差 = 0.000739, 最大誤差 = 0.007948
2025-06-15 23:05:58,271 Epoch 29000: 平均誤差 = 0.000766, 最大誤差 = 0.008493
2025-06-15 23:10:31,916 Epoch 30000: 平均誤差 = 0.000635, 最大誤差 = 0.008206
2025-06-15 23:15:05,394 Epoch 31000: 平均誤差 = 0.000790, 最大誤差 = 0.008244
2025-06-15 23:19:37,374 Epoch 32000: 平均誤差 = 0.001033, 最大誤差 = 0.008491
2025-06-15 23:24:06,348 Epoch 33000: 平均誤差 = 0.001007, 最大誤差 = 0.008502
2025-06-15 23:28:38,362 Epoch 34000: 平均誤差 = 0.000744, 最大誤差 = 0.008610
2025-06-15 23:33:08,752 Epoch 35000: 平均誤差 = 0.000591, 最大誤差 = 0.008552
2025-06-15 23:37:37,290 Epoch 36000: 平均誤差 = 0.000824, 最大誤差 = 0.008834
2025-06-15 23:42:11,400 Epoch 37000: 平均誤差 = 0.000721, 最大誤差 = 0.008367
2025-06-15 23:46:44,832 Epoch 38000: 平均誤差 = 0.000580, 最大誤差 = 0.008563
2025-06-15 23:51:17,742 Epoch 39000: 平均誤差 = 0.000728, 最大誤差 = 0.009134
2025-06-15 23:55:47,770 Epoch 40000: 平均誤差 = 0.001071, 最大誤差 = 0.008766
2025-06-16 00:00:19,272 Epoch 41000: 平均誤差 = 0.000586, 最大誤差 = 0.008844
2025-06-16 00:04:51,649 Epoch 42000: 平均誤差 = 0.000996, 最大誤差 = 0.008993
2025-06-16 00:09:19,626 Epoch 43000: 平均誤差 = 0.000670, 最大誤差 = 0.008956
2025-06-16 00:13:48,616 Epoch 44000: 平均誤差 = 0.000602, 最大誤差 = 0.008919
2025-06-16 00:18:22,100 Epoch 45000: 平均誤差 = 0.000515, 最大誤差 = 0.009269
2025-06-16 00:22:51,292 Epoch 46000: 平均誤差 = 0.000745, 最大誤差 = 0.009028
2025-06-16 00:27:19,606 Epoch 47000: 平均誤差 = 0.000803, 最大誤差 = 0.009222
2025-06-16 00:31:50,210 Epoch 48000: 平均誤差 = 0.001006, 最大誤差 = 0.009531
2025-06-16 00:36:21,643 Epoch 49000: 平均誤差 = 0.000885, 最大誤差 = 0.009075
2025-06-16 00:40:51,734 Epoch 50000: 平均誤差 = 0.000724, 最大誤差 = 0.009206
2025-06-16 00:45:25,052 Epoch 51000: 平均誤差 = 0.000869, 最大誤差 = 0.009190
2025-06-16 00:49:59,517 Epoch 52000: 平均誤差 = 0.000492, 最大誤差 = 0.009187
2025-06-16 00:54:34,714 Epoch 53000: 平均誤差 = 0.000790, 最大誤差 = 0.009122
2025-06-16 00:59:08,322 Epoch 54000: 平均誤差 = 0.000606, 最大誤差 = 0.009115
2025-06-16 01:03:39,601 Epoch 55000: 平均誤差 = 0.000464, 最大誤差 = 0.009056
2025-06-16 01:08:12,624 Epoch 56000: 平均誤差 = 0.000447, 最大誤差 = 0.009036
2025-06-16 01:12:44,181 Epoch 57000: 平均誤差 = 0.000857, 最大誤差 = 0.009433
2025-06-16 01:17:15,128 Epoch 58000: 平均誤差 = 0.000978, 最大誤差 = 0.009432
2025-06-16 01:21:48,185 Epoch 59000: 平均誤差 = 0.000963, 最大誤差 = 0.009385
2025-06-16 01:26:21,342 Epoch 60000: 平均誤差 = 0.000714, 最大誤差 = 0.008968
2025-06-16 01:30:54,023 Epoch 61000: 平均誤差 = 0.000888, 最大誤差 = 0.009107
2025-06-16 01:35:26,825 Epoch 62000: 平均誤差 = 0.000566, 最大誤差 = 0.009111
2025-06-16 01:39:56,252 Epoch 63000: 平均誤差 = 0.000630, 最大誤差 = 0.008965
2025-06-16 01:44:29,434 Epoch 64000: 平均誤差 = 0.000387, 最大誤差 = 0.009115
2025-06-16 01:48:59,016 Epoch 65000: 平均誤差 = 0.000612, 最大誤差 = 0.009100
2025-06-16 01:53:31,472 Epoch 66000: 平均誤差 = 0.000691, 最大誤差 = 0.009068
2025-06-16 01:58:00,863 Epoch 67000: 平均誤差 = 0.000723, 最大誤差 = 0.009057
2025-06-16 02:02:34,396 Epoch 68000: 平均誤差 = 0.000704, 最大誤差 = 0.009118
2025-06-16 02:07:07,854 Epoch 69000: 平均誤差 = 0.000667, 最大誤差 = 0.008917
2025-06-16 02:11:38,082 Epoch 70000: 平均誤差 = 0.000480, 最大誤差 = 0.009007
2025-06-16 02:16:06,366 Epoch 71000: 平均誤差 = 0.000643, 最大誤差 = 0.009024
2025-06-16 02:20:34,223 Epoch 72000: 平均誤差 = 0.000797, 最大誤差 = 0.009255
2025-06-16 02:25:05,394 Epoch 73000: 平均誤差 = 0.000577, 最大誤差 = 0.009088
2025-06-16 02:29:34,798 Epoch 74000: 平均誤差 = 0.000769, 最大誤差 = 0.009032
2025-06-16 02:34:08,026 Epoch 75000: 平均誤差 = 0.000699, 最大誤差 = 0.008976
2025-06-16 02:38:40,740 Epoch 76000: 平均誤差 = 0.000324, 最大誤差 = 0.008967
2025-06-16 02:43:13,099 Epoch 77000: 平均誤差 = 0.000633, 最大誤差 = 0.008815
2025-06-16 02:47:42,064 Epoch 78000: 平均誤差 = 0.000603, 最大誤差 = 0.008747
2025-06-16 02:52:14,974 Epoch 79000: 平均誤差 = 0.000737, 最大誤差 = 0.008665
2025-06-16 02:56:44,358 Epoch 80000: 平均誤差 = 0.000444, 最大誤差 = 0.008805
2025-06-16 03:01:14,317 Epoch 81000: 平均誤差 = 0.000822, 最大誤差 = 0.008861
2025-06-16 03:05:43,881 Epoch 82000: 平均誤差 = 0.000932, 最大誤差 = 0.008675
2025-06-16 03:10:12,528 Epoch 83000: 平均誤差 = 0.000353, 最大誤差 = 0.008762
2025-06-16 03:14:44,667 Epoch 84000: 平均誤差 = 0.000474, 最大誤差 = 0.008669
2025-06-16 03:19:14,529 Epoch 85000: 平均誤差 = 0.000517, 最大誤差 = 0.008742
2025-06-16 03:23:42,149 Epoch 86000: 平均誤差 = 0.000799, 最大誤差 = 0.008851
2025-06-16 03:28:10,695 Epoch 87000: 平均誤差 = 0.000477, 最大誤差 = 0.008856
2025-06-16 03:32:39,147 Epoch 88000: 平均誤差 = 0.000542, 最大誤差 = 0.008794
2025-06-16 03:36:54,610 Epoch 89000: 平均誤差 = 0.000612, 最大誤差 = 0.008518
2025-06-16 03:41:01,238 Epoch 90000: 平均誤差 = 0.000523, 最大誤差 = 0.008473
2025-06-16 03:45:08,333 Epoch 91000: 平均誤差 = 0.000603, 最大誤差 = 0.008497
2025-06-16 03:49:15,520 Epoch 92000: 平均誤差 = 0.000588, 最大誤差 = 0.008767
2025-06-16 03:53:22,540 Epoch 93000: 平均誤差 = 0.000742, 最大誤差 = 0.008363
2025-06-16 03:57:29,767 Epoch 94000: 平均誤差 = 0.000437, 最大誤差 = 0.008413
2025-06-16 04:01:37,082 Epoch 95000: 平均誤差 = 0.000630, 最大誤差 = 0.008562
2025-06-16 04:05:43,589 Epoch 96000: 平均誤差 = 0.000591, 最大誤差 = 0.008361
2025-06-16 04:09:49,906 Epoch 97000: 平均誤差 = 0.000498, 最大誤差 = 0.008732
2025-06-16 04:13:56,063 Epoch 98000: 平均誤差 = 0.000487, 最大誤差 = 0.008439
2025-06-16 04:18:03,390 Epoch 99000: 平均誤差 = 0.000457, 最大誤差 = 0.008451
2025-06-16 04:21:51,895 Epoch 100000: 平均誤差 = 0.000371, 最大誤差 = 0.008291
2025-06-16 04:21:51,898 モデルは最大エポック数まで収束条件に達しませんでした。収束条件を満たさず終了しました。
2025-06-16 04:21:52,217 トレーニングデータの再構成誤差（平均）：0.00037056554157729196
2025-06-16 04:21:52,217 トレーニングデータの再構成誤差（最大値）：0.008290675055610406
2025-06-16 04:21:52,217 閾値を下回りませんでした2回目
2025-06-16 04:25:03,838 -----------------------------------------------------------------------------------------
2025-06-16 04:25:03,838 探索中: units_1_3=23, units_2=10, 試行回数=2, seed値 = 51
2025-06-16 04:29:29,498 Epoch 1000: 平均誤差 = 0.006097, 最大誤差 = 0.047842
2025-06-16 04:34:00,249 Epoch 2000: 平均誤差 = 0.005127, 最大誤差 = 0.045649
2025-06-16 04:38:30,616 Epoch 3000: 平均誤差 = 0.005142, 最大誤差 = 0.044795
2025-06-16 04:42:59,172 Epoch 4000: 平均誤差 = 0.005276, 最大誤差 = 0.044177
2025-06-16 04:47:27,033 Epoch 5000: 平均誤差 = 0.005585, 最大誤差 = 0.043766
2025-06-16 04:51:55,026 Epoch 6000: 平均誤差 = 0.005608, 最大誤差 = 0.043374
2025-06-16 04:56:27,008 Epoch 7000: 平均誤差 = 0.005598, 最大誤差 = 0.043115
2025-06-16 05:01:00,336 Epoch 8000: 平均誤差 = 0.005560, 最大誤差 = 0.042809
2025-06-16 05:05:31,279 Epoch 9000: 平均誤差 = 0.005252, 最大誤差 = 0.042409
2025-06-16 05:09:59,508 Epoch 10000: 平均誤差 = 0.005366, 最大誤差 = 0.041922
2025-06-16 05:14:27,290 Epoch 11000: 平均誤差 = 0.005309, 最大誤差 = 0.041304
2025-06-16 05:18:55,757 Epoch 12000: 平均誤差 = 0.005249, 最大誤差 = 0.040580
2025-06-16 05:23:23,694 Epoch 13000: 平均誤差 = 0.005189, 最大誤差 = 0.039799
2025-06-16 05:27:52,231 Epoch 14000: 平均誤差 = 0.005157, 最大誤差 = 0.039004
2025-06-16 05:32:21,193 Epoch 15000: 平均誤差 = 0.005106, 最大誤差 = 0.038100
2025-06-16 05:36:50,875 Epoch 16000: 平均誤差 = 0.005048, 最大誤差 = 0.037074
2025-06-16 05:41:24,364 Epoch 17000: 平均誤差 = 0.004987, 最大誤差 = 0.035955
2025-06-16 05:45:56,428 Epoch 18000: 平均誤差 = 0.004944, 最大誤差 = 0.034855
2025-06-16 05:50:23,985 Epoch 19000: 平均誤差 = 0.004918, 最大誤差 = 0.033865
2025-06-16 05:54:55,678 Epoch 20000: 平均誤差 = 0.004909, 最大誤差 = 0.033012
2025-06-16 05:59:23,073 Epoch 21000: 平均誤差 = 0.004900, 最大誤差 = 0.032322
2025-06-16 06:03:51,189 Epoch 22000: 平均誤差 = 0.004882, 最大誤差 = 0.031993
2025-06-16 06:08:19,897 Epoch 23000: 平均誤差 = 0.004850, 最大誤差 = 0.031874
2025-06-16 06:12:48,169 Epoch 24000: 平均誤差 = 0.004823, 最大誤差 = 0.031804
2025-06-16 06:17:16,376 Epoch 25000: 平均誤差 = 0.004792, 最大誤差 = 0.031771
2025-06-16 06:21:45,573 Epoch 26000: 平均誤差 = 0.004789, 最大誤差 = 0.031791
2025-06-16 06:26:13,411 Epoch 27000: 平均誤差 = 0.004795, 最大誤差 = 0.031927
2025-06-16 06:30:41,076 Epoch 28000: 平均誤差 = 0.004801, 最大誤差 = 0.032076
2025-06-16 06:35:09,318 Epoch 29000: 平均誤差 = 0.004806, 最大誤差 = 0.032123
2025-06-16 06:39:38,300 Epoch 30000: 平均誤差 = 0.004811, 最大誤差 = 0.031995
2025-06-16 06:44:06,367 Epoch 31000: 平均誤差 = 0.004810, 最大誤差 = 0.031695
2025-06-16 06:48:34,444 Epoch 32000: 平均誤差 = 0.004809, 最大誤差 = 0.031327
2025-06-16 06:53:02,931 Epoch 33000: 平均誤差 = 0.004805, 最大誤差 = 0.030996
2025-06-16 06:57:32,217 Epoch 34000: 平均誤差 = 0.004791, 最大誤差 = 0.030712
2025-06-16 07:02:00,534 Epoch 35000: 平均誤差 = 0.004758, 最大誤差 = 0.030436
2025-06-16 07:06:28,452 Epoch 36000: 平均誤差 = 0.004707, 最大誤差 = 0.030118
2025-06-16 07:11:00,347 Epoch 37000: 平均誤差 = 0.004620, 最大誤差 = 0.029673
2025-06-16 07:15:28,204 Epoch 38000: 平均誤差 = 0.004566, 最大誤差 = 0.029296
2025-06-16 07:19:56,055 Epoch 39000: 平均誤差 = 0.004519, 最大誤差 = 0.029093
2025-06-16 07:24:23,733 Epoch 40000: 平均誤差 = 0.004499, 最大誤差 = 0.028835
2025-06-16 07:28:51,145 Epoch 41000: 平均誤差 = 0.004477, 最大誤差 = 0.028449
2025-06-16 07:33:19,557 Epoch 42000: 平均誤差 = 0.004446, 最大誤差 = 0.027930
2025-06-16 07:37:48,704 Epoch 43000: 平均誤差 = 0.004419, 最大誤差 = 0.027301
2025-06-16 07:42:17,666 Epoch 44000: 平均誤差 = 0.004408, 最大誤差 = 0.026594
2025-06-16 07:46:49,428 Epoch 45000: 平均誤差 = 0.004405, 最大誤差 = 0.025858
2025-06-16 07:51:22,229 Epoch 46000: 平均誤差 = 0.004409, 最大誤差 = 0.025145
2025-06-16 07:55:55,046 Epoch 47000: 平均誤差 = 0.004410, 最大誤差 = 0.024489
2025-06-16 08:00:22,663 Epoch 48000: 平均誤差 = 0.004411, 最大誤差 = 0.023874
2025-06-16 08:04:51,310 Epoch 49000: 平均誤差 = 0.004411, 最大誤差 = 0.023302
2025-06-16 08:09:19,920 Epoch 50000: 平均誤差 = 0.004411, 最大誤差 = 0.022768
2025-06-16 08:13:49,265 Epoch 51000: 平均誤差 = 0.004411, 最大誤差 = 0.022267
2025-06-16 08:18:20,560 Epoch 52000: 平均誤差 = 0.004407, 最大誤差 = 0.021792
2025-06-16 08:22:48,877 Epoch 53000: 平均誤差 = 0.004401, 最大誤差 = 0.021557
2025-06-16 08:27:18,434 Epoch 54000: 平均誤差 = 0.004390, 最大誤差 = 0.021382
2025-06-16 08:31:48,228 Epoch 55000: 平均誤差 = 0.004387, 最大誤差 = 0.021215
2025-06-16 08:36:21,341 Epoch 56000: 平均誤差 = 0.004385, 最大誤差 = 0.021045
2025-06-16 08:40:51,189 Epoch 57000: 平均誤差 = 0.004380, 最大誤差 = 0.020866
2025-06-16 08:45:18,591 Epoch 58000: 平均誤差 = 0.004376, 最大誤差 = 0.020695
2025-06-16 08:49:48,838 Epoch 59000: 平均誤差 = 0.004372, 最大誤差 = 0.020541
2025-06-16 08:54:16,290 Epoch 60000: 平均誤差 = 0.004366, 最大誤差 = 0.020398
2025-06-16 08:58:44,251 Epoch 61000: 平均誤差 = 0.004359, 最大誤差 = 0.020272
2025-06-16 09:03:12,118 Epoch 62000: 平均誤差 = 0.004355, 最大誤差 = 0.020256
2025-06-16 09:07:41,895 Epoch 63000: 平均誤差 = 0.004352, 最大誤差 = 0.020248
2025-06-16 09:12:10,722 Epoch 64000: 平均誤差 = 0.004351, 最大誤差 = 0.020248
2025-06-16 09:16:41,983 Epoch 65000: 平均誤差 = 0.004348, 最大誤差 = 0.020250
2025-06-16 09:21:10,662 Epoch 66000: 平均誤差 = 0.004349, 最大誤差 = 0.020255
2025-06-16 09:25:38,125 Epoch 67000: 平均誤差 = 0.004352, 最大誤差 = 0.020259
2025-06-16 09:30:06,189 Epoch 68000: 平均誤差 = 0.004350, 最大誤差 = 0.020258
2025-06-16 09:34:37,386 Epoch 69000: 平均誤差 = 0.004343, 最大誤差 = 0.020252
2025-06-16 09:39:10,903 Epoch 70000: 平均誤差 = 0.004347, 最大誤差 = 0.020252
2025-06-16 09:43:41,760 Epoch 71000: 平均誤差 = 0.004371, 最大誤差 = 0.020268
2025-06-16 09:48:10,647 Epoch 72000: 平均誤差 = 0.004390, 最大誤差 = 0.020278
2025-06-16 09:52:38,514 Epoch 73000: 平均誤差 = 0.004383, 最大誤差 = 0.020262
2025-06-16 09:57:10,710 Epoch 74000: 平均誤差 = 0.004400, 最大誤差 = 0.020275
2025-06-16 10:01:44,637 Epoch 75000: 平均誤差 = 0.004427, 最大誤差 = 0.020294
2025-06-16 10:06:15,915 Epoch 76000: 平均誤差 = 0.004431, 最大誤差 = 0.020289
2025-06-16 10:10:46,794 Epoch 77000: 平均誤差 = 0.004429, 最大誤差 = 0.020287
2025-06-16 10:15:19,838 Epoch 78000: 平均誤差 = 0.004397, 最大誤差 = 0.020272
2025-06-16 10:19:48,937 Epoch 79000: 平均誤差 = 0.004417, 最大誤差 = 0.020301
2025-06-16 10:24:17,396 Epoch 80000: 平均誤差 = 0.004426, 最大誤差 = 0.020311
2025-06-16 10:28:45,403 Epoch 81000: 平均誤差 = 0.004425, 最大誤差 = 0.020315
2025-06-16 10:33:13,915 Epoch 82000: 平均誤差 = 0.004418, 最大誤差 = 0.020317
2025-06-16 10:37:47,742 Epoch 83000: 平均誤差 = 0.004411, 最大誤差 = 0.020314
2025-06-16 10:42:18,245 Epoch 84000: 平均誤差 = 0.004411, 最大誤差 = 0.020392
2025-06-16 10:46:49,315 Epoch 85000: 平均誤差 = 0.004415, 最大誤差 = 0.020622
2025-06-16 10:52:21,881 Epoch 86000: 平均誤差 = 0.004420, 最大誤差 = 0.020909
2025-06-16 10:58:12,557 Epoch 87000: 平均誤差 = 0.004373, 最大誤差 = 0.021804
2025-06-16 11:04:01,713 Epoch 88000: 平均誤差 = 0.003766, 最大誤差 = 0.023969
2025-06-16 11:09:51,392 Epoch 89000: 平均誤差 = 0.003727, 最大誤差 = 0.024490
2025-06-16 11:15:40,926 Epoch 90000: 平均誤差 = 0.003846, 最大誤差 = 0.025068
2025-06-16 11:21:30,200 Epoch 91000: 平均誤差 = 0.003777, 最大誤差 = 0.026070
2025-06-16 11:27:19,107 Epoch 92000: 平均誤差 = 0.003743, 最大誤差 = 0.026642
2025-06-16 11:33:08,592 Epoch 93000: 平均誤差 = 0.003734, 最大誤差 = 0.026980
2025-06-16 11:38:58,038 Epoch 94000: 平均誤差 = 0.003726, 最大誤差 = 0.027182
2025-06-16 11:44:47,144 Epoch 95000: 平均誤差 = 0.003711, 最大誤差 = 0.027208
2025-06-16 11:50:36,892 Epoch 96000: 平均誤差 = 0.003677, 最大誤差 = 0.027208
2025-06-16 11:56:26,346 Epoch 97000: 平均誤差 = 0.003668, 最大誤差 = 0.027203
2025-06-16 12:02:16,352 Epoch 98000: 平均誤差 = 0.003658, 最大誤差 = 0.027196
2025-06-16 12:08:05,787 Epoch 99000: 平均誤差 = 0.003633, 最大誤差 = 0.027145
2025-06-16 12:13:55,004 Epoch 100000: 平均誤差 = 0.003617, 最大誤差 = 0.027061
2025-06-16 12:13:55,004 モデルは最大エポック数まで収束条件に達しませんでした。収束条件を満たさず終了しました。
2025-06-16 12:13:55,569 トレーニングデータの再構成誤差（平均）：0.0036169947300490747
2025-06-16 12:13:55,569 トレーニングデータの再構成誤差（最大値）：0.02706082106509363
2025-06-16 12:13:55,569 閾値を下回りませんでした2回目
2025-06-16 12:21:27,488 -----------------------------------------------------------------------------------------
2025-06-16 12:21:27,488 探索中: units_1_3=24, units_2=9, 試行回数=2, seed値 = 51
2025-06-16 12:27:12,355 Epoch 1000: 平均誤差 = 0.009700, 最大誤差 = 0.065480
2025-06-16 12:33:03,101 Epoch 2000: 平均誤差 = 0.007384, 最大誤差 = 0.039615
2025-06-16 12:38:53,266 Epoch 3000: 平均誤差 = 0.007073, 最大誤差 = 0.046227
2025-06-16 12:44:43,475 Epoch 4000: 平均誤差 = 0.005617, 最大誤差 = 0.044863
2025-06-16 12:50:33,768 Epoch 5000: 平均誤差 = 0.005537, 最大誤差 = 0.043920
2025-06-16 12:56:24,246 Epoch 6000: 平均誤差 = 0.005535, 最大誤差 = 0.043529
2025-06-16 13:02:15,043 Epoch 7000: 平均誤差 = 0.005563, 最大誤差 = 0.043212
2025-06-16 13:08:01,215 Epoch 8000: 平均誤差 = 0.005535, 最大誤差 = 0.042923
2025-06-16 13:13:51,455 Epoch 9000: 平均誤差 = 0.005460, 最大誤差 = 0.042611
2025-06-16 13:19:41,847 Epoch 10000: 平均誤差 = 0.005389, 最大誤差 = 0.042253
2025-06-16 13:25:32,183 Epoch 11000: 平均誤差 = 0.005324, 最大誤差 = 0.041845
2025-06-16 13:31:23,149 Epoch 12000: 平均誤差 = 0.005274, 最大誤差 = 0.041391
2025-06-16 13:37:13,614 Epoch 13000: 平均誤差 = 0.005262, 最大誤差 = 0.040824
2025-06-16 13:43:03,782 Epoch 14000: 平均誤差 = 0.005250, 最大誤差 = 0.040175
2025-06-16 13:48:53,989 Epoch 15000: 平均誤差 = 0.005240, 最大誤差 = 0.039456
2025-06-16 13:54:44,654 Epoch 16000: 平均誤差 = 0.005223, 最大誤差 = 0.038656
2025-06-16 14:00:35,048 Epoch 17000: 平均誤差 = 0.004484, 最大誤差 = 0.018533
2025-06-16 14:06:25,320 Epoch 18000: 平均誤差 = 0.004219, 最大誤差 = 0.014082
2025-06-16 14:12:15,070 Epoch 19000: 平均誤差 = 0.004212, 最大誤差 = 0.014241
2025-06-16 14:18:04,828 Epoch 20000: 平均誤差 = 0.003956, 最大誤差 = 0.014373
2025-06-16 14:23:54,265 Epoch 21000: 平均誤差 = 0.004301, 最大誤差 = 0.014557
2025-06-16 14:29:43,308 Epoch 22000: 平均誤差 = 0.004140, 最大誤差 = 0.014452
2025-06-16 14:35:32,920 Epoch 23000: 平均誤差 = 0.004119, 最大誤差 = 0.014280
2025-06-16 14:41:22,631 Epoch 24000: 平均誤差 = 0.003934, 最大誤差 = 0.014041
2025-06-16 14:47:12,632 Epoch 25000: 平均誤差 = 0.004065, 最大誤差 = 0.014066
2025-06-16 14:53:02,306 Epoch 26000: 平均誤差 = 0.003986, 最大誤差 = 0.014029
2025-06-16 14:58:52,699 Epoch 27000: 平均誤差 = 0.004217, 最大誤差 = 0.014062
2025-06-16 15:04:43,595 Epoch 28000: 平均誤差 = 0.004159, 最大誤差 = 0.013863
2025-06-16 15:10:33,841 Epoch 29000: 平均誤差 = 0.004204, 最大誤差 = 0.013572
2025-06-16 15:16:24,170 Epoch 30000: 平均誤差 = 0.004031, 最大誤差 = 0.013207
2025-06-16 15:22:14,393 Epoch 31000: 平均誤差 = 0.004161, 最大誤差 = 0.013157
2025-06-16 15:28:04,769 Epoch 32000: 平均誤差 = 0.003949, 最大誤差 = 0.013047
2025-06-16 15:33:54,965 Epoch 33000: 平均誤差 = 0.004204, 最大誤差 = 0.013101
2025-06-16 15:39:45,061 Epoch 34000: 平均誤差 = 0.003749, 最大誤差 = 0.012980
2025-06-16 15:45:35,607 Epoch 35000: 平均誤差 = 0.003799, 最大誤差 = 0.012929
2025-06-16 15:51:26,092 Epoch 36000: 平均誤差 = 0.004230, 最大誤差 = 0.013003
2025-06-16 15:57:14,798 Epoch 37000: 平均誤差 = 0.003976, 最大誤差 = 0.012987
2025-06-16 16:03:03,284 Epoch 38000: 平均誤差 = 0.004041, 最大誤差 = 0.012941
2025-06-16 16:08:51,617 Epoch 39000: 平均誤差 = 0.003694, 最大誤差 = 0.012806
2025-06-16 16:14:39,996 Epoch 40000: 平均誤差 = 0.003931, 最大誤差 = 0.012887
2025-06-16 16:19:47,003 Epoch 41000: 平均誤差 = 0.003599, 最大誤差 = 0.012800
2025-06-16 16:24:17,780 Epoch 42000: 平均誤差 = 0.003722, 最大誤差 = 0.012824
2025-06-16 16:28:45,547 Epoch 43000: 平均誤差 = 0.003628, 最大誤差 = 0.012821
2025-06-16 16:33:15,523 Epoch 44000: 平均誤差 = 0.003931, 最大誤差 = 0.012899
2025-06-16 16:37:45,350 Epoch 45000: 平均誤差 = 0.003773, 最大誤差 = 0.012858
2025-06-16 16:42:12,875 Epoch 46000: 平均誤差 = 0.003908, 最大誤差 = 0.012897
2025-06-16 16:46:41,524 Epoch 47000: 平均誤差 = 0.004090, 最大誤差 = 0.012956
2025-06-16 16:51:11,101 Epoch 48000: 平均誤差 = 0.003578, 最大誤差 = 0.012884
2025-06-16 16:55:37,744 Epoch 49000: 平均誤差 = 0.003596, 最大誤差 = 0.012861
2025-06-16 17:00:07,764 Epoch 50000: 平均誤差 = 0.004070, 最大誤差 = 0.013180
2025-06-16 17:04:35,754 Epoch 51000: 平均誤差 = 0.004010, 最大誤差 = 0.012930
2025-06-16 17:09:03,688 Epoch 52000: 平均誤差 = 0.003709, 最大誤差 = 0.013023
2025-06-16 17:13:34,409 Epoch 53000: 平均誤差 = 0.003826, 最大誤差 = 0.013139
2025-06-16 17:18:00,854 Epoch 54000: 平均誤差 = 0.004204, 最大誤差 = 0.013327
2025-06-16 17:22:30,751 Epoch 55000: 平均誤差 = 0.003884, 最大誤差 = 0.013131
2025-06-16 17:26:57,745 Epoch 56000: 平均誤差 = 0.004373, 最大誤差 = 0.013459
2025-06-16 17:31:26,262 Epoch 57000: 平均誤差 = 0.004077, 最大誤差 = 0.013270
2025-06-16 17:35:50,397 Epoch 58000: 平均誤差 = 0.003943, 最大誤差 = 0.013283
2025-06-16 17:41:11,700 Epoch 59000: 平均誤差 = 0.003722, 最大誤差 = 0.013165
2025-06-16 17:46:44,972 Epoch 60000: 平均誤差 = 0.003937, 最大誤差 = 0.013325
2025-06-16 17:52:32,564 Epoch 61000: 平均誤差 = 0.004243, 最大誤差 = 0.013380
2025-06-16 17:58:20,004 Epoch 62000: 平均誤差 = 0.003780, 最大誤差 = 0.013138
2025-06-16 18:04:07,590 Epoch 63000: 平均誤差 = 0.004303, 最大誤差 = 0.013409
2025-06-16 18:09:54,748 Epoch 64000: 平均誤差 = 0.004073, 最大誤差 = 0.013389
2025-06-16 18:15:41,635 Epoch 65000: 平均誤差 = 0.004444, 最大誤差 = 0.013517
2025-06-16 18:21:29,509 Epoch 66000: 平均誤差 = 0.003885, 最大誤差 = 0.013140
2025-06-16 18:27:17,285 Epoch 67000: 平均誤差 = 0.003882, 最大誤差 = 0.013219
2025-06-16 18:33:05,545 Epoch 68000: 平均誤差 = 0.003997, 最大誤差 = 0.013200
2025-06-16 18:38:54,399 Epoch 69000: 平均誤差 = 0.003559, 最大誤差 = 0.012969
2025-06-16 18:44:42,513 Epoch 70000: 平均誤差 = 0.003815, 最大誤差 = 0.013168
2025-06-16 18:50:29,909 Epoch 71000: 平均誤差 = 0.004527, 最大誤差 = 0.013463
2025-06-16 18:56:17,796 Epoch 72000: 平均誤差 = 0.004006, 最大誤差 = 0.013171
2025-06-16 19:02:05,882 Epoch 73000: 平均誤差 = 0.003659, 最大誤差 = 0.013041
2025-06-16 19:07:54,138 Epoch 74000: 平均誤差 = 0.003905, 最大誤差 = 0.013042
2025-06-16 19:13:42,164 Epoch 75000: 平均誤差 = 0.004155, 最大誤差 = 0.013213
2025-06-16 19:19:30,280 Epoch 76000: 平均誤差 = 0.003531, 最大誤差 = 0.013131
2025-06-16 19:25:18,828 Epoch 77000: 平均誤差 = 0.004015, 最大誤差 = 0.013249
2025-06-16 19:31:07,952 Epoch 78000: 平均誤差 = 0.004227, 最大誤差 = 0.013314
2025-06-16 19:36:55,971 Epoch 79000: 平均誤差 = 0.004014, 最大誤差 = 0.013376
2025-06-16 19:42:45,894 Epoch 80000: 平均誤差 = 0.004019, 最大誤差 = 0.013400
2025-06-16 19:48:34,360 Epoch 81000: 平均誤差 = 0.003701, 最大誤差 = 0.013370
2025-06-16 19:54:13,106 Epoch 82000: 平均誤差 = 0.003963, 最大誤差 = 0.013457
2025-06-16 20:00:01,242 Epoch 83000: 平均誤差 = 0.003571, 最大誤差 = 0.013427
2025-06-16 20:05:50,928 Epoch 84000: 平均誤差 = 0.003397, 最大誤差 = 0.013427
2025-06-16 20:11:39,824 Epoch 85000: 平均誤差 = 0.004026, 最大誤差 = 0.013522
2025-06-16 20:17:28,720 Epoch 86000: 平均誤差 = 0.003690, 最大誤差 = 0.013507
2025-06-16 20:23:16,856 Epoch 87000: 平均誤差 = 0.003840, 最大誤差 = 0.013506
2025-06-16 20:29:04,564 Epoch 88000: 平均誤差 = 0.004086, 最大誤差 = 0.013363
2025-06-16 20:34:53,008 Epoch 89000: 平均誤差 = 0.003621, 最大誤差 = 0.013599
2025-06-16 20:40:41,676 Epoch 90000: 平均誤差 = 0.004020, 最大誤差 = 0.014062
2025-06-16 20:46:30,231 Epoch 91000: 平均誤差 = 0.003574, 最大誤差 = 0.014805
2025-06-16 20:52:18,377 Epoch 92000: 平均誤差 = 0.003194, 最大誤差 = 0.021088
2025-06-16 20:58:06,893 Epoch 93000: 平均誤差 = 0.001683, 最大誤差 = 0.034797
2025-06-16 21:03:55,199 Epoch 94000: 平均誤差 = 0.001379, 最大誤差 = 0.029563
2025-06-16 21:09:43,315 Epoch 95000: 平均誤差 = 0.001142, 最大誤差 = 0.026085
2025-06-16 21:15:31,351 Epoch 96000: 平均誤差 = 0.001124, 最大誤差 = 0.021951
2025-06-16 21:21:19,269 Epoch 97000: 平均誤差 = 0.000965, 最大誤差 = 0.016454
2025-06-16 21:27:07,785 Epoch 98000: 平均誤差 = 0.000921, 最大誤差 = 0.014471
2025-06-16 21:32:56,261 Epoch 99000: 平均誤差 = 0.000918, 最大誤差 = 0.014384
2025-06-16 21:38:40,696 Epoch 100000: 平均誤差 = 0.001160, 最大誤差 = 0.014042
2025-06-16 21:38:40,696 モデルは最大エポック数まで収束条件に達しませんでした。収束条件を満たさず終了しました。
2025-06-16 21:38:41,228 トレーニングデータの再構成誤差（平均）：0.0011595026958827583
2025-06-16 21:38:41,228 トレーニングデータの再構成誤差（最大値）：0.014041973810776447
2025-06-16 21:38:41,228 閾値を下回りませんでした2回目
